<?xml version="1.0" encoding="UTF-8"?>
<coverage generated="1623912114840" clover="3.2.0">
  <project timestamp="1623912114840" name="All files">
    <metrics statements="840" coveredstatements="736" conditionals="445" coveredconditionals="320" methods="163" coveredmethods="141" elements="1448" coveredelements="1197" complexity="0" loc="840" ncloc="840" packages="9" files="13" classes="13"/>
    <package name="components.BlockIcon">
      <metrics statements="2" coveredstatements="2" conditionals="0" coveredconditionals="0" methods="1" coveredmethods="1"/>
      <file name="index.js" path="/home/renzhaozhao/Product/next/gaia/apps/communications/src/components/BlockIcon/index.js">
        <metrics statements="2" coveredstatements="2" conditionals="0" coveredconditionals="0" methods="1" coveredmethods="1"/>
        <line num="6" count="2" type="stmt"/>
        <line num="7" count="3" type="stmt"/>
      </file>
    </package>
    <package name="components.CallIcon">
      <metrics statements="12" coveredstatements="12" conditionals="6" coveredconditionals="6" methods="2" coveredmethods="2"/>
      <file name="Badge.js" path="/home/renzhaozhao/Product/next/gaia/apps/communications/src/components/CallIcon/Badge.js">
        <metrics statements="9" coveredstatements="9" conditionals="6" coveredconditionals="6" methods="1" coveredmethods="1"/>
        <line num="5" count="6" type="stmt"/>
        <line num="6" count="75" type="stmt"/>
        <line num="8" count="75" type="cond" truecount="2" falsecount="0"/>
        <line num="9" count="73" type="stmt"/>
        <line num="66" count="75" type="cond" truecount="2" falsecount="0"/>
        <line num="67" count="2" type="cond" truecount="2" falsecount="0"/>
        <line num="68" count="1" type="stmt"/>
        <line num="135" count="1" type="stmt"/>
        <line num="217" count="75" type="stmt"/>
      </file>
      <file name="index.js" path="/home/renzhaozhao/Product/next/gaia/apps/communications/src/components/CallIcon/index.js">
        <metrics statements="3" coveredstatements="3" conditionals="0" coveredconditionals="0" methods="1" coveredmethods="1"/>
        <line num="5" count="6" type="stmt"/>
        <line num="6" count="75" type="stmt"/>
        <line num="13" count="75" type="stmt"/>
      </file>
    </package>
    <package name="components.Dialog">
      <metrics statements="15" coveredstatements="15" conditionals="7" coveredconditionals="7" methods="6" coveredmethods="6"/>
      <file name="index.js" path="/home/renzhaozhao/Product/next/gaia/apps/communications/src/components/Dialog/index.js">
        <metrics statements="15" coveredstatements="15" conditionals="7" coveredconditionals="7" methods="6" coveredmethods="6"/>
        <line num="7" count="3" type="stmt"/>
        <line num="9" count="3" type="stmt"/>
        <line num="13" count="3" type="stmt"/>
        <line num="14" count="3" type="cond" truecount="5" falsecount="0"/>
        <line num="15" count="2" type="stmt"/>
        <line num="18" count="1" type="stmt"/>
        <line num="21" count="1" type="stmt"/>
        <line num="22" count="1" type="stmt"/>
        <line num="25" count="2" type="stmt"/>
        <line num="29" count="3" type="stmt"/>
        <line num="30" count="1" type="stmt"/>
        <line num="32" count="1" type="stmt"/>
        <line num="36" count="6" type="stmt"/>
        <line num="37" count="6" type="stmt"/>
        <line num="39" count="6" type="cond" truecount="2" falsecount="0"/>
      </file>
    </package>
    <package name="components.OptionMenu">
      <metrics statements="14" coveredstatements="14" conditionals="10" coveredconditionals="7" methods="5" coveredmethods="5"/>
      <file name="index.js" path="/home/renzhaozhao/Product/next/gaia/apps/communications/src/components/OptionMenu/index.js">
        <metrics statements="14" coveredstatements="14" conditionals="10" coveredconditionals="7" methods="5" coveredmethods="5"/>
        <line num="7" count="3" type="stmt"/>
        <line num="9" count="3" type="stmt"/>
        <line num="13" count="2" type="cond" truecount="0" falsecount="1"/>
        <line num="16" count="2" type="cond" truecount="4" falsecount="1"/>
        <line num="17" count="2" type="cond" truecount="1" falsecount="1"/>
        <line num="18" count="2" type="stmt"/>
        <line num="21" count="2" type="stmt"/>
        <line num="22" count="2" type="stmt"/>
        <line num="25" count="2" type="stmt"/>
        <line num="28" count="2" type="stmt"/>
        <line num="29" count="2" type="stmt"/>
        <line num="35" count="5" type="stmt"/>
        <line num="36" count="5" type="stmt"/>
        <line num="38" count="4" type="cond" truecount="2" falsecount="0"/>
      </file>
    </package>
    <package name="components.Tab">
      <metrics statements="49" coveredstatements="40" conditionals="31" coveredconditionals="19" methods="7" coveredmethods="7"/>
      <file name="index.js" path="/home/renzhaozhao/Product/next/gaia/apps/communications/src/components/Tab/index.js">
        <metrics statements="49" coveredstatements="40" conditionals="31" coveredconditionals="19" methods="7" coveredmethods="7"/>
        <line num="5" count="4" type="stmt"/>
        <line num="9" count="9" type="stmt"/>
        <line num="10" count="9" type="stmt"/>
        <line num="14" count="9" type="stmt"/>
        <line num="15" count="9" type="cond" truecount="1" falsecount="1"/>
        <line num="16" count="9" type="stmt"/>
        <line num="21" count="12" type="stmt"/>
        <line num="25" count="12" type="stmt"/>
        <line num="26" count="12" type="stmt"/>
        <line num="27" count="12" type="stmt"/>
        <line num="29" count="12" type="stmt"/>
        <line num="30" count="12" type="stmt"/>
        <line num="31" count="12" type="stmt"/>
        <line num="32" count="12" type="stmt"/>
        <line num="33" count="12" type="stmt"/>
        <line num="34" count="12" type="stmt"/>
        <line num="35" count="12" type="stmt"/>
        <line num="36" count="12" type="stmt"/>
        <line num="38" count="12" type="cond" truecount="2" falsecount="0"/>
        <line num="39" count="3" type="stmt"/>
        <line num="40" count="9" type="cond" truecount="2" falsecount="0"/>
        <line num="41" count="2" type="cond" truecount="1" falsecount="1"/>
        <line num="44" count="2" type="cond" truecount="1" falsecount="1"/>
        <line num="45" count="0" type="stmt"/>
        <line num="47" count="2" type="stmt"/>
        <line num="50" count="0" type="stmt"/>
        <line num="57" count="7" type="stmt"/>
        <line num="58" count="7" type="stmt"/>
        <line num="59" count="7" type="cond" truecount="2" falsecount="0"/>
        <line num="60" count="4" type="cond" truecount="3" falsecount="1"/>
        <line num="63" count="0" type="stmt"/>
        <line num="64" count="4" type="cond" truecount="2" falsecount="2"/>
        <line num="66" count="0" type="stmt"/>
        <line num="67" count="4" type="cond" truecount="2" falsecount="2"/>
        <line num="70" count="0" type="stmt"/>
        <line num="73" count="3" type="stmt"/>
        <line num="74" count="3" type="cond" truecount="1" falsecount="1"/>
        <line num="75" count="0" type="cond" truecount="0" falsecount="2"/>
        <line num="76" count="0" type="stmt"/>
        <line num="77" count="0" type="stmt"/>
        <line num="79" count="0" type="stmt"/>
        <line num="84" count="12" type="stmt"/>
        <line num="88" count="21" type="cond" truecount="0" falsecount="1"/>
        <line num="89" count="21" type="stmt"/>
        <line num="90" count="84" type="cond" truecount="2" falsecount="0"/>
        <line num="91" count="84" type="stmt"/>
        <line num="107" count="21" type="stmt"/>
        <line num="112" count="42" type="stmt"/>
        <line num="120" count="4" type="stmt"/>
      </file>
    </package>
    <package name="router">
      <metrics statements="7" coveredstatements="6" conditionals="0" coveredconditionals="0" methods="3" coveredmethods="2"/>
      <file name="index.js" path="/home/renzhaozhao/Product/next/gaia/apps/communications/src/router/index.js">
        <metrics statements="7" coveredstatements="6" conditionals="0" coveredconditionals="0" methods="3" coveredmethods="2"/>
        <line num="18" count="1" type="stmt"/>
        <line num="19" count="1" type="stmt"/>
        <line num="22" count="1" type="stmt"/>
        <line num="23" count="1" type="stmt"/>
        <line num="27" count="1" type="stmt"/>
        <line num="28" count="0" type="stmt"/>
        <line num="32" count="1" type="stmt"/>
      </file>
    </package>
    <package name="views.calllogInfor">
      <metrics statements="125" coveredstatements="103" conditionals="80" coveredconditionals="53" methods="23" coveredmethods="19"/>
      <file name="calllog_info_view.js" path="/home/renzhaozhao/Product/next/gaia/apps/communications/src/views/calllogInfor/calllog_info_view.js">
        <metrics statements="125" coveredstatements="103" conditionals="80" coveredconditionals="53" methods="23" coveredmethods="19"/>
        <line num="23" count="1" type="stmt"/>
        <line num="27" count="2" type="stmt"/>
        <line num="28" count="2" type="stmt"/>
        <line num="30" count="2" type="stmt"/>
        <line num="31" count="2" type="stmt"/>
        <line num="32" count="2" type="stmt"/>
        <line num="35" count="2" type="stmt"/>
        <line num="36" count="2" type="stmt"/>
        <line num="40" count="2" type="stmt"/>
        <line num="41" count="2" type="stmt"/>
        <line num="42" count="2" type="stmt"/>
        <line num="43" count="2" type="cond" truecount="1" falsecount="1"/>
        <line num="44" count="2" type="stmt"/>
        <line num="45" count="2" type="stmt"/>
        <line num="46" count="2" type="stmt"/>
        <line num="53" count="3" type="stmt"/>
        <line num="57" count="2" type="stmt"/>
        <line num="61" count="5" type="stmt"/>
        <line num="62" count="5" type="stmt"/>
        <line num="63" count="5" type="cond" truecount="5" falsecount="1"/>
        <line num="65" count="1" type="stmt"/>
        <line num="66" count="1" type="stmt"/>
        <line num="67" count="1" type="stmt"/>
        <line num="70" count="1" type="stmt"/>
        <line num="71" count="1" type="stmt"/>
        <line num="72" count="1" type="stmt"/>
        <line num="73" count="1" type="stmt"/>
        <line num="75" count="1" type="stmt"/>
        <line num="76" count="1" type="cond" truecount="1" falsecount="1"/>
        <line num="77" count="0" type="stmt"/>
        <line num="79" count="1" type="cond" truecount="1" falsecount="1"/>
        <line num="80" count="1" type="stmt"/>
        <line num="82" count="1" type="stmt"/>
        <line num="83" count="1" type="stmt"/>
        <line num="85" count="1" type="stmt"/>
        <line num="86" count="1" type="stmt"/>
        <line num="88" count="1" type="stmt"/>
        <line num="89" count="1" type="stmt"/>
        <line num="91" count="1" type="stmt"/>
        <line num="92" count="1" type="stmt"/>
        <line num="96" count="2" type="stmt"/>
        <line num="97" count="3" type="stmt"/>
        <line num="98" count="3" type="cond" truecount="5" falsecount="0"/>
        <line num="99" count="2" type="stmt"/>
        <line num="104" count="1" type="stmt"/>
        <line num="105" count="1" type="cond" truecount="1" falsecount="1"/>
        <line num="106" count="0" type="stmt"/>
        <line num="107" count="0" type="stmt"/>
        <line num="111" count="1" type="stmt"/>
        <line num="112" count="1" type="stmt"/>
        <line num="113" count="1" type="stmt"/>
        <line num="116" count="1" type="cond" truecount="1" falsecount="1"/>
        <line num="120" count="0" type="stmt"/>
        <line num="121" count="0" type="stmt"/>
        <line num="126" count="0" type="cond" truecount="0" falsecount="2"/>
        <line num="127" count="0" type="stmt"/>
        <line num="130" count="0" type="stmt"/>
        <line num="132" count="0" type="stmt"/>
        <line num="133" count="0" type="stmt"/>
        <line num="136" count="0" type="stmt"/>
        <line num="141" count="1" type="stmt"/>
        <line num="142" count="1" type="cond" truecount="1" falsecount="1"/>
        <line num="143" count="0" type="stmt"/>
        <line num="146" count="1" type="stmt"/>
        <line num="154" count="1" type="stmt"/>
        <line num="155" count="1" type="stmt"/>
        <line num="157" count="1" type="stmt"/>
        <line num="158" count="1" type="stmt"/>
        <line num="161" count="0" type="stmt"/>
        <line num="165" count="1" type="stmt"/>
        <line num="172" count="5" type="stmt"/>
        <line num="173" count="5" type="stmt"/>
        <line num="175" count="5" type="cond" truecount="3" falsecount="1"/>
        <line num="176" count="5" type="stmt"/>
        <line num="186" count="0" type="stmt"/>
        <line num="207" count="5" type="stmt"/>
        <line num="208" count="5" type="stmt"/>
        <line num="210" count="5" type="stmt"/>
        <line num="211" count="5" type="stmt"/>
        <line num="212" count="5" type="stmt"/>
        <line num="214" count="5" type="cond" truecount="2" falsecount="2"/>
        <line num="215" count="0" type="stmt"/>
        <line num="216" count="0" type="stmt"/>
        <line num="217" count="5" type="cond" truecount="2" falsecount="0"/>
        <line num="218" count="2" type="stmt"/>
        <line num="221" count="5" type="cond" truecount="1" falsecount="1"/>
        <line num="223" count="5" type="stmt"/>
        <line num="224" count="5" type="cond" truecount="1" falsecount="1"/>
        <line num="225" count="5" type="stmt"/>
        <line num="230" count="5" type="cond" truecount="2" falsecount="0"/>
        <line num="232" count="5" type="stmt"/>
        <line num="234" count="5" type="cond" truecount="5" falsecount="0"/>
        <line num="235" count="2" type="cond" truecount="1" falsecount="1"/>
        <line num="241" count="2" type="stmt"/>
        <line num="242" count="3" type="cond" truecount="1" falsecount="1"/>
        <line num="247" count="0" type="stmt"/>
        <line num="252" count="0" type="stmt"/>
        <line num="265" count="5" type="stmt"/>
        <line num="266" count="5" type="cond" truecount="2" falsecount="0"/>
        <line num="267" count="2" type="stmt"/>
        <line num="268" count="3" type="cond" truecount="1" falsecount="1"/>
        <line num="269" count="0" type="stmt"/>
        <line num="271" count="3" type="stmt"/>
        <line num="274" count="5" type="cond" truecount="4" falsecount="0"/>
        <line num="276" count="5" type="stmt"/>
        <line num="277" count="5" type="cond" truecount="1" falsecount="1"/>
        <line num="278" count="10" type="stmt"/>
        <line num="279" count="10" type="stmt"/>
        <line num="285" count="10" type="cond" truecount="1" falsecount="1"/>
        <line num="291" count="10" type="stmt"/>
        <line num="311" count="5" type="stmt"/>
        <line num="315" count="10" type="stmt"/>
        <line num="316" count="5" type="stmt"/>
        <line num="345" count="1" type="stmt"/>
        <line num="346" count="10" type="stmt"/>
        <line num="347" count="10" type="stmt"/>
        <line num="348" count="10" type="stmt"/>
        <line num="350" count="10" type="stmt"/>
        <line num="351" count="10" type="cond" truecount="1" falsecount="1"/>
        <line num="352" count="0" type="stmt"/>
        <line num="354" count="10" type="cond" truecount="1" falsecount="1"/>
        <line num="355" count="0" type="stmt"/>
        <line num="357" count="10" type="cond" truecount="1" falsecount="1"/>
        <line num="358" count="0" type="stmt"/>
        <line num="360" count="10" type="stmt"/>
      </file>
    </package>
    <package name="views.calllogList">
      <metrics statements="490" coveredstatements="435" conditionals="257" coveredconditionals="193" methods="80" coveredmethods="73"/>
      <file name="calllog_list.js" path="/home/renzhaozhao/Product/next/gaia/apps/communications/src/views/calllogList/calllog_list.js">
        <metrics statements="100" coveredstatements="84" conditionals="30" coveredconditionals="15" methods="24" coveredmethods="22"/>
        <line num="13" count="8" type="stmt"/>
        <line num="14" count="8" type="stmt"/>
        <line num="15" count="8" type="stmt"/>
        <line num="16" count="8" type="stmt"/>
        <line num="17" count="8" type="stmt"/>
        <line num="18" count="8" type="stmt"/>
        <line num="19" count="8" type="stmt"/>
        <line num="20" count="8" type="stmt"/>
        <line num="21" count="8" type="stmt"/>
        <line num="22" count="8" type="stmt"/>
        <line num="29" count="8" type="stmt"/>
        <line num="30" count="8" type="stmt"/>
        <line num="33" count="8" type="stmt"/>
        <line num="38" count="16" type="stmt"/>
        <line num="39" count="16" type="stmt"/>
        <line num="40" count="16" type="stmt"/>
        <line num="41" count="16" type="stmt"/>
        <line num="42" count="16" type="cond" truecount="2" falsecount="0"/>
        <line num="43" count="9" type="stmt"/>
        <line num="45" count="16" type="cond" truecount="1" falsecount="1"/>
        <line num="46" count="0" type="cond" truecount="0" falsecount="2"/>
        <line num="47" count="0" type="stmt"/>
        <line num="48" count="0" type="cond" truecount="0" falsecount="2"/>
        <line num="50" count="0" type="stmt"/>
        <line num="53" count="0" type="stmt"/>
        <line num="58" count="16" type="stmt"/>
        <line num="59" count="16" type="stmt"/>
        <line num="62" count="8" type="stmt"/>
        <line num="63" count="1" type="stmt"/>
        <line num="64" count="1" type="stmt"/>
        <line num="65" count="1" type="stmt"/>
        <line num="66" count="1" type="stmt"/>
        <line num="68" count="5" type="stmt"/>
        <line num="72" count="1" type="stmt"/>
        <line num="78" count="1" type="cond" truecount="1" falsecount="1"/>
        <line num="79" count="1" type="stmt"/>
        <line num="84" count="1" type="stmt"/>
        <line num="87" count="1" type="stmt"/>
        <line num="88" count="5" type="stmt"/>
        <line num="92" count="5" type="stmt"/>
        <line num="93" count="5" type="stmt"/>
        <line num="97" count="5" type="cond" truecount="2" falsecount="0"/>
        <line num="102" count="1" type="stmt"/>
        <line num="109" count="1" type="stmt"/>
        <line num="110" count="1" type="stmt"/>
        <line num="111" count="1" type="stmt"/>
        <line num="118" count="1" type="stmt"/>
        <line num="128" count="1" type="stmt"/>
        <line num="141" count="1" type="stmt"/>
        <line num="153" count="1" type="stmt"/>
        <line num="157" count="57" type="stmt"/>
        <line num="158" count="57" type="cond" truecount="1" falsecount="1"/>
        <line num="162" count="0" type="stmt"/>
        <line num="165" count="57" type="stmt"/>
        <line num="169" count="24" type="stmt"/>
        <line num="170" count="24" type="stmt"/>
        <line num="176" count="24" type="stmt"/>
        <line num="177" count="24" type="stmt"/>
        <line num="178" count="57" type="stmt"/>
        <line num="179" count="57" type="cond" truecount="1" falsecount="1"/>
        <line num="180" count="57" type="stmt"/>
        <line num="183" count="57" type="stmt"/>
        <line num="187" count="24" type="stmt"/>
        <line num="188" count="24" type="stmt"/>
        <line num="189" count="24" type="stmt"/>
        <line num="190" count="24" type="stmt"/>
        <line num="191" count="24" type="stmt"/>
        <line num="192" count="24" type="stmt"/>
        <line num="193" count="57" type="stmt"/>
        <line num="194" count="57" type="stmt"/>
        <line num="195" count="57" type="stmt"/>
        <line num="196" count="57" type="stmt"/>
        <line num="197" count="57" type="stmt"/>
        <line num="198" count="57" type="cond" truecount="1" falsecount="1"/>
        <line num="199" count="0" type="cond" truecount="0" falsecount="2"/>
        <line num="200" count="0" type="stmt"/>
        <line num="202" count="0" type="stmt"/>
        <line num="205" count="57" type="stmt"/>
        <line num="206" count="57" type="stmt"/>
        <line num="209" count="57" type="stmt"/>
        <line num="216" count="114" type="stmt"/>
        <line num="220" count="57" type="stmt"/>
        <line num="221" count="57" type="stmt"/>
        <line num="224" count="57" type="cond" truecount="1" falsecount="1"/>
        <line num="225" count="0" type="cond" truecount="0" falsecount="2"/>
        <line num="226" count="0" type="stmt"/>
        <line num="228" count="0" type="stmt"/>
        <line num="231" count="57" type="stmt"/>
        <line num="233" count="57" type="stmt"/>
        <line num="249" count="24" type="stmt"/>
        <line num="252" count="24" type="stmt"/>
        <line num="255" count="24" type="cond" truecount="3" falsecount="1"/>
        <line num="256" count="0" type="stmt"/>
        <line num="260" count="0" type="stmt"/>
        <line num="263" count="0" type="stmt"/>
        <line num="267" count="0" type="stmt"/>
        <line num="271" count="24" type="stmt"/>
        <line num="275" count="24" type="stmt"/>
        <line num="276" count="24" type="stmt"/>
        <line num="280" count="48" type="stmt"/>
      </file>
      <file name="calllog_list_item.js" path="/home/renzhaozhao/Product/next/gaia/apps/communications/src/views/calllogList/calllog_list_item.js">
        <metrics statements="61" coveredstatements="61" conditionals="56" coveredconditionals="52" methods="3" coveredmethods="3"/>
        <line num="9" count="4" type="stmt"/>
        <line num="13" count="34" type="stmt"/>
        <line num="14" count="34" type="stmt"/>
        <line num="15" count="34" type="stmt"/>
        <line num="16" count="34" type="stmt"/>
        <line num="35" count="62" type="stmt"/>
        <line num="37" count="62" type="stmt"/>
        <line num="39" count="62" type="stmt"/>
        <line num="40" count="62" type="stmt"/>
        <line num="41" count="62" type="stmt"/>
        <line num="42" count="62" type="stmt"/>
        <line num="43" count="62" type="cond" truecount="2" falsecount="0"/>
        <line num="48" count="62" type="stmt"/>
        <line num="49" count="62" type="stmt"/>
        <line num="50" count="62" type="cond" truecount="2" falsecount="0"/>
        <line num="51" count="47" type="stmt"/>
        <line num="52" count="47" type="cond" truecount="4" falsecount="0"/>
        <line num="53" count="1" type="stmt"/>
        <line num="54" count="1" type="stmt"/>
        <line num="55" count="46" type="cond" truecount="4" falsecount="0"/>
        <line num="56" count="1" type="stmt"/>
        <line num="58" count="45" type="stmt"/>
        <line num="60" count="47" type="cond" truecount="2" falsecount="0"/>
        <line num="61" count="1" type="stmt"/>
        <line num="64" count="62" type="cond" truecount="4" falsecount="0"/>
        <line num="65" count="16" type="stmt"/>
        <line num="68" count="62" type="stmt"/>
        <line num="69" count="62" type="cond" truecount="4" falsecount="0"/>
        <line num="70" count="1" type="stmt"/>
        <line num="76" count="62" type="stmt"/>
        <line num="77" count="62" type="cond" truecount="2" falsecount="0"/>
        <line num="78" count="1" type="stmt"/>
        <line num="80" count="62" type="stmt"/>
        <line num="81" count="62" type="cond" truecount="1" falsecount="1"/>
        <line num="82" count="62" type="stmt"/>
        <line num="83" count="62" type="cond" truecount="1" falsecount="1"/>
        <line num="84" count="62" type="stmt"/>
        <line num="87" count="62" type="stmt"/>
        <line num="88" count="62" type="stmt"/>
        <line num="94" count="62" type="stmt"/>
        <line num="95" count="62" type="stmt"/>
        <line num="96" count="62" type="stmt"/>
        <line num="97" count="62" type="stmt"/>
        <line num="98" count="62" type="cond" truecount="5" falsecount="0"/>
        <line num="99" count="1" type="stmt"/>
        <line num="101" count="62" type="cond" truecount="4" falsecount="0"/>
        <line num="102" count="15" type="stmt"/>
        <line num="103" count="15" type="stmt"/>
        <line num="104" count="15" type="stmt"/>
        <line num="106" count="62" type="cond" truecount="4" falsecount="0"/>
        <line num="107" count="16" type="cond" truecount="2" falsecount="0"/>
        <line num="108" count="1" type="stmt"/>
        <line num="110" count="16" type="stmt"/>
        <line num="118" count="62" type="cond" truecount="1" falsecount="1"/>
        <line num="121" count="62" type="stmt"/>
        <line num="129" count="62" type="stmt"/>
        <line num="131" count="62" type="cond" truecount="2" falsecount="0"/>
        <line num="139" count="1" type="stmt"/>
        <line num="152" count="61" type="stmt"/>
        <line num="162" count="62" type="stmt"/>
        <line num="166" count="124" type="stmt"/>
      </file>
      <file name="calllog_view.js" path="/home/renzhaozhao/Product/next/gaia/apps/communications/src/views/calllogList/calllog_view.js">
        <metrics statements="329" coveredstatements="290" conditionals="171" coveredconditionals="126" methods="53" coveredmethods="48"/>
        <line num="18" count="2" type="stmt"/>
        <line num="33" count="7" type="stmt"/>
        <line num="34" count="7" type="stmt"/>
        <line num="35" count="7" type="stmt"/>
        <line num="37" count="7" type="stmt"/>
        <line num="44" count="7" type="stmt"/>
        <line num="45" count="7" type="stmt"/>
        <line num="46" count="7" type="stmt"/>
        <line num="48" count="7" type="stmt"/>
        <line num="49" count="7" type="cond" truecount="1" falsecount="1"/>
        <line num="50" count="7" type="cond" truecount="2" falsecount="0"/>
        <line num="51" count="7" type="cond" truecount="1" falsecount="1"/>
        <line num="52" count="7" type="stmt"/>
        <line num="54" count="7" type="stmt"/>
        <line num="66" count="7" type="stmt"/>
        <line num="67" count="7" type="stmt"/>
        <line num="68" count="7" type="stmt"/>
        <line num="70" count="7" type="stmt"/>
        <line num="72" count="7" type="stmt"/>
        <line num="73" count="7" type="cond" truecount="2" falsecount="0"/>
        <line num="74" count="6" type="stmt"/>
        <line num="75" count="6" type="stmt"/>
        <line num="76" count="6" type="stmt"/>
        <line num="81" count="7" type="stmt"/>
        <line num="82" count="2" type="cond" truecount="1" falsecount="2"/>
        <line num="83" count="2" type="stmt"/>
        <line num="84" count="2" type="cond" truecount="2" falsecount="1"/>
        <line num="86" count="1" type="cond" truecount="1" falsecount="1"/>
        <line num="87" count="1" type="stmt"/>
        <line num="91" count="1" type="stmt"/>
        <line num="93" count="0" type="cond" truecount="0" falsecount="2"/>
        <line num="94" count="0" type="stmt"/>
        <line num="99" count="0" type="stmt"/>
        <line num="101" count="0" type="stmt"/>
        <line num="105" count="1" type="stmt"/>
        <line num="111" count="2" type="stmt"/>
        <line num="113" count="2" type="cond" truecount="1" falsecount="1"/>
        <line num="114" count="2" type="stmt"/>
        <line num="120" count="0" type="stmt"/>
        <line num="125" count="2" type="stmt"/>
        <line num="128" count="7" type="stmt"/>
        <line num="129" count="2" type="stmt"/>
        <line num="130" count="2" type="stmt"/>
        <line num="131" count="1" type="stmt"/>
        <line num="136" count="3" type="cond" truecount="1" falsecount="1"/>
        <line num="137" count="3" type="stmt"/>
        <line num="138" count="3" type="stmt"/>
        <line num="150" count="7" type="stmt"/>
        <line num="152" count="7" type="cond" truecount="2" falsecount="0"/>
        <line num="153" count="6" type="stmt"/>
        <line num="156" count="6" type="stmt"/>
        <line num="160" count="7" type="stmt"/>
        <line num="163" count="7" type="stmt"/>
        <line num="165" count="7" type="stmt"/>
        <line num="166" count="7" type="stmt"/>
        <line num="168" count="7" type="stmt"/>
        <line num="170" count="7" type="stmt"/>
        <line num="172" count="7" type="stmt"/>
        <line num="173" count="7" type="stmt"/>
        <line num="175" count="7" type="stmt"/>
        <line num="178" count="7" type="cond" truecount="2" falsecount="0"/>
        <line num="179" count="7" type="cond" truecount="2" falsecount="0"/>
        <line num="180" count="1" type="stmt"/>
        <line num="181" count="1" type="stmt"/>
        <line num="184" count="7" type="stmt"/>
        <line num="185" count="7" type="stmt"/>
        <line num="186" count="7" type="stmt"/>
        <line num="190" count="7" type="stmt"/>
        <line num="191" count="7" type="stmt"/>
        <line num="192" count="7" type="stmt"/>
        <line num="195" count="7" type="stmt"/>
        <line num="196" count="7" type="stmt"/>
        <line num="200" count="0" type="stmt"/>
        <line num="202" count="0" type="stmt"/>
        <line num="208" count="7" type="stmt"/>
        <line num="209" count="31" type="stmt"/>
        <line num="210" count="31" type="stmt"/>
        <line num="213" count="31" type="cond" truecount="2" falsecount="0"/>
        <line num="214" count="2" type="cond" truecount="1" falsecount="1"/>
        <line num="215" count="0" type="stmt"/>
        <line num="219" count="2" type="stmt"/>
        <line num="225" count="2" type="stmt"/>
        <line num="229" count="29" type="cond" truecount="2" falsecount="0"/>
        <line num="230" count="10" type="cond" truecount="2" falsecount="0"/>
        <line num="231" count="8" type="stmt"/>
        <line num="236" count="8" type="cond" truecount="2" falsecount="0"/>
        <line num="237" count="1" type="stmt"/>
        <line num="239" count="8" type="stmt"/>
        <line num="240" count="8" type="cond" truecount="4" falsecount="0"/>
        <line num="241" count="1" type="stmt"/>
        <line num="244" count="8" type="cond" truecount="2" falsecount="0"/>
        <line num="245" count="1" type="stmt"/>
        <line num="249" count="10" type="stmt"/>
        <line num="253" count="19" type="cond" truecount="2" falsecount="0"/>
        <line num="254" count="11" type="stmt"/>
        <line num="262" count="11" type="cond" truecount="1" falsecount="1"/>
        <line num="263" count="0" type="stmt"/>
        <line num="265" count="11" type="cond" truecount="1" falsecount="1"/>
        <line num="266" count="0" type="stmt"/>
        <line num="269" count="11" type="stmt"/>
        <line num="272" count="8" type="stmt"/>
        <line num="276" count="31" type="stmt"/>
        <line num="277" count="31" type="stmt"/>
        <line num="279" count="31" type="stmt"/>
        <line num="280" count="31" type="stmt"/>
        <line num="284" count="17" type="stmt"/>
        <line num="285" count="17" type="stmt"/>
        <line num="287" count="17" type="stmt"/>
        <line num="289" count="17" type="stmt"/>
        <line num="292" count="17" type="cond" truecount="2" falsecount="0"/>
        <line num="296" count="7" type="stmt"/>
        <line num="299" count="17" type="cond" truecount="2" falsecount="0"/>
        <line num="300" count="4" type="stmt"/>
        <line num="303" count="17" type="cond" truecount="2" falsecount="0"/>
        <line num="304" count="5" type="stmt"/>
        <line num="306" count="17" type="stmt"/>
        <line num="307" count="17" type="stmt"/>
        <line num="309" count="17" type="stmt"/>
        <line num="313" count="11" type="stmt"/>
        <line num="315" count="11" type="cond" truecount="2" falsecount="0"/>
        <line num="322" count="2" type="stmt"/>
        <line num="327" count="35" type="stmt"/>
        <line num="328" count="35" type="stmt"/>
        <line num="330" count="35" type="cond" truecount="4" falsecount="0"/>
        <line num="331" count="10" type="cond" truecount="1" falsecount="1"/>
        <line num="332" count="10" type="stmt"/>
        <line num="333" count="10" type="cond" truecount="1" falsecount="1"/>
        <line num="334" count="0" type="stmt"/>
        <line num="336" count="10" type="stmt"/>
        <line num="337" count="10" type="stmt"/>
        <line num="344" count="22" type="stmt"/>
        <line num="346" count="22" type="cond" truecount="2" falsecount="0"/>
        <line num="347" count="1" type="stmt"/>
        <line num="348" count="1" type="stmt"/>
        <line num="349" count="1" type="stmt"/>
        <line num="353" count="21" type="cond" truecount="1" falsecount="1"/>
        <line num="355" count="21" type="stmt"/>
        <line num="356" count="21" type="stmt"/>
        <line num="358" count="21" type="cond" truecount="2" falsecount="0"/>
        <line num="359" count="3" type="stmt"/>
        <line num="360" count="3" type="stmt"/>
        <line num="362" count="18" type="cond" truecount="2" falsecount="0"/>
        <line num="363" count="6" type="stmt"/>
        <line num="365" count="12" type="stmt"/>
        <line num="370" count="3" type="cond" truecount="1" falsecount="1"/>
        <line num="371" count="3" type="cond" truecount="4" falsecount="2"/>
        <line num="375" count="1" type="stmt"/>
        <line num="379" count="1" type="stmt"/>
        <line num="380" count="1" type="stmt"/>
        <line num="383" count="1" type="cond" truecount="1" falsecount="1"/>
        <line num="384" count="1" type="stmt"/>
        <line num="385" count="1" type="stmt"/>
        <line num="389" count="1" type="stmt"/>
        <line num="391" count="1" type="stmt"/>
        <line num="393" count="1" type="stmt"/>
        <line num="399" count="21" type="cond" truecount="2" falsecount="0"/>
        <line num="402" count="5" type="stmt"/>
        <line num="403" count="5" type="stmt"/>
        <line num="404" count="5" type="stmt"/>
        <line num="405" count="5" type="stmt"/>
        <line num="410" count="21" type="stmt"/>
        <line num="412" count="21" type="stmt"/>
        <line num="413" count="21" type="cond" truecount="2" falsecount="0"/>
        <line num="414" count="19" type="cond" truecount="2" falsecount="0"/>
        <line num="416" count="2" type="stmt"/>
        <line num="417" count="2" type="cond" truecount="1" falsecount="1"/>
        <line num="418" count="2" type="stmt"/>
        <line num="420" count="2" type="stmt"/>
        <line num="422" count="3" type="stmt"/>
        <line num="423" count="3" type="cond" truecount="2" falsecount="0"/>
        <line num="424" count="2" type="stmt"/>
        <line num="426" count="3" type="stmt"/>
        <line num="429" count="2" type="cond" truecount="2" falsecount="0"/>
        <line num="431" count="1" type="stmt"/>
        <line num="432" count="1" type="cond" truecount="1" falsecount="1"/>
        <line num="433" count="0" type="stmt"/>
        <line num="435" count="1" type="stmt"/>
        <line num="437" count="1" type="stmt"/>
        <line num="438" count="1" type="cond" truecount="1" falsecount="1"/>
        <line num="439" count="1" type="stmt"/>
        <line num="441" count="1" type="stmt"/>
        <line num="447" count="16" type="stmt"/>
        <line num="449" count="16" type="stmt"/>
        <line num="450" count="16" type="cond" truecount="2" falsecount="0"/>
        <line num="451" count="1" type="stmt"/>
        <line num="452" count="1" type="cond" truecount="1" falsecount="1"/>
        <line num="453" count="0" type="stmt"/>
        <line num="456" count="16" type="stmt"/>
        <line num="457" count="40" type="cond" truecount="2" falsecount="0"/>
        <line num="461" count="5" type="stmt"/>
        <line num="462" count="5" type="stmt"/>
        <line num="463" count="5" type="cond" truecount="2" falsecount="0"/>
        <line num="464" count="1" type="stmt"/>
        <line num="466" count="4" type="stmt"/>
        <line num="468" count="5" type="cond" truecount="2" falsecount="0"/>
        <line num="469" count="1" type="stmt"/>
        <line num="470" count="4" type="cond" truecount="2" falsecount="0"/>
        <line num="471" count="1" type="stmt"/>
        <line num="473" count="5" type="stmt"/>
        <line num="479" count="12" type="stmt"/>
        <line num="481" count="12" type="cond" truecount="4" falsecount="1"/>
        <line num="484" count="1" type="stmt"/>
        <line num="485" count="1" type="cond" truecount="1" falsecount="1"/>
        <line num="487" count="0" type="stmt"/>
        <line num="488" count="0" type="stmt"/>
        <line num="490" count="1" type="stmt"/>
        <line num="492" count="1" type="stmt"/>
        <line num="498" count="1" type="stmt"/>
        <line num="501" count="1" type="stmt"/>
        <line num="502" count="1" type="cond" truecount="1" falsecount="1"/>
        <line num="503" count="1" type="stmt"/>
        <line num="505" count="9" type="stmt"/>
        <line num="510" count="6" type="stmt"/>
        <line num="512" count="6" type="stmt"/>
        <line num="513" count="6" type="cond" truecount="3" falsecount="1"/>
        <line num="515" count="0" type="stmt"/>
        <line num="516" count="0" type="stmt"/>
        <line num="518" count="0" type="stmt"/>
        <line num="519" count="0" type="stmt"/>
        <line num="522" count="0" type="stmt"/>
        <line num="524" count="1" type="stmt"/>
        <line num="525" count="1" type="stmt"/>
        <line num="528" count="1" type="cond" truecount="1" falsecount="1"/>
        <line num="529" count="1" type="stmt"/>
        <line num="531" count="0" type="stmt"/>
        <line num="533" count="1" type="stmt"/>
        <line num="536" count="1" type="cond" truecount="1" falsecount="1"/>
        <line num="537" count="0" type="stmt"/>
        <line num="538" count="0" type="stmt"/>
        <line num="539" count="0" type="cond" truecount="0" falsecount="2"/>
        <line num="540" count="0" type="stmt"/>
        <line num="541" count="0" type="cond" truecount="0" falsecount="4"/>
        <line num="542" count="0" type="stmt"/>
        <line num="544" count="0" type="stmt"/>
        <line num="545" count="1" type="cond" truecount="1" falsecount="1"/>
        <line num="546" count="1" type="stmt"/>
        <line num="548" count="1" type="stmt"/>
        <line num="553" count="1" type="stmt"/>
        <line num="554" count="1" type="stmt"/>
        <line num="563" count="5" type="stmt"/>
        <line num="564" count="5" type="stmt"/>
        <line num="572" count="1" type="stmt"/>
        <line num="573" count="1" type="stmt"/>
        <line num="574" count="1" type="cond" truecount="2" falsecount="3"/>
        <line num="575" count="0" type="cond" truecount="0" falsecount="2"/>
        <line num="576" count="0" type="stmt"/>
        <line num="577" count="0" type="stmt"/>
        <line num="583" count="3" type="stmt"/>
        <line num="584" count="3" type="stmt"/>
        <line num="585" count="3" type="stmt"/>
        <line num="586" count="12" type="stmt"/>
        <line num="588" count="3" type="stmt"/>
        <line num="589" count="3" type="cond" truecount="2" falsecount="0"/>
        <line num="590" count="8" type="stmt"/>
        <line num="592" count="4" type="stmt"/>
        <line num="594" count="3" type="stmt"/>
        <line num="597" count="7" type="stmt"/>
        <line num="598" count="1" type="stmt"/>
        <line num="599" count="1" type="stmt"/>
        <line num="601" count="1" type="stmt"/>
        <line num="603" count="1" type="stmt"/>
        <line num="604" count="1" type="stmt"/>
        <line num="605" count="4" type="cond" truecount="1" falsecount="1"/>
        <line num="606" count="4" type="stmt"/>
        <line num="610" count="1" type="stmt"/>
        <line num="618" count="1" type="stmt"/>
        <line num="619" count="4" type="stmt"/>
        <line num="620" count="1" type="stmt"/>
        <line num="621" count="1" type="stmt"/>
        <line num="622" count="1" type="stmt"/>
        <line num="623" count="1" type="stmt"/>
        <line num="624" count="1" type="stmt"/>
        <line num="632" count="1" type="stmt"/>
        <line num="635" count="1" type="stmt"/>
        <line num="636" count="1" type="stmt"/>
        <line num="637" count="1" type="stmt"/>
        <line num="640" count="1" type="stmt"/>
        <line num="643" count="1" type="stmt"/>
        <line num="646" count="1" type="stmt"/>
        <line num="647" count="1" type="stmt"/>
        <line num="654" count="1" type="stmt"/>
        <line num="655" count="1" type="stmt"/>
        <line num="656" count="1" type="stmt"/>
        <line num="659" count="0" type="stmt"/>
        <line num="664" count="0" type="stmt"/>
        <line num="665" count="0" type="stmt"/>
        <line num="666" count="0" type="stmt"/>
        <line num="667" count="0" type="stmt"/>
        <line num="673" count="1" type="stmt"/>
        <line num="674" count="1" type="stmt"/>
        <line num="684" count="0" type="stmt"/>
        <line num="686" count="0" type="stmt"/>
        <line num="689" count="0" type="stmt"/>
        <line num="699" count="7" type="stmt"/>
        <line num="700" count="7" type="stmt"/>
        <line num="701" count="7" type="stmt"/>
        <line num="705" count="7" type="stmt"/>
        <line num="706" count="7" type="stmt"/>
        <line num="707" count="7" type="stmt"/>
        <line num="708" count="24" type="cond" truecount="2" falsecount="0"/>
        <line num="709" count="4" type="stmt"/>
        <line num="712" count="7" type="stmt"/>
        <line num="720" count="3" type="cond" truecount="1" falsecount="1"/>
        <line num="721" count="3" type="stmt"/>
        <line num="724" count="3" type="stmt"/>
        <line num="725" count="3" type="stmt"/>
        <line num="733" count="5" type="stmt"/>
        <line num="734" count="5" type="cond" truecount="1" falsecount="1"/>
        <line num="735" count="5" type="stmt"/>
        <line num="743" count="24" type="stmt"/>
        <line num="744" count="24" type="stmt"/>
        <line num="745" count="24" type="cond" truecount="2" falsecount="0"/>
        <line num="746" count="24" type="stmt"/>
        <line num="750" count="1" type="stmt"/>
        <line num="753" count="7" type="stmt"/>
        <line num="754" count="11" type="stmt"/>
        <line num="767" count="24" type="stmt"/>
        <line num="773" count="24" type="stmt"/>
        <line num="775" count="24" type="stmt"/>
        <line num="787" count="24" type="stmt"/>
        <line num="788" count="24" type="cond" truecount="2" falsecount="0"/>
        <line num="789" count="24" type="stmt"/>
        <line num="790" count="24" type="stmt"/>
        <line num="792" count="24" type="stmt"/>
        <line num="796" count="48" type="stmt"/>
        <line num="801" count="22" type="cond" truecount="2" falsecount="0"/>
        <line num="802" count="8" type="stmt"/>
        <line num="805" count="48" type="stmt"/>
        <line num="831" count="48" type="stmt"/>
      </file>
    </package>
    <package name="views.main">
      <metrics statements="126" coveredstatements="109" conditionals="54" coveredconditionals="35" methods="36" coveredmethods="26"/>
      <file name="cacheData.js" path="/home/renzhaozhao/Product/next/gaia/apps/communications/src/views/main/cacheData.js">
        <metrics statements="92" coveredstatements="81" conditionals="44" coveredconditionals="28" methods="28" coveredmethods="22"/>
        <line num="52" count="2" type="cond" truecount="2" falsecount="0"/>
        <line num="53" count="2" type="stmt"/>
        <line num="57" count="2" type="stmt"/>
        <line num="58" count="2" type="stmt"/>
        <line num="60" count="2" type="stmt"/>
        <line num="61" count="2" type="stmt"/>
        <line num="63" count="3" type="stmt"/>
        <line num="64" count="3" type="stmt"/>
        <line num="69" count="3" type="cond" truecount="2" falsecount="0"/>
        <line num="71" count="2" type="stmt"/>
        <line num="76" count="2" type="stmt"/>
        <line num="77" count="1" type="stmt"/>
        <line num="83" count="3" type="stmt"/>
        <line num="84" count="3" type="cond" truecount="2" falsecount="0"/>
        <line num="85" count="2" type="stmt"/>
        <line num="90" count="3" type="stmt"/>
        <line num="91" count="3" type="cond" truecount="2" falsecount="0"/>
        <line num="92" count="2" type="stmt"/>
        <line num="93" count="0" type="stmt"/>
        <line num="96" count="2" type="stmt"/>
        <line num="104" count="3" type="stmt"/>
        <line num="106" count="3" type="stmt"/>
        <line num="109" count="3" type="stmt"/>
        <line num="110" count="3" type="cond" truecount="1" falsecount="1"/>
        <line num="111" count="0" type="stmt"/>
        <line num="114" count="3" type="stmt"/>
        <line num="117" count="3" type="stmt"/>
        <line num="118" count="9" type="stmt"/>
        <line num="119" count="9" type="stmt"/>
        <line num="121" count="9" type="cond" truecount="2" falsecount="0"/>
        <line num="123" count="4" type="stmt"/>
        <line num="126" count="5" type="stmt"/>
        <line num="130" count="9" type="cond" truecount="2" falsecount="0"/>
        <line num="131" count="4" type="stmt"/>
        <line num="137" count="5" type="stmt"/>
        <line num="142" count="9" type="stmt"/>
        <line num="145" count="3" type="stmt"/>
        <line num="146" count="1" type="stmt"/>
        <line num="147" count="1" type="cond" truecount="1" falsecount="2"/>
        <line num="148" count="1" type="cond" truecount="1" falsecount="1"/>
        <line num="150" count="1" type="stmt"/>
        <line num="153" count="1" type="stmt"/>
        <line num="158" count="1" type="stmt"/>
        <line num="162" count="1" type="cond" truecount="3" falsecount="1"/>
        <line num="163" count="1" type="stmt"/>
        <line num="164" count="1" type="cond" truecount="1" falsecount="1"/>
        <line num="165" count="1" type="stmt"/>
        <line num="173" count="1" type="stmt"/>
        <line num="178" count="1" type="stmt"/>
        <line num="184" count="3" type="stmt"/>
        <line num="185" count="2" type="stmt"/>
        <line num="187" count="2" type="cond" truecount="1" falsecount="2"/>
        <line num="189" count="2" type="cond" truecount="2" falsecount="0"/>
        <line num="191" count="1" type="stmt"/>
        <line num="192" count="1" type="stmt"/>
        <line num="196" count="1" type="stmt"/>
        <line num="197" count="2" type="cond" truecount="2" falsecount="0"/>
        <line num="198" count="1" type="stmt"/>
        <line num="202" count="1" type="stmt"/>
        <line num="203" count="1" type="stmt"/>
        <line num="207" count="2" type="stmt"/>
        <line num="211" count="0" type="stmt"/>
        <line num="212" count="0" type="stmt"/>
        <line num="216" count="3" type="stmt"/>
        <line num="217" count="2" type="stmt"/>
        <line num="220" count="2" type="stmt"/>
        <line num="223" count="2" type="stmt"/>
        <line num="225" count="2" type="stmt"/>
        <line num="226" count="2" type="stmt"/>
        <line num="227" count="2" type="stmt"/>
        <line num="228" count="2" type="stmt"/>
        <line num="229" count="0" type="stmt"/>
        <line num="233" count="2" type="stmt"/>
        <line num="237" count="2" type="stmt"/>
        <line num="238" count="2" type="stmt"/>
        <line num="249" count="2" type="stmt"/>
        <line num="252" count="0" type="cond" truecount="0" falsecount="4"/>
        <line num="253" count="0" type="stmt"/>
        <line num="258" count="2" type="cond" truecount="2" falsecount="2"/>
        <line num="259" count="0" type="stmt"/>
        <line num="260" count="0" type="cond" truecount="0" falsecount="2"/>
        <line num="261" count="0" type="stmt"/>
        <line num="268" count="0" type="stmt"/>
        <line num="278" count="3" type="stmt"/>
        <line num="280" count="1" type="stmt"/>
        <line num="281" count="1" type="stmt"/>
        <line num="282" count="1" type="stmt"/>
        <line num="285" count="1" type="stmt"/>
        <line num="286" count="1" type="stmt"/>
        <line num="291" count="10" type="stmt"/>
        <line num="293" count="10" type="stmt"/>
        <line num="300" count="10" type="stmt"/>
      </file>
      <file name="index.js" path="/home/renzhaozhao/Product/next/gaia/apps/communications/src/views/main/index.js">
        <metrics statements="34" coveredstatements="28" conditionals="10" coveredconditionals="7" methods="8" coveredmethods="4"/>
        <line num="16" count="2" type="stmt"/>
        <line num="18" count="2" type="stmt"/>
        <line num="27" count="2" type="stmt"/>
        <line num="29" count="2" type="stmt"/>
        <line num="30" count="2" type="stmt"/>
        <line num="34" count="2" type="stmt"/>
        <line num="35" count="2" type="stmt"/>
        <line num="36" count="2" type="stmt"/>
        <line num="42" count="2" type="stmt"/>
        <line num="43" count="2" type="stmt"/>
        <line num="44" count="2" type="stmt"/>
        <line num="50" count="2" type="stmt"/>
        <line num="51" count="0" type="stmt"/>
        <line num="52" count="0" type="cond" truecount="0" falsecount="2"/>
        <line num="53" count="0" type="stmt"/>
        <line num="61" count="2" type="stmt"/>
        <line num="62" count="0" type="stmt"/>
        <line num="66" count="2" type="stmt"/>
        <line num="67" count="0" type="stmt"/>
        <line num="78" count="5" type="stmt"/>
        <line num="80" count="5" type="stmt"/>
        <line num="82" count="5" type="stmt"/>
        <line num="87" count="5" type="stmt"/>
        <line num="92" count="5" type="stmt"/>
        <line num="94" count="5" type="cond" truecount="1" falsecount="1"/>
        <line num="95" count="5" type="stmt"/>
        <line num="97" count="5" type="stmt"/>
        <line num="106" count="5" type="cond" truecount="2" falsecount="0"/>
        <line num="107" count="1" type="cond" truecount="2" falsecount="0"/>
        <line num="108" count="1" type="cond" truecount="2" falsecount="0"/>
        <line num="109" count="1" type="stmt"/>
        <line num="110" count="0" type="stmt"/>
        <line num="113" count="1" type="stmt"/>
        <line num="117" count="5" type="stmt"/>
      </file>
    </package>
  </project>
</coverage>
