{"/home/renzhaozhao/Product/next/gaia/apps/communications/src/components/BlockIcon/index.js": {"path":"/home/renzhaozhao/Product/next/gaia/apps/communications/src/components/BlockIcon/index.js","statementMap":{"0":{"start":{"line":6,"column":18},"end":{"line":18,"column":1}},"1":{"start":{"line":7,"column":2},"end":{"line":17,"column":4}}},"fnMap":{"0":{"name":"(anonymous_0)","decl":{"start":{"line":6,"column":18},"end":{"line":6,"column":19}},"loc":{"start":{"line":6,"column":24},"end":{"line":18,"column":1}},"line":6}},"branchMap":{},"s":{"0":2,"1":3},"f":{"0":3},"b":{},"_coverageSchema":"1a1c01bbd47fc00a2c39e90264f33305004495a9","hash":"64dcefc00f6961ec87b37a56abbfcac2bdf46edc"}
,"/home/renzhaozhao/Product/next/gaia/apps/communications/src/components/CallIcon/Badge.js": {"path":"/home/renzhaozhao/Product/next/gaia/apps/communications/src/components/CallIcon/Badge.js","statementMap":{"0":{"start":{"line":5,"column":14},"end":{"line":218,"column":1}},"1":{"start":{"line":6,"column":13},"end":{"line":6,"column":17}},"2":{"start":{"line":8,"column":2},"end":{"line":64,"column":3}},"3":{"start":{"line":9,"column":4},"end":{"line":63,"column":6}},"4":{"start":{"line":66,"column":2},"end":{"line":215,"column":3}},"5":{"start":{"line":67,"column":4},"end":{"line":214,"column":5}},"6":{"start":{"line":68,"column":6},"end":{"line":133,"column":8}},"7":{"start":{"line":135,"column":6},"end":{"line":213,"column":8}},"8":{"start":{"line":217,"column":2},"end":{"line":217,"column":14}}},"fnMap":{"0":{"name":"(anonymous_0)","decl":{"start":{"line":5,"column":14},"end":{"line":5,"column":15}},"loc":{"start":{"line":5,"column":45},"end":{"line":218,"column":1}},"line":5}},"branchMap":{"0":{"loc":{"start":{"line":8,"column":2},"end":{"line":64,"column":3}},"type":"if","locations":[{"start":{"line":8,"column":2},"end":{"line":64,"column":3}},{"start":{"line":8,"column":2},"end":{"line":64,"column":3}}],"line":8},"1":{"loc":{"start":{"line":66,"column":2},"end":{"line":215,"column":3}},"type":"if","locations":[{"start":{"line":66,"column":2},"end":{"line":215,"column":3}},{"start":{"line":66,"column":2},"end":{"line":215,"column":3}}],"line":66},"2":{"loc":{"start":{"line":67,"column":4},"end":{"line":214,"column":5}},"type":"if","locations":[{"start":{"line":67,"column":4},"end":{"line":214,"column":5}},{"start":{"line":67,"column":4},"end":{"line":214,"column":5}}],"line":67}},"s":{"0":6,"1":75,"2":75,"3":73,"4":75,"5":2,"6":1,"7":1,"8":75},"f":{"0":75},"b":{"0":[73,2],"1":[2,73],"2":[1,1]},"_coverageSchema":"1a1c01bbd47fc00a2c39e90264f33305004495a9","hash":"ec41be1beff44f4700c56de8b011cde69453f512"}
,"/home/renzhaozhao/Product/next/gaia/apps/communications/src/components/CallIcon/index.js": {"path":"/home/renzhaozhao/Product/next/gaia/apps/communications/src/components/CallIcon/index.js","statementMap":{"0":{"start":{"line":5,"column":17},"end":{"line":19,"column":1}},"1":{"start":{"line":6,"column":16},"end":{"line":11,"column":3}},"2":{"start":{"line":13,"column":2},"end":{"line":18,"column":4}}},"fnMap":{"0":{"name":"(anonymous_0)","decl":{"start":{"line":5,"column":17},"end":{"line":5,"column":18}},"loc":{"start":{"line":5,"column":58},"end":{"line":19,"column":1}},"line":5}},"branchMap":{},"s":{"0":6,"1":75,"2":75},"f":{"0":75},"b":{},"_coverageSchema":"1a1c01bbd47fc00a2c39e90264f33305004495a9","hash":"ae79f6d9d3565d3811e46f7b441655d7d98be4fe"}
,"/home/renzhaozhao/Product/next/gaia/apps/communications/src/components/Dialog/index.js": {"path":"/home/renzhaozhao/Product/next/gaia/apps/communications/src/components/Dialog/index.js","statementMap":{"0":{"start":{"line":7,"column":4},"end":{"line":7,"column":17}},"1":{"start":{"line":9,"column":4},"end":{"line":9,"column":36}},"2":{"start":{"line":13,"column":39},"end":{"line":13,"column":49}},"3":{"start":{"line":14,"column":4},"end":{"line":26,"column":5}},"4":{"start":{"line":15,"column":6},"end":{"line":23,"column":9}},"5":{"start":{"line":18,"column":8},"end":{"line":18,"column":40}},"6":{"start":{"line":21,"column":8},"end":{"line":21,"column":41}},"7":{"start":{"line":22,"column":8},"end":{"line":22,"column":33}},"8":{"start":{"line":25,"column":6},"end":{"line":25,"column":26}},"9":{"start":{"line":29,"column":11},"end":{"line":33,"column":3}},"10":{"start":{"line":30,"column":27},"end":{"line":30,"column":37}},"11":{"start":{"line":32,"column":4},"end":{"line":32,"column":36}},"12":{"start":{"line":36,"column":41},"end":{"line":36,"column":51}},"13":{"start":{"line":37,"column":4},"end":{"line":41,"column":6}},"14":{"start":{"line":39,"column":74},"end":{"line":39,"column":94}}},"fnMap":{"0":{"name":"(anonymous_0)","decl":{"start":{"line":6,"column":2},"end":{"line":6,"column":3}},"loc":{"start":{"line":6,"column":21},"end":{"line":10,"column":3}},"line":6},"1":{"name":"(anonymous_1)","decl":{"start":{"line":12,"column":2},"end":{"line":12,"column":3}},"loc":{"start":{"line":12,"column":23},"end":{"line":27,"column":3}},"line":12},"2":{"name":"(anonymous_2)","decl":{"start":{"line":15,"column":31},"end":{"line":15,"column":32}},"loc":{"start":{"line":15,"column":37},"end":{"line":23,"column":7}},"line":15},"3":{"name":"(anonymous_3)","decl":{"start":{"line":29,"column":11},"end":{"line":29,"column":12}},"loc":{"start":{"line":29,"column":17},"end":{"line":33,"column":3}},"line":29},"4":{"name":"(anonymous_4)","decl":{"start":{"line":35,"column":2},"end":{"line":35,"column":3}},"loc":{"start":{"line":35,"column":11},"end":{"line":42,"column":3}},"line":35},"5":{"name":"(anonymous_5)","decl":{"start":{"line":39,"column":62},"end":{"line":39,"column":63}},"loc":{"start":{"line":39,"column":74},"end":{"line":39,"column":94}},"line":39}},"branchMap":{"0":{"loc":{"start":{"line":14,"column":4},"end":{"line":26,"column":5}},"type":"if","locations":[{"start":{"line":14,"column":4},"end":{"line":26,"column":5}},{"start":{"line":14,"column":4},"end":{"line":26,"column":5}}],"line":14},"1":{"loc":{"start":{"line":14,"column":8},"end":{"line":14,"column":51}},"type":"binary-expr","locations":[{"start":{"line":14,"column":8},"end":{"line":14,"column":18}},{"start":{"line":14,"column":22},"end":{"line":14,"column":33}},{"start":{"line":14,"column":37},"end":{"line":14,"column":51}}],"line":14},"2":{"loc":{"start":{"line":39,"column":9},"end":{"line":39,"column":116}},"type":"binary-expr","locations":[{"start":{"line":39,"column":9},"end":{"line":39,"column":19}},{"start":{"line":39,"column":23},"end":{"line":39,"column":116}}],"line":39}},"s":{"0":3,"1":3,"2":3,"3":3,"4":2,"5":1,"6":1,"7":1,"8":2,"9":3,"10":1,"11":1,"12":6,"13":6,"14":6},"f":{"0":3,"1":3,"2":1,"3":1,"4":6,"5":6},"b":{"0":[2,1],"1":[3,2,2],"2":[6,3]},"_coverageSchema":"1a1c01bbd47fc00a2c39e90264f33305004495a9","hash":"f11e47c016eeee2974c9fb574d16457b19622e9f"}
,"/home/renzhaozhao/Product/next/gaia/apps/communications/src/components/OptionMenu/index.js": {"path":"/home/renzhaozhao/Product/next/gaia/apps/communications/src/components/OptionMenu/index.js","statementMap":{"0":{"start":{"line":7,"column":4},"end":{"line":7,"column":17}},"1":{"start":{"line":9,"column":4},"end":{"line":9,"column":34}},"2":{"start":{"line":13,"column":70},"end":{"line":13,"column":80}},"3":{"start":{"line":16,"column":4},"end":{"line":31,"column":5}},"4":{"start":{"line":17,"column":6},"end":{"line":19,"column":7}},"5":{"start":{"line":18,"column":8},"end":{"line":18,"column":26}},"6":{"start":{"line":21,"column":6},"end":{"line":21,"column":39}},"7":{"start":{"line":22,"column":6},"end":{"line":30,"column":9}},"8":{"start":{"line":25,"column":8},"end":{"line":25,"column":50}},"9":{"start":{"line":28,"column":8},"end":{"line":28,"column":47}},"10":{"start":{"line":29,"column":8},"end":{"line":29,"column":33}},"11":{"start":{"line":35,"column":31},"end":{"line":35,"column":41}},"12":{"start":{"line":36,"column":4},"end":{"line":40,"column":6}},"13":{"start":{"line":38,"column":59},"end":{"line":38,"column":79}}},"fnMap":{"0":{"name":"(anonymous_0)","decl":{"start":{"line":6,"column":2},"end":{"line":6,"column":3}},"loc":{"start":{"line":6,"column":21},"end":{"line":10,"column":3}},"line":6},"1":{"name":"(anonymous_1)","decl":{"start":{"line":12,"column":2},"end":{"line":12,"column":3}},"loc":{"start":{"line":12,"column":23},"end":{"line":32,"column":3}},"line":12},"2":{"name":"(anonymous_2)","decl":{"start":{"line":22,"column":29},"end":{"line":22,"column":30}},"loc":{"start":{"line":22,"column":35},"end":{"line":30,"column":7}},"line":22},"3":{"name":"(anonymous_3)","decl":{"start":{"line":34,"column":2},"end":{"line":34,"column":3}},"loc":{"start":{"line":34,"column":11},"end":{"line":41,"column":3}},"line":34},"4":{"name":"(anonymous_4)","decl":{"start":{"line":38,"column":44},"end":{"line":38,"column":45}},"loc":{"start":{"line":38,"column":57},"end":{"line":38,"column":81}},"line":38}},"branchMap":{"0":{"loc":{"start":{"line":13,"column":12},"end":{"line":13,"column":33}},"type":"default-arg","locations":[{"start":{"line":13,"column":31},"end":{"line":13,"column":33}}],"line":13},"1":{"loc":{"start":{"line":16,"column":4},"end":{"line":31,"column":5}},"type":"if","locations":[{"start":{"line":16,"column":4},"end":{"line":31,"column":5}},{"start":{"line":16,"column":4},"end":{"line":31,"column":5}}],"line":16},"2":{"loc":{"start":{"line":16,"column":8},"end":{"line":16,"column":51}},"type":"binary-expr","locations":[{"start":{"line":16,"column":8},"end":{"line":16,"column":22}},{"start":{"line":16,"column":26},"end":{"line":16,"column":35}},{"start":{"line":16,"column":39},"end":{"line":16,"column":51}}],"line":16},"3":{"loc":{"start":{"line":17,"column":6},"end":{"line":19,"column":7}},"type":"if","locations":[{"start":{"line":17,"column":6},"end":{"line":19,"column":7}},{"start":{"line":17,"column":6},"end":{"line":19,"column":7}}],"line":17},"4":{"loc":{"start":{"line":38,"column":9},"end":{"line":38,"column":85}},"type":"binary-expr","locations":[{"start":{"line":38,"column":9},"end":{"line":38,"column":23}},{"start":{"line":38,"column":27},"end":{"line":38,"column":85}}],"line":38}},"s":{"0":3,"1":3,"2":2,"3":2,"4":2,"5":2,"6":2,"7":2,"8":2,"9":2,"10":2,"11":5,"12":5,"13":4},"f":{"0":3,"1":2,"2":2,"3":5,"4":4},"b":{"0":[0],"1":[2,0],"2":[2,2,2],"3":[2,0],"4":[5,2]},"_coverageSchema":"1a1c01bbd47fc00a2c39e90264f33305004495a9","hash":"c1f53b09af90d02bd1a64f41997ee612eb6cd5c0"}
,"/home/renzhaozhao/Product/next/gaia/apps/communications/src/components/Tab/index.js": {"path":"/home/renzhaozhao/Product/next/gaia/apps/communications/src/components/Tab/index.js","statementMap":{"0":{"start":{"line":5,"column":19},"end":{"line":5,"column":34}},"1":{"start":{"line":9,"column":4},"end":{"line":9,"column":17}},"2":{"start":{"line":10,"column":4},"end":{"line":10,"column":23}},"3":{"start":{"line":14,"column":27},"end":{"line":14,"column":37}},"4":{"start":{"line":15,"column":4},"end":{"line":17,"column":5}},"5":{"start":{"line":16,"column":6},"end":{"line":16,"column":50}},"6":{"start":{"line":21,"column":4},"end":{"line":21,"column":27}},"7":{"start":{"line":25,"column":37},"end":{"line":25,"column":47}},"8":{"start":{"line":26,"column":18},"end":{"line":26,"column":56}},"9":{"start":{"line":27,"column":17},"end":{"line":27,"column":18}},"10":{"start":{"line":29,"column":17},"end":{"line":29,"column":38}},"11":{"start":{"line":30,"column":22},"end":{"line":30,"column":46}},"12":{"start":{"line":31,"column":24},"end":{"line":31,"column":46}},"13":{"start":{"line":32,"column":25},"end":{"line":32,"column":48}},"14":{"start":{"line":33,"column":25},"end":{"line":33,"column":65}},"15":{"start":{"line":34,"column":24},"end":{"line":34,"column":56}},"16":{"start":{"line":35,"column":25},"end":{"line":35,"column":58}},"17":{"start":{"line":36,"column":25},"end":{"line":36,"column":65}},"18":{"start":{"line":38,"column":4},"end":{"line":83,"column":5}},"19":{"start":{"line":39,"column":6},"end":{"line":39,"column":17}},"20":{"start":{"line":40,"column":11},"end":{"line":83,"column":5}},"21":{"start":{"line":41,"column":6},"end":{"line":51,"column":7}},"22":{"start":{"line":44,"column":8},"end":{"line":48,"column":9}},"23":{"start":{"line":45,"column":10},"end":{"line":45,"column":21}},"24":{"start":{"line":47,"column":10},"end":{"line":47,"column":32}},"25":{"start":{"line":50,"column":8},"end":{"line":50,"column":39}},"26":{"start":{"line":57,"column":28},"end":{"line":57,"column":60}},"27":{"start":{"line":58,"column":25},"end":{"line":58,"column":52}},"28":{"start":{"line":59,"column":6},"end":{"line":82,"column":7}},"29":{"start":{"line":60,"column":8},"end":{"line":71,"column":9}},"30":{"start":{"line":63,"column":10},"end":{"line":63,"column":21}},"31":{"start":{"line":64,"column":15},"end":{"line":71,"column":9}},"32":{"start":{"line":66,"column":10},"end":{"line":66,"column":32}},"33":{"start":{"line":67,"column":15},"end":{"line":71,"column":9}},"34":{"start":{"line":70,"column":10},"end":{"line":70,"column":32}},"35":{"start":{"line":73,"column":27},"end":{"line":73,"column":54}},"36":{"start":{"line":74,"column":8},"end":{"line":81,"column":9}},"37":{"start":{"line":75,"column":10},"end":{"line":80,"column":11}},"38":{"start":{"line":76,"column":12},"end":{"line":76,"column":65}},"39":{"start":{"line":77,"column":12},"end":{"line":77,"column":44}},"40":{"start":{"line":79,"column":12},"end":{"line":79,"column":43}},"41":{"start":{"line":84,"column":4},"end":{"line":84,"column":66}},"42":{"start":{"line":88,"column":45},"end":{"line":88,"column":55}},"43":{"start":{"line":89,"column":17},"end":{"line":105,"column":6}},"44":{"start":{"line":90,"column":25},"end":{"line":90,"column":66}},"45":{"start":{"line":91,"column":6},"end":{"line":104,"column":8}},"46":{"start":{"line":107,"column":4},"end":{"line":116,"column":6}},"47":{"start":{"line":112,"column":25},"end":{"line":112,"column":47}},"48":{"start":{"line":120,"column":0},"end":{"line":123,"column":2}}},"fnMap":{"0":{"name":"(anonymous_0)","decl":{"start":{"line":8,"column":2},"end":{"line":8,"column":3}},"loc":{"start":{"line":8,"column":21},"end":{"line":11,"column":3}},"line":8},"1":{"name":"(anonymous_1)","decl":{"start":{"line":13,"column":2},"end":{"line":13,"column":3}},"loc":{"start":{"line":13,"column":22},"end":{"line":18,"column":3}},"line":13},"2":{"name":"(anonymous_2)","decl":{"start":{"line":20,"column":2},"end":{"line":20,"column":3}},"loc":{"start":{"line":20,"column":23},"end":{"line":22,"column":3}},"line":20},"3":{"name":"(anonymous_3)","decl":{"start":{"line":24,"column":2},"end":{"line":24,"column":3}},"loc":{"start":{"line":24,"column":20},"end":{"line":85,"column":3}},"line":24},"4":{"name":"(anonymous_4)","decl":{"start":{"line":87,"column":2},"end":{"line":87,"column":3}},"loc":{"start":{"line":87,"column":11},"end":{"line":117,"column":3}},"line":87},"5":{"name":"(anonymous_5)","decl":{"start":{"line":89,"column":30},"end":{"line":89,"column":31}},"loc":{"start":{"line":89,"column":50},"end":{"line":105,"column":5}},"line":89},"6":{"name":"(anonymous_6)","decl":{"start":{"line":112,"column":13},"end":{"line":112,"column":14}},"loc":{"start":{"line":112,"column":25},"end":{"line":112,"column":47}},"line":112}},"branchMap":{"0":{"loc":{"start":{"line":15,"column":4},"end":{"line":17,"column":5}},"type":"if","locations":[{"start":{"line":15,"column":4},"end":{"line":17,"column":5}},{"start":{"line":15,"column":4},"end":{"line":17,"column":5}}],"line":15},"1":{"loc":{"start":{"line":38,"column":4},"end":{"line":83,"column":5}},"type":"if","locations":[{"start":{"line":38,"column":4},"end":{"line":83,"column":5}},{"start":{"line":38,"column":4},"end":{"line":83,"column":5}}],"line":38},"2":{"loc":{"start":{"line":40,"column":11},"end":{"line":83,"column":5}},"type":"if","locations":[{"start":{"line":40,"column":11},"end":{"line":83,"column":5}},{"start":{"line":40,"column":11},"end":{"line":83,"column":5}}],"line":40},"3":{"loc":{"start":{"line":41,"column":6},"end":{"line":51,"column":7}},"type":"if","locations":[{"start":{"line":41,"column":6},"end":{"line":51,"column":7}},{"start":{"line":41,"column":6},"end":{"line":51,"column":7}}],"line":41},"4":{"loc":{"start":{"line":44,"column":8},"end":{"line":48,"column":9}},"type":"if","locations":[{"start":{"line":44,"column":8},"end":{"line":48,"column":9}},{"start":{"line":44,"column":8},"end":{"line":48,"column":9}}],"line":44},"5":{"loc":{"start":{"line":59,"column":6},"end":{"line":82,"column":7}},"type":"if","locations":[{"start":{"line":59,"column":6},"end":{"line":82,"column":7}},{"start":{"line":59,"column":6},"end":{"line":82,"column":7}}],"line":59},"6":{"loc":{"start":{"line":60,"column":8},"end":{"line":71,"column":9}},"type":"if","locations":[{"start":{"line":60,"column":8},"end":{"line":71,"column":9}},{"start":{"line":60,"column":8},"end":{"line":71,"column":9}}],"line":60},"7":{"loc":{"start":{"line":60,"column":12},"end":{"line":60,"column":48}},"type":"binary-expr","locations":[{"start":{"line":60,"column":12},"end":{"line":60,"column":28}},{"start":{"line":60,"column":32},"end":{"line":60,"column":48}}],"line":60},"8":{"loc":{"start":{"line":64,"column":15},"end":{"line":71,"column":9}},"type":"if","locations":[{"start":{"line":64,"column":15},"end":{"line":71,"column":9}},{"start":{"line":64,"column":15},"end":{"line":71,"column":9}}],"line":64},"9":{"loc":{"start":{"line":64,"column":19},"end":{"line":64,"column":66}},"type":"binary-expr","locations":[{"start":{"line":64,"column":19},"end":{"line":64,"column":35}},{"start":{"line":64,"column":39},"end":{"line":64,"column":66}}],"line":64},"10":{"loc":{"start":{"line":67,"column":15},"end":{"line":71,"column":9}},"type":"if","locations":[{"start":{"line":67,"column":15},"end":{"line":71,"column":9}},{"start":{"line":67,"column":15},"end":{"line":71,"column":9}}],"line":67},"11":{"loc":{"start":{"line":67,"column":19},"end":{"line":67,"column":66}},"type":"binary-expr","locations":[{"start":{"line":67,"column":19},"end":{"line":67,"column":35}},{"start":{"line":67,"column":39},"end":{"line":67,"column":66}}],"line":67},"12":{"loc":{"start":{"line":74,"column":8},"end":{"line":81,"column":9}},"type":"if","locations":[{"start":{"line":74,"column":8},"end":{"line":81,"column":9}},{"start":{"line":74,"column":8},"end":{"line":81,"column":9}}],"line":74},"13":{"loc":{"start":{"line":75,"column":10},"end":{"line":80,"column":11}},"type":"if","locations":[{"start":{"line":75,"column":10},"end":{"line":80,"column":11}},{"start":{"line":75,"column":10},"end":{"line":80,"column":11}}],"line":75},"14":{"loc":{"start":{"line":88,"column":12},"end":{"line":88,"column":25}},"type":"default-arg","locations":[{"start":{"line":88,"column":23},"end":{"line":88,"column":25}}],"line":88},"15":{"loc":{"start":{"line":90,"column":25},"end":{"line":90,"column":66}},"type":"cond-expr","locations":[{"start":{"line":90,"column":51},"end":{"line":90,"column":61}},{"start":{"line":90,"column":64},"end":{"line":90,"column":66}}],"line":90}},"s":{"0":4,"1":9,"2":9,"3":9,"4":9,"5":9,"6":12,"7":12,"8":12,"9":12,"10":12,"11":12,"12":12,"13":12,"14":12,"15":12,"16":12,"17":12,"18":12,"19":3,"20":9,"21":2,"22":2,"23":0,"24":2,"25":0,"26":7,"27":7,"28":7,"29":4,"30":0,"31":4,"32":0,"33":4,"34":0,"35":3,"36":3,"37":0,"38":0,"39":0,"40":0,"41":12,"42":21,"43":21,"44":84,"45":84,"46":21,"47":42,"48":4},"f":{"0":9,"1":9,"2":12,"3":12,"4":21,"5":84,"6":42},"b":{"0":[9,0],"1":[3,9],"2":[2,7],"3":[2,0],"4":[0,2],"5":[4,3],"6":[0,4],"7":[4,4],"8":[0,4],"9":[4,0],"10":[0,4],"11":[4,0],"12":[0,3],"13":[0,0],"14":[0],"15":[21,63]},"_coverageSchema":"1a1c01bbd47fc00a2c39e90264f33305004495a9","hash":"dac673f1fec696397ac3e4f9c06e6c3dfeb89e8c"}
,"/home/renzhaozhao/Product/next/gaia/apps/communications/src/router/index.js": {"path":"/home/renzhaozhao/Product/next/gaia/apps/communications/src/router/index.js","statementMap":{"0":{"start":{"line":18,"column":16},"end":{"line":20,"column":1}},"1":{"start":{"line":19,"column":2},"end":{"line":19,"column":13}},"2":{"start":{"line":22,"column":17},"end":{"line":25,"column":2}},"3":{"start":{"line":23,"column":16},"end":{"line":23,"column":56}},"4":{"start":{"line":27,"column":21},"end":{"line":30,"column":2}},"5":{"start":{"line":28,"column":16},"end":{"line":28,"column":62}},"6":{"start":{"line":32,"column":21},"end":{"line":43,"column":1}}},"fnMap":{"0":{"name":"(anonymous_0)","decl":{"start":{"line":18,"column":16},"end":{"line":18,"column":17}},"loc":{"start":{"line":19,"column":2},"end":{"line":19,"column":13}},"line":19},"1":{"name":"(anonymous_1)","decl":{"start":{"line":23,"column":10},"end":{"line":23,"column":11}},"loc":{"start":{"line":23,"column":16},"end":{"line":23,"column":56}},"line":23},"2":{"name":"(anonymous_2)","decl":{"start":{"line":28,"column":10},"end":{"line":28,"column":11}},"loc":{"start":{"line":28,"column":16},"end":{"line":28,"column":62}},"line":28}},"branchMap":{},"s":{"0":1,"1":1,"2":1,"3":1,"4":1,"5":0,"6":1},"f":{"0":1,"1":1,"2":0},"b":{},"_coverageSchema":"1a1c01bbd47fc00a2c39e90264f33305004495a9","hash":"3520f0016e73d22144a88088b4fd38dd3733b3f1"}
,"/home/renzhaozhao/Product/next/gaia/apps/communications/src/views/calllogInfor/calllog_info_view.js": {"path":"/home/renzhaozhao/Product/next/gaia/apps/communications/src/views/calllogInfor/calllog_info_view.js","statementMap":{"0":{"start":{"line":23,"column":19},"end":{"line":23,"column":34}},"1":{"start":{"line":27,"column":4},"end":{"line":27,"column":17}},"2":{"start":{"line":28,"column":4},"end":{"line":28,"column":34}},"3":{"start":{"line":30,"column":4},"end":{"line":30,"column":26}},"4":{"start":{"line":31,"column":4},"end":{"line":31,"column":35}},"5":{"start":{"line":32,"column":4},"end":{"line":34,"column":6}},"6":{"start":{"line":35,"column":4},"end":{"line":35,"column":48}},"7":{"start":{"line":36,"column":4},"end":{"line":36,"column":36}},"8":{"start":{"line":40,"column":23},"end":{"line":40,"column":33}},"9":{"start":{"line":41,"column":4},"end":{"line":41,"column":26}},"10":{"start":{"line":42,"column":4},"end":{"line":42,"column":25}},"11":{"start":{"line":43,"column":4},"end":{"line":48,"column":5}},"12":{"start":{"line":44,"column":6},"end":{"line":47,"column":9}},"13":{"start":{"line":45,"column":8},"end":{"line":45,"column":46}},"14":{"start":{"line":46,"column":8},"end":{"line":46,"column":30}},"15":{"start":{"line":53,"column":4},"end":{"line":53,"column":17}},"16":{"start":{"line":57,"column":4},"end":{"line":57,"column":38}},"17":{"start":{"line":61,"column":27},"end":{"line":61,"column":37}},"18":{"start":{"line":62,"column":26},"end":{"line":62,"column":36}},"19":{"start":{"line":63,"column":4},"end":{"line":93,"column":5}},"20":{"start":{"line":65,"column":8},"end":{"line":65,"column":29}},"21":{"start":{"line":66,"column":8},"end":{"line":66,"column":30}},"22":{"start":{"line":67,"column":8},"end":{"line":67,"column":14}},"23":{"start":{"line":70,"column":8},"end":{"line":70,"column":29}},"24":{"start":{"line":71,"column":8},"end":{"line":71,"column":30}},"25":{"start":{"line":72,"column":8},"end":{"line":72,"column":48}},"26":{"start":{"line":73,"column":8},"end":{"line":73,"column":14}},"27":{"start":{"line":75,"column":27},"end":{"line":75,"column":37}},"28":{"start":{"line":76,"column":8},"end":{"line":78,"column":9}},"29":{"start":{"line":77,"column":10},"end":{"line":77,"column":16}},"30":{"start":{"line":79,"column":8},"end":{"line":79,"column":62}},"31":{"start":{"line":80,"column":8},"end":{"line":80,"column":14}},"32":{"start":{"line":82,"column":8},"end":{"line":82,"column":29}},"33":{"start":{"line":83,"column":8},"end":{"line":83,"column":30}},"34":{"start":{"line":85,"column":8},"end":{"line":85,"column":25}},"35":{"start":{"line":86,"column":8},"end":{"line":86,"column":14}},"36":{"start":{"line":88,"column":8},"end":{"line":88,"column":29}},"37":{"start":{"line":89,"column":8},"end":{"line":89,"column":30}},"38":{"start":{"line":91,"column":8},"end":{"line":91,"column":27}},"39":{"start":{"line":92,"column":8},"end":{"line":92,"column":14}},"40":{"start":{"line":96,"column":10},"end":{"line":101,"column":3}},"41":{"start":{"line":97,"column":27},"end":{"line":97,"column":37}},"42":{"start":{"line":98,"column":4},"end":{"line":100,"column":5}},"43":{"start":{"line":99,"column":6},"end":{"line":99,"column":27}},"44":{"start":{"line":104,"column":23},"end":{"line":104,"column":72}},"45":{"start":{"line":105,"column":4},"end":{"line":108,"column":5}},"46":{"start":{"line":106,"column":6},"end":{"line":106,"column":53}},"47":{"start":{"line":107,"column":6},"end":{"line":107,"column":56}},"48":{"start":{"line":111,"column":23},"end":{"line":111,"column":72}},"49":{"start":{"line":112,"column":18},"end":{"line":112,"column":59}},"50":{"start":{"line":113,"column":19},"end":{"line":115,"column":5}},"51":{"start":{"line":116,"column":4},"end":{"line":122,"column":5}},"52":{"start":{"line":120,"column":6},"end":{"line":120,"column":53}},"53":{"start":{"line":121,"column":6},"end":{"line":121,"column":56}},"54":{"start":{"line":126,"column":4},"end":{"line":128,"column":5}},"55":{"start":{"line":127,"column":6},"end":{"line":127,"column":13}},"56":{"start":{"line":130,"column":4},"end":{"line":137,"column":9}},"57":{"start":{"line":132,"column":8},"end":{"line":132,"column":44}},"58":{"start":{"line":133,"column":8},"end":{"line":133,"column":30}},"59":{"start":{"line":136,"column":8},"end":{"line":136,"column":27}},"60":{"start":{"line":141,"column":27},"end":{"line":141,"column":37}},"61":{"start":{"line":142,"column":4},"end":{"line":144,"column":5}},"62":{"start":{"line":143,"column":6},"end":{"line":143,"column":13}},"63":{"start":{"line":146,"column":4},"end":{"line":168,"column":7}},"64":{"start":{"line":154,"column":10},"end":{"line":154,"column":44}},"65":{"start":{"line":155,"column":10},"end":{"line":162,"column":15}},"66":{"start":{"line":157,"column":14},"end":{"line":157,"column":49}},"67":{"start":{"line":158,"column":14},"end":{"line":158,"column":36}},"68":{"start":{"line":161,"column":14},"end":{"line":161,"column":31}},"69":{"start":{"line":165,"column":10},"end":{"line":165,"column":44}},"70":{"start":{"line":172,"column":23},"end":{"line":172,"column":33}},"71":{"start":{"line":173,"column":26},"end":{"line":173,"column":36}},"72":{"start":{"line":175,"column":4},"end":{"line":192,"column":5}},"73":{"start":{"line":176,"column":6},"end":{"line":184,"column":8}},"74":{"start":{"line":186,"column":6},"end":{"line":191,"column":8}},"75":{"start":{"line":207,"column":8},"end":{"line":207,"column":18}},"76":{"start":{"line":208,"column":26},"end":{"line":208,"column":36}},"77":{"start":{"line":210,"column":22},"end":{"line":210,"column":28}},"78":{"start":{"line":211,"column":23},"end":{"line":211,"column":28}},"79":{"start":{"line":212,"column":21},"end":{"line":212,"column":56}},"80":{"start":{"line":214,"column":4},"end":{"line":219,"column":5}},"81":{"start":{"line":215,"column":6},"end":{"line":215,"column":41}},"82":{"start":{"line":216,"column":6},"end":{"line":216,"column":26}},"83":{"start":{"line":217,"column":11},"end":{"line":219,"column":5}},"84":{"start":{"line":218,"column":6},"end":{"line":218,"column":37}},"85":{"start":{"line":221,"column":26},"end":{"line":221,"column":62}},"86":{"start":{"line":223,"column":19},"end":{"line":223,"column":21}},"87":{"start":{"line":224,"column":4},"end":{"line":228,"column":5}},"88":{"start":{"line":225,"column":6},"end":{"line":227,"column":8}},"89":{"start":{"line":230,"column":29},"end":{"line":230,"column":58}},"90":{"start":{"line":232,"column":22},"end":{"line":232,"column":56}},"91":{"start":{"line":234,"column":4},"end":{"line":253,"column":5}},"92":{"start":{"line":235,"column":6},"end":{"line":239,"column":15}},"93":{"start":{"line":241,"column":6},"end":{"line":241,"column":30}},"94":{"start":{"line":242,"column":11},"end":{"line":253,"column":5}},"95":{"start":{"line":247,"column":20},"end":{"line":251,"column":7}},"96":{"start":{"line":252,"column":6},"end":{"line":252,"column":74}},"97":{"start":{"line":265,"column":25},"end":{"line":265,"column":27}},"98":{"start":{"line":266,"column":4},"end":{"line":272,"column":5}},"99":{"start":{"line":267,"column":6},"end":{"line":267,"column":30}},"100":{"start":{"line":268,"column":11},"end":{"line":272,"column":5}},"101":{"start":{"line":269,"column":6},"end":{"line":269,"column":37}},"102":{"start":{"line":271,"column":6},"end":{"line":271,"column":26}},"103":{"start":{"line":274,"column":22},"end":{"line":274,"column":78}},"104":{"start":{"line":276,"column":21},"end":{"line":276,"column":54}},"105":{"start":{"line":277,"column":21},"end":{"line":309,"column":6}},"106":{"start":{"line":278,"column":23},"end":{"line":278,"column":42}},"107":{"start":{"line":279,"column":23},"end":{"line":283,"column":8}},"108":{"start":{"line":285,"column":32},"end":{"line":289,"column":7}},"109":{"start":{"line":291,"column":6},"end":{"line":308,"column":8}},"110":{"start":{"line":311,"column":4},"end":{"line":341,"column":6}},"111":{"start":{"line":315,"column":25},"end":{"line":315,"column":47}},"112":{"start":{"line":316,"column":24},"end":{"line":316,"column":41}},"113":{"start":{"line":345,"column":0},"end":{"line":361,"column":2}},"114":{"start":{"line":346,"column":12},"end":{"line":346,"column":33}},"115":{"start":{"line":347,"column":12},"end":{"line":347,"column":43}},"116":{"start":{"line":348,"column":12},"end":{"line":348,"column":40}},"117":{"start":{"line":350,"column":12},"end":{"line":350,"column":14}},"118":{"start":{"line":351,"column":2},"end":{"line":353,"column":3}},"119":{"start":{"line":352,"column":4},"end":{"line":352,"column":47}},"120":{"start":{"line":354,"column":2},"end":{"line":356,"column":3}},"121":{"start":{"line":355,"column":4},"end":{"line":355,"column":49}},"122":{"start":{"line":357,"column":2},"end":{"line":359,"column":3}},"123":{"start":{"line":358,"column":4},"end":{"line":358,"column":49}},"124":{"start":{"line":360,"column":2},"end":{"line":360,"column":23}}},"fnMap":{"0":{"name":"(anonymous_0)","decl":{"start":{"line":26,"column":2},"end":{"line":26,"column":3}},"loc":{"start":{"line":26,"column":21},"end":{"line":37,"column":3}},"line":26},"1":{"name":"(anonymous_1)","decl":{"start":{"line":39,"column":2},"end":{"line":39,"column":3}},"loc":{"start":{"line":39,"column":22},"end":{"line":49,"column":3}},"line":39},"2":{"name":"(anonymous_2)","decl":{"start":{"line":44,"column":29},"end":{"line":44,"column":30}},"loc":{"start":{"line":44,"column":40},"end":{"line":47,"column":7}},"line":44},"3":{"name":"(anonymous_3)","decl":{"start":{"line":51,"column":2},"end":{"line":51,"column":3}},"loc":{"start":{"line":51,"column":23},"end":{"line":54,"column":3}},"line":51},"4":{"name":"(anonymous_4)","decl":{"start":{"line":56,"column":2},"end":{"line":56,"column":3}},"loc":{"start":{"line":56,"column":25},"end":{"line":58,"column":3}},"line":56},"5":{"name":"(anonymous_5)","decl":{"start":{"line":60,"column":2},"end":{"line":60,"column":3}},"loc":{"start":{"line":60,"column":17},"end":{"line":94,"column":3}},"line":60},"6":{"name":"(anonymous_6)","decl":{"start":{"line":96,"column":10},"end":{"line":96,"column":11}},"loc":{"start":{"line":96,"column":16},"end":{"line":101,"column":3}},"line":96},"7":{"name":"(anonymous_7)","decl":{"start":{"line":103,"column":2},"end":{"line":103,"column":3}},"loc":{"start":{"line":103,"column":14},"end":{"line":109,"column":3}},"line":103},"8":{"name":"(anonymous_8)","decl":{"start":{"line":110,"column":2},"end":{"line":110,"column":3}},"loc":{"start":{"line":110,"column":16},"end":{"line":123,"column":3}},"line":110},"9":{"name":"(anonymous_9)","decl":{"start":{"line":125,"column":2},"end":{"line":125,"column":3}},"loc":{"start":{"line":125,"column":18},"end":{"line":138,"column":3}},"line":125},"10":{"name":"(anonymous_10)","decl":{"start":{"line":131,"column":12},"end":{"line":131,"column":13}},"loc":{"start":{"line":131,"column":17},"end":{"line":134,"column":7}},"line":131},"11":{"name":"(anonymous_11)","decl":{"start":{"line":135,"column":13},"end":{"line":135,"column":14}},"loc":{"start":{"line":135,"column":20},"end":{"line":137,"column":7}},"line":135},"12":{"name":"(anonymous_12)","decl":{"start":{"line":140,"column":2},"end":{"line":140,"column":3}},"loc":{"start":{"line":140,"column":16},"end":{"line":169,"column":3}},"line":140},"13":{"name":"(anonymous_13)","decl":{"start":{"line":153,"column":14},"end":{"line":153,"column":15}},"loc":{"start":{"line":153,"column":20},"end":{"line":163,"column":9}},"line":153},"14":{"name":"(anonymous_14)","decl":{"start":{"line":156,"column":18},"end":{"line":156,"column":19}},"loc":{"start":{"line":156,"column":23},"end":{"line":159,"column":13}},"line":156},"15":{"name":"(anonymous_15)","decl":{"start":{"line":160,"column":19},"end":{"line":160,"column":20}},"loc":{"start":{"line":160,"column":26},"end":{"line":162,"column":13}},"line":160},"16":{"name":"(anonymous_16)","decl":{"start":{"line":164,"column":18},"end":{"line":164,"column":19}},"loc":{"start":{"line":164,"column":24},"end":{"line":166,"column":9}},"line":164},"17":{"name":"(anonymous_17)","decl":{"start":{"line":171,"column":2},"end":{"line":171,"column":3}},"loc":{"start":{"line":171,"column":19},"end":{"line":193,"column":3}},"line":171},"18":{"name":"(anonymous_18)","decl":{"start":{"line":195,"column":2},"end":{"line":195,"column":3}},"loc":{"start":{"line":195,"column":11},"end":{"line":342,"column":3}},"line":195},"19":{"name":"(anonymous_19)","decl":{"start":{"line":277,"column":49},"end":{"line":277,"column":50}},"loc":{"start":{"line":277,"column":57},"end":{"line":309,"column":5}},"line":277},"20":{"name":"(anonymous_20)","decl":{"start":{"line":315,"column":13},"end":{"line":315,"column":14}},"loc":{"start":{"line":315,"column":25},"end":{"line":315,"column":47}},"line":315},"21":{"name":"(anonymous_21)","decl":{"start":{"line":316,"column":19},"end":{"line":316,"column":20}},"loc":{"start":{"line":316,"column":24},"end":{"line":316,"column":41}},"line":316},"22":{"name":"(anonymous_22)","decl":{"start":{"line":345,"column":34},"end":{"line":345,"column":35}},"loc":{"start":{"line":345,"column":47},"end":{"line":361,"column":1}},"line":345}},"branchMap":{"0":{"loc":{"start":{"line":43,"column":4},"end":{"line":48,"column":5}},"type":"if","locations":[{"start":{"line":43,"column":4},"end":{"line":48,"column":5}},{"start":{"line":43,"column":4},"end":{"line":48,"column":5}}],"line":43},"1":{"loc":{"start":{"line":63,"column":4},"end":{"line":93,"column":5}},"type":"switch","locations":[{"start":{"line":64,"column":6},"end":{"line":67,"column":14}},{"start":{"line":68,"column":6},"end":{"line":68,"column":23}},{"start":{"line":69,"column":6},"end":{"line":73,"column":14}},{"start":{"line":74,"column":6},"end":{"line":80,"column":14}},{"start":{"line":81,"column":6},"end":{"line":86,"column":14}},{"start":{"line":87,"column":6},"end":{"line":92,"column":14}}],"line":63},"2":{"loc":{"start":{"line":76,"column":8},"end":{"line":78,"column":9}},"type":"if","locations":[{"start":{"line":76,"column":8},"end":{"line":78,"column":9}},{"start":{"line":76,"column":8},"end":{"line":78,"column":9}}],"line":76},"3":{"loc":{"start":{"line":79,"column":8},"end":{"line":79,"column":61}},"type":"cond-expr","locations":[{"start":{"line":79,"column":20},"end":{"line":79,"column":40}},{"start":{"line":79,"column":43},"end":{"line":79,"column":61}}],"line":79},"4":{"loc":{"start":{"line":98,"column":4},"end":{"line":100,"column":5}},"type":"if","locations":[{"start":{"line":98,"column":4},"end":{"line":100,"column":5}},{"start":{"line":98,"column":4},"end":{"line":100,"column":5}}],"line":98},"5":{"loc":{"start":{"line":98,"column":8},"end":{"line":98,"column":78}},"type":"binary-expr","locations":[{"start":{"line":98,"column":8},"end":{"line":98,"column":19}},{"start":{"line":98,"column":23},"end":{"line":98,"column":35}},{"start":{"line":98,"column":39},"end":{"line":98,"column":78}}],"line":98},"6":{"loc":{"start":{"line":105,"column":4},"end":{"line":108,"column":5}},"type":"if","locations":[{"start":{"line":105,"column":4},"end":{"line":108,"column":5}},{"start":{"line":105,"column":4},"end":{"line":108,"column":5}}],"line":105},"7":{"loc":{"start":{"line":116,"column":4},"end":{"line":122,"column":5}},"type":"if","locations":[{"start":{"line":116,"column":4},"end":{"line":122,"column":5}},{"start":{"line":116,"column":4},"end":{"line":122,"column":5}}],"line":116},"8":{"loc":{"start":{"line":117,"column":6},"end":{"line":118,"column":73}},"type":"binary-expr","locations":[{"start":{"line":117,"column":6},"end":{"line":117,"column":33}},{"start":{"line":118,"column":10},"end":{"line":118,"column":72}}],"line":117},"9":{"loc":{"start":{"line":126,"column":4},"end":{"line":128,"column":5}},"type":"if","locations":[{"start":{"line":126,"column":4},"end":{"line":128,"column":5}},{"start":{"line":126,"column":4},"end":{"line":128,"column":5}}],"line":126},"10":{"loc":{"start":{"line":142,"column":4},"end":{"line":144,"column":5}},"type":"if","locations":[{"start":{"line":142,"column":4},"end":{"line":144,"column":5}},{"start":{"line":142,"column":4},"end":{"line":144,"column":5}}],"line":142},"11":{"loc":{"start":{"line":175,"column":4},"end":{"line":192,"column":5}},"type":"if","locations":[{"start":{"line":175,"column":4},"end":{"line":192,"column":5}},{"start":{"line":175,"column":4},"end":{"line":192,"column":5}}],"line":175},"12":{"loc":{"start":{"line":175,"column":8},"end":{"line":175,"column":38}},"type":"binary-expr","locations":[{"start":{"line":175,"column":8},"end":{"line":175,"column":14}},{"start":{"line":175,"column":18},"end":{"line":175,"column":38}}],"line":175},"13":{"loc":{"start":{"line":179,"column":17},"end":{"line":181,"column":47}},"type":"cond-expr","locations":[{"start":{"line":180,"column":14},"end":{"line":180,"column":16}},{"start":{"line":181,"column":15},"end":{"line":181,"column":46}}],"line":179},"14":{"loc":{"start":{"line":181,"column":15},"end":{"line":181,"column":46}},"type":"cond-expr","locations":[{"start":{"line":181,"column":27},"end":{"line":181,"column":36}},{"start":{"line":181,"column":39},"end":{"line":181,"column":46}}],"line":181},"15":{"loc":{"start":{"line":201,"column":6},"end":{"line":201,"column":22}},"type":"default-arg","locations":[{"start":{"line":201,"column":20},"end":{"line":201,"column":22}}],"line":201},"16":{"loc":{"start":{"line":214,"column":4},"end":{"line":219,"column":5}},"type":"if","locations":[{"start":{"line":214,"column":4},"end":{"line":219,"column":5}},{"start":{"line":214,"column":4},"end":{"line":219,"column":5}}],"line":214},"17":{"loc":{"start":{"line":214,"column":8},"end":{"line":214,"column":40}},"type":"binary-expr","locations":[{"start":{"line":214,"column":8},"end":{"line":214,"column":16}},{"start":{"line":214,"column":20},"end":{"line":214,"column":40}}],"line":214},"18":{"loc":{"start":{"line":217,"column":11},"end":{"line":219,"column":5}},"type":"if","locations":[{"start":{"line":217,"column":11},"end":{"line":219,"column":5}},{"start":{"line":217,"column":11},"end":{"line":219,"column":5}}],"line":217},"19":{"loc":{"start":{"line":221,"column":26},"end":{"line":221,"column":62}},"type":"cond-expr","locations":[{"start":{"line":221,"column":40},"end":{"line":221,"column":42}},{"start":{"line":221,"column":45},"end":{"line":221,"column":62}}],"line":221},"20":{"loc":{"start":{"line":224,"column":4},"end":{"line":228,"column":5}},"type":"if","locations":[{"start":{"line":224,"column":4},"end":{"line":228,"column":5}},{"start":{"line":224,"column":4},"end":{"line":228,"column":5}}],"line":224},"21":{"loc":{"start":{"line":230,"column":29},"end":{"line":230,"column":58}},"type":"binary-expr","locations":[{"start":{"line":230,"column":29},"end":{"line":230,"column":45}},{"start":{"line":230,"column":49},"end":{"line":230,"column":58}}],"line":230},"22":{"loc":{"start":{"line":234,"column":4},"end":{"line":253,"column":5}},"type":"if","locations":[{"start":{"line":234,"column":4},"end":{"line":253,"column":5}},{"start":{"line":234,"column":4},"end":{"line":253,"column":5}}],"line":234},"23":{"loc":{"start":{"line":234,"column":8},"end":{"line":234,"column":46}},"type":"binary-expr","locations":[{"start":{"line":234,"column":8},"end":{"line":234,"column":17}},{"start":{"line":234,"column":21},"end":{"line":234,"column":30}},{"start":{"line":234,"column":34},"end":{"line":234,"column":46}}],"line":234},"24":{"loc":{"start":{"line":235,"column":24},"end":{"line":239,"column":14}},"type":"cond-expr","locations":[{"start":{"line":236,"column":10},"end":{"line":236,"column":27}},{"start":{"line":237,"column":10},"end":{"line":239,"column":14}}],"line":235},"25":{"loc":{"start":{"line":237,"column":10},"end":{"line":239,"column":14}},"type":"cond-expr","locations":[{"start":{"line":238,"column":12},"end":{"line":238,"column":23}},{"start":{"line":239,"column":12},"end":{"line":239,"column":14}}],"line":237},"26":{"loc":{"start":{"line":242,"column":11},"end":{"line":253,"column":5}},"type":"if","locations":[{"start":{"line":242,"column":11},"end":{"line":253,"column":5}},{"start":{"line":242,"column":11},"end":{"line":253,"column":5}}],"line":242},"27":{"loc":{"start":{"line":243,"column":6},"end":{"line":245,"column":30}},"type":"binary-expr","locations":[{"start":{"line":243,"column":6},"end":{"line":243,"column":26}},{"start":{"line":244,"column":9},"end":{"line":244,"column":22}},{"start":{"line":245,"column":9},"end":{"line":245,"column":30}}],"line":243},"28":{"loc":{"start":{"line":266,"column":4},"end":{"line":272,"column":5}},"type":"if","locations":[{"start":{"line":266,"column":4},"end":{"line":272,"column":5}},{"start":{"line":266,"column":4},"end":{"line":272,"column":5}}],"line":266},"29":{"loc":{"start":{"line":268,"column":11},"end":{"line":272,"column":5}},"type":"if","locations":[{"start":{"line":268,"column":11},"end":{"line":272,"column":5}},{"start":{"line":268,"column":11},"end":{"line":272,"column":5}}],"line":268},"30":{"loc":{"start":{"line":274,"column":22},"end":{"line":274,"column":78}},"type":"cond-expr","locations":[{"start":{"line":274,"column":58},"end":{"line":274,"column":71}},{"start":{"line":274,"column":74},"end":{"line":274,"column":78}}],"line":274},"31":{"loc":{"start":{"line":274,"column":22},"end":{"line":274,"column":55}},"type":"binary-expr","locations":[{"start":{"line":274,"column":22},"end":{"line":274,"column":42}},{"start":{"line":274,"column":46},"end":{"line":274,"column":55}}],"line":274},"32":{"loc":{"start":{"line":277,"column":22},"end":{"line":277,"column":43}},"type":"binary-expr","locations":[{"start":{"line":277,"column":22},"end":{"line":277,"column":27}},{"start":{"line":277,"column":31},"end":{"line":277,"column":43}}],"line":277},"33":{"loc":{"start":{"line":285,"column":32},"end":{"line":289,"column":7}},"type":"cond-expr","locations":[{"start":{"line":285,"column":70},"end":{"line":285,"column":74}},{"start":{"line":286,"column":8},"end":{"line":288,"column":14}}],"line":285},"34":{"loc":{"start":{"line":351,"column":2},"end":{"line":353,"column":3}},"type":"if","locations":[{"start":{"line":351,"column":2},"end":{"line":353,"column":3}},{"start":{"line":351,"column":2},"end":{"line":353,"column":3}}],"line":351},"35":{"loc":{"start":{"line":354,"column":2},"end":{"line":356,"column":3}},"type":"if","locations":[{"start":{"line":354,"column":2},"end":{"line":356,"column":3}},{"start":{"line":354,"column":2},"end":{"line":356,"column":3}}],"line":354},"36":{"loc":{"start":{"line":357,"column":2},"end":{"line":359,"column":3}},"type":"if","locations":[{"start":{"line":357,"column":2},"end":{"line":359,"column":3}},{"start":{"line":357,"column":2},"end":{"line":359,"column":3}}],"line":357}},"s":{"0":1,"1":2,"2":2,"3":2,"4":2,"5":2,"6":2,"7":2,"8":2,"9":2,"10":2,"11":2,"12":2,"13":2,"14":2,"15":3,"16":2,"17":5,"18":5,"19":5,"20":1,"21":1,"22":1,"23":1,"24":1,"25":1,"26":1,"27":1,"28":1,"29":0,"30":1,"31":1,"32":1,"33":1,"34":1,"35":1,"36":1,"37":1,"38":1,"39":1,"40":2,"41":3,"42":3,"43":2,"44":1,"45":1,"46":0,"47":0,"48":1,"49":1,"50":1,"51":1,"52":0,"53":0,"54":0,"55":0,"56":0,"57":0,"58":0,"59":0,"60":1,"61":1,"62":0,"63":1,"64":1,"65":1,"66":1,"67":1,"68":0,"69":1,"70":5,"71":5,"72":5,"73":5,"74":0,"75":5,"76":5,"77":5,"78":5,"79":5,"80":5,"81":0,"82":0,"83":5,"84":2,"85":5,"86":5,"87":5,"88":5,"89":5,"90":5,"91":5,"92":2,"93":2,"94":3,"95":0,"96":0,"97":5,"98":5,"99":2,"100":3,"101":0,"102":3,"103":5,"104":5,"105":5,"106":10,"107":10,"108":10,"109":10,"110":5,"111":10,"112":5,"113":1,"114":10,"115":10,"116":10,"117":10,"118":10,"119":0,"120":10,"121":0,"122":10,"123":0,"124":10},"f":{"0":2,"1":2,"2":2,"3":3,"4":2,"5":5,"6":3,"7":1,"8":1,"9":0,"10":0,"11":0,"12":1,"13":1,"14":1,"15":0,"16":1,"17":5,"18":5,"19":10,"20":10,"21":5,"22":10},"b":{"0":[2,0],"1":[1,0,1,1,1,1],"2":[0,1],"3":[0,1],"4":[2,1],"5":[3,3,3],"6":[0,1],"7":[0,1],"8":[1,0],"9":[0,0],"10":[0,1],"11":[5,0],"12":[5,5],"13":[2,3],"14":[3,0],"15":[0],"16":[0,5],"17":[5,0],"18":[2,3],"19":[5,0],"20":[5,0],"21":[5,3],"22":[2,3],"23":[5,5,3],"24":[2,0],"25":[0,0],"26":[0,3],"27":[3,3,3],"28":[2,3],"29":[0,3],"30":[2,3],"31":[5,5],"32":[5,0],"33":[0,10],"34":[0,10],"35":[0,10],"36":[0,10]},"_coverageSchema":"1a1c01bbd47fc00a2c39e90264f33305004495a9","hash":"1d852a5dffc180db5418ae8c08288114220331c0"}
,"/home/renzhaozhao/Product/next/gaia/apps/communications/src/views/calllogList/calllog_list.js": {"path":"/home/renzhaozhao/Product/next/gaia/apps/communications/src/views/calllogList/calllog_list.js","statementMap":{"0":{"start":{"line":13,"column":4},"end":{"line":13,"column":17}},"1":{"start":{"line":14,"column":4},"end":{"line":14,"column":30}},"2":{"start":{"line":15,"column":4},"end":{"line":15,"column":23}},"3":{"start":{"line":16,"column":4},"end":{"line":16,"column":26}},"4":{"start":{"line":17,"column":4},"end":{"line":17,"column":31}},"5":{"start":{"line":18,"column":4},"end":{"line":18,"column":26}},"6":{"start":{"line":19,"column":4},"end":{"line":19,"column":28}},"7":{"start":{"line":20,"column":4},"end":{"line":20,"column":43}},"8":{"start":{"line":21,"column":4},"end":{"line":21,"column":35}},"9":{"start":{"line":22,"column":4},"end":{"line":24,"column":5}},"10":{"start":{"line":29,"column":19},"end":{"line":29,"column":42}},"11":{"start":{"line":30,"column":4},"end":{"line":34,"column":9}},"12":{"start":{"line":33,"column":8},"end":{"line":33,"column":52}},"13":{"start":{"line":38,"column":25},"end":{"line":38,"column":73}},"14":{"start":{"line":39,"column":17},"end":{"line":39,"column":29}},"15":{"start":{"line":40,"column":18},"end":{"line":40,"column":32}},"16":{"start":{"line":41,"column":19},"end":{"line":41,"column":54}},"17":{"start":{"line":42,"column":4},"end":{"line":44,"column":5}},"18":{"start":{"line":43,"column":6},"end":{"line":43,"column":53}},"19":{"start":{"line":45,"column":4},"end":{"line":54,"column":5}},"20":{"start":{"line":46,"column":6},"end":{"line":52,"column":7}},"21":{"start":{"line":47,"column":8},"end":{"line":47,"column":58}},"22":{"start":{"line":48,"column":13},"end":{"line":52,"column":7}},"23":{"start":{"line":50,"column":8},"end":{"line":51,"column":58}},"24":{"start":{"line":53,"column":6},"end":{"line":53,"column":55}},"25":{"start":{"line":58,"column":26},"end":{"line":58,"column":36}},"26":{"start":{"line":59,"column":4},"end":{"line":59,"column":44}},"27":{"start":{"line":62,"column":19},"end":{"line":106,"column":3}},"28":{"start":{"line":63,"column":31},"end":{"line":63,"column":41}},"29":{"start":{"line":64,"column":4},"end":{"line":64,"column":48}},"30":{"start":{"line":65,"column":4},"end":{"line":65,"column":62}},"31":{"start":{"line":66,"column":17},"end":{"line":66,"column":45}},"32":{"start":{"line":68,"column":27},"end":{"line":70,"column":20}},"33":{"start":{"line":68,"column":37},"end":{"line":70,"column":20}},"34":{"start":{"line":72,"column":18},"end":{"line":76,"column":5}},"35":{"start":{"line":78,"column":4},"end":{"line":85,"column":5}},"36":{"start":{"line":79,"column":29},"end":{"line":82,"column":7}},"37":{"start":{"line":84,"column":6},"end":{"line":84,"column":46}},"38":{"start":{"line":87,"column":4},"end":{"line":100,"column":7}},"39":{"start":{"line":88,"column":28},"end":{"line":95,"column":7}},"40":{"start":{"line":92,"column":10},"end":{"line":92,"column":52}},"41":{"start":{"line":93,"column":10},"end":{"line":93,"column":40}},"42":{"start":{"line":97,"column":6},"end":{"line":99,"column":24}},"43":{"start":{"line":102,"column":4},"end":{"line":105,"column":7}},"44":{"start":{"line":109,"column":27},"end":{"line":109,"column":37}},"45":{"start":{"line":110,"column":27},"end":{"line":110,"column":37}},"46":{"start":{"line":111,"column":4},"end":{"line":114,"column":7}},"47":{"start":{"line":118,"column":4},"end":{"line":124,"column":7}},"48":{"start":{"line":128,"column":4},"end":{"line":137,"column":7}},"49":{"start":{"line":141,"column":4},"end":{"line":149,"column":7}},"50":{"start":{"line":153,"column":4},"end":{"line":153,"column":35}},"51":{"start":{"line":157,"column":26},"end":{"line":157,"column":36}},"52":{"start":{"line":158,"column":4},"end":{"line":163,"column":5}},"53":{"start":{"line":162,"column":6},"end":{"line":162,"column":18}},"54":{"start":{"line":165,"column":4},"end":{"line":165,"column":17}},"55":{"start":{"line":169,"column":27},"end":{"line":169,"column":37}},"56":{"start":{"line":170,"column":50},"end":{"line":170,"column":60}},"57":{"start":{"line":176,"column":19},"end":{"line":176,"column":28}},"58":{"start":{"line":177,"column":4},"end":{"line":184,"column":7}},"59":{"start":{"line":178,"column":23},"end":{"line":178,"column":36}},"60":{"start":{"line":179,"column":6},"end":{"line":181,"column":7}},"61":{"start":{"line":180,"column":8},"end":{"line":180,"column":35}},"62":{"start":{"line":183,"column":6},"end":{"line":183,"column":43}},"63":{"start":{"line":187,"column":14},"end":{"line":187,"column":16}},"64":{"start":{"line":188,"column":16},"end":{"line":188,"column":33}},"65":{"start":{"line":189,"column":24},"end":{"line":189,"column":25}},"66":{"start":{"line":190,"column":27},"end":{"line":190,"column":28}},"67":{"start":{"line":191,"column":4},"end":{"line":191,"column":31}},"68":{"start":{"line":192,"column":4},"end":{"line":248,"column":7}},"69":{"start":{"line":193,"column":18},"end":{"line":193,"column":20}},"70":{"start":{"line":194,"column":22},"end":{"line":194,"column":26}},"71":{"start":{"line":195,"column":26},"end":{"line":195,"column":57}},"72":{"start":{"line":196,"column":6},"end":{"line":222,"column":9}},"73":{"start":{"line":197,"column":28},"end":{"line":197,"column":57}},"74":{"start":{"line":198,"column":8},"end":{"line":219,"column":9}},"75":{"start":{"line":199,"column":10},"end":{"line":203,"column":11}},"76":{"start":{"line":200,"column":12},"end":{"line":200,"column":46}},"77":{"start":{"line":202,"column":12},"end":{"line":202,"column":49}},"78":{"start":{"line":205,"column":10},"end":{"line":205,"column":28}},"79":{"start":{"line":206,"column":10},"end":{"line":208,"column":13}},"80":{"start":{"line":209,"column":10},"end":{"line":218,"column":12}},"81":{"start":{"line":216,"column":31},"end":{"line":216,"column":69}},"82":{"start":{"line":220,"column":8},"end":{"line":220,"column":24}},"83":{"start":{"line":221,"column":8},"end":{"line":221,"column":16}},"84":{"start":{"line":224,"column":6},"end":{"line":247,"column":7}},"85":{"start":{"line":225,"column":8},"end":{"line":229,"column":9}},"86":{"start":{"line":226,"column":10},"end":{"line":226,"column":49}},"87":{"start":{"line":228,"column":10},"end":{"line":228,"column":52}},"88":{"start":{"line":231,"column":25},"end":{"line":231,"column":65}},"89":{"start":{"line":233,"column":8},"end":{"line":246,"column":10}},"90":{"start":{"line":249,"column":25},"end":{"line":251,"column":5}},"91":{"start":{"line":252,"column":28},"end":{"line":254,"column":5}},"92":{"start":{"line":255,"column":4},"end":{"line":270,"column":5}},"93":{"start":{"line":256,"column":6},"end":{"line":262,"column":8}},"94":{"start":{"line":260,"column":28},"end":{"line":260,"column":50}},"95":{"start":{"line":263,"column":6},"end":{"line":269,"column":8}},"96":{"start":{"line":267,"column":28},"end":{"line":267,"column":53}},"97":{"start":{"line":271,"column":4},"end":{"line":271,"column":15}},"98":{"start":{"line":275,"column":16},"end":{"line":275,"column":40}},"99":{"start":{"line":276,"column":4},"end":{"line":284,"column":6}},"100":{"start":{"line":280,"column":26},"end":{"line":280,"column":48}}},"fnMap":{"0":{"name":"(anonymous_0)","decl":{"start":{"line":12,"column":2},"end":{"line":12,"column":3}},"loc":{"start":{"line":12,"column":21},"end":{"line":25,"column":3}},"line":12},"1":{"name":"(anonymous_1)","decl":{"start":{"line":27,"column":2},"end":{"line":27,"column":3}},"loc":{"start":{"line":27,"column":22},"end":{"line":35,"column":3}},"line":27},"2":{"name":"(anonymous_2)","decl":{"start":{"line":32,"column":12},"end":{"line":32,"column":13}},"loc":{"start":{"line":32,"column":28},"end":{"line":34,"column":7}},"line":32},"3":{"name":"(anonymous_3)","decl":{"start":{"line":37,"column":2},"end":{"line":37,"column":3}},"loc":{"start":{"line":37,"column":37},"end":{"line":55,"column":3}},"line":37},"4":{"name":"(anonymous_4)","decl":{"start":{"line":57,"column":2},"end":{"line":57,"column":3}},"loc":{"start":{"line":57,"column":24},"end":{"line":60,"column":3}},"line":57},"5":{"name":"(anonymous_5)","decl":{"start":{"line":62,"column":19},"end":{"line":62,"column":20}},"loc":{"start":{"line":62,"column":56},"end":{"line":106,"column":3}},"line":62},"6":{"name":"(anonymous_6)","decl":{"start":{"line":68,"column":27},"end":{"line":68,"column":28}},"loc":{"start":{"line":68,"column":37},"end":{"line":70,"column":20}},"line":68},"7":{"name":"(anonymous_7)","decl":{"start":{"line":87,"column":26},"end":{"line":87,"column":27}},"loc":{"start":{"line":87,"column":34},"end":{"line":100,"column":5}},"line":87},"8":{"name":"(anonymous_8)","decl":{"start":{"line":90,"column":18},"end":{"line":90,"column":19}},"loc":{"start":{"line":90,"column":24},"end":{"line":94,"column":9}},"line":90},"9":{"name":"(anonymous_9)","decl":{"start":{"line":108,"column":2},"end":{"line":108,"column":3}},"loc":{"start":{"line":108,"column":32},"end":{"line":115,"column":3}},"line":108},"10":{"name":"(anonymous_10)","decl":{"start":{"line":117,"column":2},"end":{"line":117,"column":3}},"loc":{"start":{"line":117,"column":24},"end":{"line":125,"column":3}},"line":117},"11":{"name":"(anonymous_11)","decl":{"start":{"line":127,"column":2},"end":{"line":127,"column":3}},"loc":{"start":{"line":127,"column":33},"end":{"line":138,"column":3}},"line":127},"12":{"name":"(anonymous_12)","decl":{"start":{"line":140,"column":2},"end":{"line":140,"column":3}},"loc":{"start":{"line":140,"column":37},"end":{"line":150,"column":3}},"line":140},"13":{"name":"(anonymous_13)","decl":{"start":{"line":152,"column":2},"end":{"line":152,"column":3}},"loc":{"start":{"line":152,"column":28},"end":{"line":154,"column":3}},"line":152},"14":{"name":"(anonymous_14)","decl":{"start":{"line":156,"column":2},"end":{"line":156,"column":3}},"loc":{"start":{"line":156,"column":21},"end":{"line":166,"column":3}},"line":156},"15":{"name":"(anonymous_15)","decl":{"start":{"line":168,"column":2},"end":{"line":168,"column":3}},"loc":{"start":{"line":168,"column":22},"end":{"line":272,"column":3}},"line":168},"16":{"name":"(anonymous_16)","decl":{"start":{"line":177,"column":21},"end":{"line":177,"column":22}},"loc":{"start":{"line":177,"column":35},"end":{"line":184,"column":5}},"line":177},"17":{"name":"(anonymous_17)","decl":{"start":{"line":192,"column":21},"end":{"line":192,"column":22}},"loc":{"start":{"line":192,"column":47},"end":{"line":248,"column":5}},"line":192},"18":{"name":"(anonymous_18)","decl":{"start":{"line":196,"column":25},"end":{"line":196,"column":26}},"loc":{"start":{"line":196,"column":33},"end":{"line":222,"column":7}},"line":196},"19":{"name":"(anonymous_19)","decl":{"start":{"line":216,"column":19},"end":{"line":216,"column":20}},"loc":{"start":{"line":216,"column":31},"end":{"line":216,"column":69}},"line":216},"20":{"name":"(anonymous_20)","decl":{"start":{"line":260,"column":15},"end":{"line":260,"column":16}},"loc":{"start":{"line":260,"column":28},"end":{"line":260,"column":50}},"line":260},"21":{"name":"(anonymous_21)","decl":{"start":{"line":267,"column":15},"end":{"line":267,"column":16}},"loc":{"start":{"line":267,"column":28},"end":{"line":267,"column":53}},"line":267},"22":{"name":"(anonymous_22)","decl":{"start":{"line":274,"column":2},"end":{"line":274,"column":3}},"loc":{"start":{"line":274,"column":11},"end":{"line":285,"column":3}},"line":274},"23":{"name":"(anonymous_23)","decl":{"start":{"line":280,"column":13},"end":{"line":280,"column":14}},"loc":{"start":{"line":280,"column":26},"end":{"line":280,"column":48}},"line":280}},"branchMap":{"0":{"loc":{"start":{"line":42,"column":4},"end":{"line":44,"column":5}},"type":"if","locations":[{"start":{"line":42,"column":4},"end":{"line":44,"column":5}},{"start":{"line":42,"column":4},"end":{"line":44,"column":5}}],"line":42},"1":{"loc":{"start":{"line":45,"column":4},"end":{"line":54,"column":5}},"type":"if","locations":[{"start":{"line":45,"column":4},"end":{"line":54,"column":5}},{"start":{"line":45,"column":4},"end":{"line":54,"column":5}}],"line":45},"2":{"loc":{"start":{"line":46,"column":6},"end":{"line":52,"column":7}},"type":"if","locations":[{"start":{"line":46,"column":6},"end":{"line":52,"column":7}},{"start":{"line":46,"column":6},"end":{"line":52,"column":7}}],"line":46},"3":{"loc":{"start":{"line":48,"column":13},"end":{"line":52,"column":7}},"type":"if","locations":[{"start":{"line":48,"column":13},"end":{"line":52,"column":7}},{"start":{"line":48,"column":13},"end":{"line":52,"column":7}}],"line":48},"4":{"loc":{"start":{"line":78,"column":4},"end":{"line":85,"column":5}},"type":"if","locations":[{"start":{"line":78,"column":4},"end":{"line":85,"column":5}},{"start":{"line":78,"column":4},"end":{"line":85,"column":5}}],"line":78},"5":{"loc":{"start":{"line":97,"column":13},"end":{"line":99,"column":23}},"type":"cond-expr","locations":[{"start":{"line":98,"column":10},"end":{"line":98,"column":45}},{"start":{"line":99,"column":10},"end":{"line":99,"column":23}}],"line":97},"6":{"loc":{"start":{"line":158,"column":4},"end":{"line":163,"column":5}},"type":"if","locations":[{"start":{"line":158,"column":4},"end":{"line":163,"column":5}},{"start":{"line":158,"column":4},"end":{"line":163,"column":5}}],"line":158},"7":{"loc":{"start":{"line":159,"column":6},"end":{"line":160,"column":46}},"type":"binary-expr","locations":[{"start":{"line":159,"column":6},"end":{"line":159,"column":43}},{"start":{"line":160,"column":9},"end":{"line":160,"column":46}}],"line":159},"8":{"loc":{"start":{"line":179,"column":6},"end":{"line":181,"column":7}},"type":"if","locations":[{"start":{"line":179,"column":6},"end":{"line":181,"column":7}},{"start":{"line":179,"column":6},"end":{"line":181,"column":7}}],"line":179},"9":{"loc":{"start":{"line":198,"column":8},"end":{"line":219,"column":9}},"type":"if","locations":[{"start":{"line":198,"column":8},"end":{"line":219,"column":9}},{"start":{"line":198,"column":8},"end":{"line":219,"column":9}}],"line":198},"10":{"loc":{"start":{"line":199,"column":10},"end":{"line":203,"column":11}},"type":"if","locations":[{"start":{"line":199,"column":10},"end":{"line":203,"column":11}},{"start":{"line":199,"column":10},"end":{"line":203,"column":11}}],"line":199},"11":{"loc":{"start":{"line":224,"column":6},"end":{"line":247,"column":7}},"type":"if","locations":[{"start":{"line":224,"column":6},"end":{"line":247,"column":7}},{"start":{"line":224,"column":6},"end":{"line":247,"column":7}}],"line":224},"12":{"loc":{"start":{"line":225,"column":8},"end":{"line":229,"column":9}},"type":"if","locations":[{"start":{"line":225,"column":8},"end":{"line":229,"column":9}},{"start":{"line":225,"column":8},"end":{"line":229,"column":9}}],"line":225},"13":{"loc":{"start":{"line":255,"column":4},"end":{"line":270,"column":5}},"type":"if","locations":[{"start":{"line":255,"column":4},"end":{"line":270,"column":5}},{"start":{"line":255,"column":4},"end":{"line":270,"column":5}}],"line":255},"14":{"loc":{"start":{"line":255,"column":8},"end":{"line":255,"column":41}},"type":"binary-expr","locations":[{"start":{"line":255,"column":8},"end":{"line":255,"column":21}},{"start":{"line":255,"column":25},"end":{"line":255,"column":41}}],"line":255}},"s":{"0":8,"1":8,"2":8,"3":8,"4":8,"5":8,"6":8,"7":8,"8":8,"9":8,"10":8,"11":8,"12":8,"13":16,"14":16,"15":16,"16":16,"17":16,"18":9,"19":16,"20":0,"21":0,"22":0,"23":0,"24":0,"25":16,"26":16,"27":8,"28":1,"29":1,"30":1,"31":1,"32":1,"33":5,"34":1,"35":1,"36":1,"37":1,"38":1,"39":5,"40":5,"41":5,"42":5,"43":1,"44":1,"45":1,"46":1,"47":1,"48":1,"49":1,"50":1,"51":57,"52":57,"53":0,"54":57,"55":24,"56":24,"57":24,"58":24,"59":57,"60":57,"61":57,"62":57,"63":24,"64":24,"65":24,"66":24,"67":24,"68":24,"69":57,"70":57,"71":57,"72":57,"73":57,"74":57,"75":0,"76":0,"77":0,"78":57,"79":57,"80":57,"81":114,"82":57,"83":57,"84":57,"85":0,"86":0,"87":0,"88":57,"89":57,"90":24,"91":24,"92":24,"93":0,"94":0,"95":0,"96":0,"97":24,"98":24,"99":24,"100":48},"f":{"0":8,"1":8,"2":8,"3":16,"4":16,"5":1,"6":5,"7":5,"8":5,"9":1,"10":1,"11":1,"12":1,"13":1,"14":57,"15":24,"16":57,"17":57,"18":57,"19":114,"20":0,"21":0,"22":24,"23":48},"b":{"0":[9,7],"1":[0,16],"2":[0,0],"3":[0,0],"4":[1,0],"5":[3,2],"6":[0,57],"7":[57,57],"8":[57,0],"9":[0,57],"10":[0,0],"11":[0,57],"12":[0,0],"13":[0,24],"14":[24,24]},"_coverageSchema":"1a1c01bbd47fc00a2c39e90264f33305004495a9","hash":"41b369cd4ab71d5f87101c599689d4025e718680"}
,"/home/renzhaozhao/Product/next/gaia/apps/communications/src/views/calllogList/calllog_list_item.js": {"path":"/home/renzhaozhao/Product/next/gaia/apps/communications/src/views/calllogList/calllog_list_item.js","statementMap":{"0":{"start":{"line":9,"column":19},"end":{"line":9,"column":34}},"1":{"start":{"line":13,"column":4},"end":{"line":13,"column":17}},"2":{"start":{"line":14,"column":4},"end":{"line":14,"column":34}},"3":{"start":{"line":15,"column":4},"end":{"line":15,"column":23}},"4":{"start":{"line":16,"column":4},"end":{"line":16,"column":48}},"5":{"start":{"line":35,"column":8},"end":{"line":35,"column":18}},"6":{"start":{"line":37,"column":21},"end":{"line":37,"column":54}},"7":{"start":{"line":39,"column":22},"end":{"line":39,"column":24}},"8":{"start":{"line":40,"column":28},"end":{"line":40,"column":30}},"9":{"start":{"line":41,"column":22},"end":{"line":41,"column":56}},"10":{"start":{"line":42,"column":23},"end":{"line":42,"column":43}},"11":{"start":{"line":43,"column":4},"end":{"line":47,"column":13}},"12":{"start":{"line":48,"column":24},"end":{"line":48,"column":48}},"13":{"start":{"line":49,"column":23},"end":{"line":49,"column":28}},"14":{"start":{"line":50,"column":4},"end":{"line":63,"column":5}},"15":{"start":{"line":51,"column":23},"end":{"line":51,"column":45}},"16":{"start":{"line":52,"column":6},"end":{"line":59,"column":7}},"17":{"start":{"line":53,"column":8},"end":{"line":53,"column":43}},"18":{"start":{"line":54,"column":8},"end":{"line":54,"column":28}},"19":{"start":{"line":55,"column":13},"end":{"line":59,"column":7}},"20":{"start":{"line":56,"column":8},"end":{"line":56,"column":39}},"21":{"start":{"line":58,"column":8},"end":{"line":58,"column":29}},"22":{"start":{"line":60,"column":6},"end":{"line":62,"column":7}},"23":{"start":{"line":61,"column":8},"end":{"line":61,"column":46}},"24":{"start":{"line":64,"column":4},"end":{"line":66,"column":5}},"25":{"start":{"line":65,"column":6},"end":{"line":65,"column":41}},"26":{"start":{"line":68,"column":24},"end":{"line":68,"column":28}},"27":{"start":{"line":69,"column":4},"end":{"line":75,"column":5}},"28":{"start":{"line":70,"column":6},"end":{"line":74,"column":8}},"29":{"start":{"line":76,"column":18},"end":{"line":76,"column":22}},"30":{"start":{"line":77,"column":4},"end":{"line":79,"column":5}},"31":{"start":{"line":78,"column":6},"end":{"line":78,"column":68}},"32":{"start":{"line":80,"column":22},"end":{"line":80,"column":39}},"33":{"start":{"line":81,"column":4},"end":{"line":86,"column":5}},"34":{"start":{"line":82,"column":27},"end":{"line":82,"column":59}},"35":{"start":{"line":83,"column":6},"end":{"line":85,"column":7}},"36":{"start":{"line":84,"column":8},"end":{"line":84,"column":35}},"37":{"start":{"line":87,"column":21},"end":{"line":87,"column":35}},"38":{"start":{"line":88,"column":21},"end":{"line":92,"column":6}},"39":{"start":{"line":94,"column":24},"end":{"line":94,"column":32}},"40":{"start":{"line":95,"column":28},"end":{"line":95,"column":32}},"41":{"start":{"line":96,"column":29},"end":{"line":96,"column":31}},"42":{"start":{"line":97,"column":25},"end":{"line":97,"column":27}},"43":{"start":{"line":98,"column":4},"end":{"line":100,"column":5}},"44":{"start":{"line":99,"column":6},"end":{"line":99,"column":44}},"45":{"start":{"line":101,"column":4},"end":{"line":105,"column":5}},"46":{"start":{"line":102,"column":6},"end":{"line":102,"column":32}},"47":{"start":{"line":103,"column":6},"end":{"line":103,"column":30}},"48":{"start":{"line":104,"column":6},"end":{"line":104,"column":29}},"49":{"start":{"line":106,"column":4},"end":{"line":115,"column":5}},"50":{"start":{"line":107,"column":6},"end":{"line":109,"column":7}},"51":{"start":{"line":108,"column":8},"end":{"line":108,"column":47}},"52":{"start":{"line":110,"column":6},"end":{"line":114,"column":8}},"53":{"start":{"line":118,"column":21},"end":{"line":118,"column":55}},"54":{"start":{"line":121,"column":6},"end":{"line":126,"column":8}},"55":{"start":{"line":129,"column":19},"end":{"line":129,"column":21}},"56":{"start":{"line":131,"column":4},"end":{"line":160,"column":5}},"57":{"start":{"line":139,"column":6},"end":{"line":150,"column":8}},"58":{"start":{"line":152,"column":6},"end":{"line":159,"column":8}},"59":{"start":{"line":162,"column":4},"end":{"line":192,"column":6}},"60":{"start":{"line":166,"column":25},"end":{"line":166,"column":47}}},"fnMap":{"0":{"name":"(anonymous_0)","decl":{"start":{"line":12,"column":2},"end":{"line":12,"column":3}},"loc":{"start":{"line":12,"column":21},"end":{"line":17,"column":3}},"line":12},"1":{"name":"(anonymous_1)","decl":{"start":{"line":19,"column":2},"end":{"line":19,"column":3}},"loc":{"start":{"line":19,"column":11},"end":{"line":193,"column":3}},"line":19},"2":{"name":"(anonymous_2)","decl":{"start":{"line":166,"column":13},"end":{"line":166,"column":14}},"loc":{"start":{"line":166,"column":25},"end":{"line":166,"column":47}},"line":166}},"branchMap":{"0":{"loc":{"start":{"line":26,"column":6},"end":{"line":26,"column":24}},"type":"default-arg","locations":[{"start":{"line":26,"column":20},"end":{"line":26,"column":24}}],"line":26},"1":{"loc":{"start":{"line":43,"column":24},"end":{"line":47,"column":12}},"type":"cond-expr","locations":[{"start":{"line":44,"column":8},"end":{"line":44,"column":25}},{"start":{"line":45,"column":8},"end":{"line":47,"column":12}}],"line":43},"2":{"loc":{"start":{"line":45,"column":8},"end":{"line":47,"column":12}},"type":"cond-expr","locations":[{"start":{"line":46,"column":10},"end":{"line":46,"column":21}},{"start":{"line":47,"column":10},"end":{"line":47,"column":12}}],"line":45},"3":{"loc":{"start":{"line":50,"column":4},"end":{"line":63,"column":5}},"type":"if","locations":[{"start":{"line":50,"column":4},"end":{"line":63,"column":5}},{"start":{"line":50,"column":4},"end":{"line":63,"column":5}}],"line":50},"4":{"loc":{"start":{"line":52,"column":6},"end":{"line":59,"column":7}},"type":"if","locations":[{"start":{"line":52,"column":6},"end":{"line":59,"column":7}},{"start":{"line":52,"column":6},"end":{"line":59,"column":7}}],"line":52},"5":{"loc":{"start":{"line":52,"column":10},"end":{"line":52,"column":42}},"type":"binary-expr","locations":[{"start":{"line":52,"column":10},"end":{"line":52,"column":18}},{"start":{"line":52,"column":22},"end":{"line":52,"column":42}}],"line":52},"6":{"loc":{"start":{"line":55,"column":13},"end":{"line":59,"column":7}},"type":"if","locations":[{"start":{"line":55,"column":13},"end":{"line":59,"column":7}},{"start":{"line":55,"column":13},"end":{"line":59,"column":7}}],"line":55},"7":{"loc":{"start":{"line":55,"column":17},"end":{"line":55,"column":48}},"type":"binary-expr","locations":[{"start":{"line":55,"column":17},"end":{"line":55,"column":28}},{"start":{"line":55,"column":32},"end":{"line":55,"column":48}}],"line":55},"8":{"loc":{"start":{"line":60,"column":6},"end":{"line":62,"column":7}},"type":"if","locations":[{"start":{"line":60,"column":6},"end":{"line":62,"column":7}},{"start":{"line":60,"column":6},"end":{"line":62,"column":7}}],"line":60},"9":{"loc":{"start":{"line":64,"column":4},"end":{"line":66,"column":5}},"type":"if","locations":[{"start":{"line":64,"column":4},"end":{"line":66,"column":5}},{"start":{"line":64,"column":4},"end":{"line":66,"column":5}}],"line":64},"10":{"loc":{"start":{"line":64,"column":8},"end":{"line":64,"column":41}},"type":"binary-expr","locations":[{"start":{"line":64,"column":8},"end":{"line":64,"column":25}},{"start":{"line":64,"column":29},"end":{"line":64,"column":41}}],"line":64},"11":{"loc":{"start":{"line":69,"column":4},"end":{"line":75,"column":5}},"type":"if","locations":[{"start":{"line":69,"column":4},"end":{"line":75,"column":5}},{"start":{"line":69,"column":4},"end":{"line":75,"column":5}}],"line":69},"12":{"loc":{"start":{"line":69,"column":8},"end":{"line":69,"column":33}},"type":"binary-expr","locations":[{"start":{"line":69,"column":8},"end":{"line":69,"column":13}},{"start":{"line":69,"column":17},"end":{"line":69,"column":33}}],"line":69},"13":{"loc":{"start":{"line":77,"column":4},"end":{"line":79,"column":5}},"type":"if","locations":[{"start":{"line":77,"column":4},"end":{"line":79,"column":5}},{"start":{"line":77,"column":4},"end":{"line":79,"column":5}}],"line":77},"14":{"loc":{"start":{"line":81,"column":4},"end":{"line":86,"column":5}},"type":"if","locations":[{"start":{"line":81,"column":4},"end":{"line":86,"column":5}},{"start":{"line":81,"column":4},"end":{"line":86,"column":5}}],"line":81},"15":{"loc":{"start":{"line":83,"column":6},"end":{"line":85,"column":7}},"type":"if","locations":[{"start":{"line":83,"column":6},"end":{"line":85,"column":7}},{"start":{"line":83,"column":6},"end":{"line":85,"column":7}}],"line":83},"16":{"loc":{"start":{"line":98,"column":4},"end":{"line":100,"column":5}},"type":"if","locations":[{"start":{"line":98,"column":4},"end":{"line":100,"column":5}},{"start":{"line":98,"column":4},"end":{"line":100,"column":5}}],"line":98},"17":{"loc":{"start":{"line":98,"column":8},"end":{"line":98,"column":56}},"type":"binary-expr","locations":[{"start":{"line":98,"column":8},"end":{"line":98,"column":21}},{"start":{"line":98,"column":25},"end":{"line":98,"column":36}},{"start":{"line":98,"column":40},"end":{"line":98,"column":56}}],"line":98},"18":{"loc":{"start":{"line":101,"column":4},"end":{"line":105,"column":5}},"type":"if","locations":[{"start":{"line":101,"column":4},"end":{"line":105,"column":5}},{"start":{"line":101,"column":4},"end":{"line":105,"column":5}}],"line":101},"19":{"loc":{"start":{"line":101,"column":8},"end":{"line":101,"column":30}},"type":"binary-expr","locations":[{"start":{"line":101,"column":8},"end":{"line":101,"column":17}},{"start":{"line":101,"column":21},"end":{"line":101,"column":30}}],"line":101},"20":{"loc":{"start":{"line":106,"column":4},"end":{"line":115,"column":5}},"type":"if","locations":[{"start":{"line":106,"column":4},"end":{"line":115,"column":5}},{"start":{"line":106,"column":4},"end":{"line":115,"column":5}}],"line":106},"21":{"loc":{"start":{"line":106,"column":8},"end":{"line":106,"column":44}},"type":"binary-expr","locations":[{"start":{"line":106,"column":8},"end":{"line":106,"column":26}},{"start":{"line":106,"column":30},"end":{"line":106,"column":44}}],"line":106},"22":{"loc":{"start":{"line":107,"column":6},"end":{"line":109,"column":7}},"type":"if","locations":[{"start":{"line":107,"column":6},"end":{"line":109,"column":7}},{"start":{"line":107,"column":6},"end":{"line":109,"column":7}}],"line":107},"23":{"loc":{"start":{"line":118,"column":21},"end":{"line":118,"column":55}},"type":"cond-expr","locations":[{"start":{"line":118,"column":31},"end":{"line":118,"column":41}},{"start":{"line":118,"column":44},"end":{"line":118,"column":55}}],"line":118},"24":{"loc":{"start":{"line":131,"column":4},"end":{"line":160,"column":5}},"type":"if","locations":[{"start":{"line":131,"column":4},"end":{"line":160,"column":5}},{"start":{"line":131,"column":4},"end":{"line":160,"column":5}}],"line":131},"25":{"loc":{"start":{"line":132,"column":6},"end":{"line":137,"column":30}},"type":"binary-expr","locations":[{"start":{"line":132,"column":6},"end":{"line":132,"column":26}},{"start":{"line":133,"column":9},"end":{"line":133,"column":19}},{"start":{"line":134,"column":9},"end":{"line":134,"column":19}},{"start":{"line":135,"column":9},"end":{"line":135,"column":22}},{"start":{"line":136,"column":9},"end":{"line":136,"column":20}},{"start":{"line":137,"column":9},"end":{"line":137,"column":30}}],"line":132}},"s":{"0":4,"1":34,"2":34,"3":34,"4":34,"5":62,"6":62,"7":62,"8":62,"9":62,"10":62,"11":62,"12":62,"13":62,"14":62,"15":47,"16":47,"17":1,"18":1,"19":46,"20":1,"21":45,"22":47,"23":1,"24":62,"25":16,"26":62,"27":62,"28":1,"29":62,"30":62,"31":1,"32":62,"33":62,"34":62,"35":62,"36":62,"37":62,"38":62,"39":62,"40":62,"41":62,"42":62,"43":62,"44":1,"45":62,"46":15,"47":15,"48":15,"49":62,"50":16,"51":1,"52":16,"53":62,"54":62,"55":62,"56":62,"57":1,"58":61,"59":62,"60":124},"f":{"0":34,"1":62,"2":124},"b":{"0":[57],"1":[15,47],"2":[0,47],"3":[47,15],"4":[1,46],"5":[47,1],"6":[1,45],"7":[46,3],"8":[1,46],"9":[16,46],"10":[62,16],"11":[1,61],"12":[62,6],"13":[1,61],"14":[62,0],"15":[62,0],"16":[1,61],"17":[62,61,4],"18":[15,47],"19":[62,47],"20":[16,46],"21":[62,61],"22":[1,15],"23":[0,62],"24":[1,61],"25":[62,62,47,47,46,3]},"_coverageSchema":"1a1c01bbd47fc00a2c39e90264f33305004495a9","hash":"747a4f8ddab9a741d370c45955c6dc4805e8cf68"}
,"/home/renzhaozhao/Product/next/gaia/apps/communications/src/views/calllogList/calllog_view.js": {"path":"/home/renzhaozhao/Product/next/gaia/apps/communications/src/views/calllogList/calllog_view.js","statementMap":{"0":{"start":{"line":18,"column":19},"end":{"line":18,"column":34}},"1":{"start":{"line":33,"column":4},"end":{"line":33,"column":17}},"2":{"start":{"line":34,"column":4},"end":{"line":34,"column":30}},"3":{"start":{"line":35,"column":4},"end":{"line":35,"column":23}},"4":{"start":{"line":37,"column":4},"end":{"line":42,"column":6}},"5":{"start":{"line":44,"column":4},"end":{"line":44,"column":26}},"6":{"start":{"line":45,"column":4},"end":{"line":45,"column":38}},"7":{"start":{"line":46,"column":4},"end":{"line":46,"column":22}},"8":{"start":{"line":48,"column":78},"end":{"line":48,"column":99}},"9":{"start":{"line":49,"column":30},"end":{"line":49,"column":90}},"10":{"start":{"line":50,"column":22},"end":{"line":50,"column":41}},"11":{"start":{"line":51,"column":27},"end":{"line":51,"column":100}},"12":{"start":{"line":52,"column":4},"end":{"line":52,"column":43}},"13":{"start":{"line":54,"column":4},"end":{"line":64,"column":6}},"14":{"start":{"line":66,"column":4},"end":{"line":66,"column":40}},"15":{"start":{"line":67,"column":4},"end":{"line":67,"column":21}},"16":{"start":{"line":68,"column":4},"end":{"line":68,"column":29}},"17":{"start":{"line":70,"column":4},"end":{"line":70,"column":36}},"18":{"start":{"line":72,"column":27},"end":{"line":72,"column":32}},"19":{"start":{"line":73,"column":4},"end":{"line":77,"column":5}},"20":{"start":{"line":74,"column":6},"end":{"line":74,"column":66}},"21":{"start":{"line":75,"column":6},"end":{"line":75,"column":67}},"22":{"start":{"line":76,"column":6},"end":{"line":76,"column":69}},"23":{"start":{"line":81,"column":15},"end":{"line":126,"column":3}},"24":{"start":{"line":82,"column":26},"end":{"line":82,"column":37}},"25":{"start":{"line":83,"column":39},"end":{"line":83,"column":49}},"26":{"start":{"line":84,"column":4},"end":{"line":108,"column":5}},"27":{"start":{"line":86,"column":8},"end":{"line":90,"column":9}},"28":{"start":{"line":87,"column":10},"end":{"line":89,"column":13}},"29":{"start":{"line":91,"column":8},"end":{"line":91,"column":14}},"30":{"start":{"line":93,"column":8},"end":{"line":100,"column":9}},"31":{"start":{"line":94,"column":10},"end":{"line":96,"column":13}},"32":{"start":{"line":99,"column":10},"end":{"line":99,"column":41}},"33":{"start":{"line":101,"column":8},"end":{"line":101,"column":14}},"34":{"start":{"line":105,"column":8},"end":{"line":107,"column":11}},"35":{"start":{"line":111,"column":4},"end":{"line":111,"column":36}},"36":{"start":{"line":113,"column":4},"end":{"line":123,"column":5}},"37":{"start":{"line":114,"column":6},"end":{"line":118,"column":7}},"38":{"start":{"line":120,"column":6},"end":{"line":122,"column":7}},"39":{"start":{"line":125,"column":4},"end":{"line":125,"column":23}},"40":{"start":{"line":128,"column":13},"end":{"line":133,"column":3}},"41":{"start":{"line":129,"column":4},"end":{"line":129,"column":31}},"42":{"start":{"line":130,"column":4},"end":{"line":132,"column":14}},"43":{"start":{"line":131,"column":6},"end":{"line":131,"column":66}},"44":{"start":{"line":136,"column":4},"end":{"line":146,"column":5}},"45":{"start":{"line":137,"column":35},"end":{"line":137,"column":45}},"46":{"start":{"line":138,"column":6},"end":{"line":145,"column":9}},"47":{"start":{"line":150,"column":27},"end":{"line":150,"column":37}},"48":{"start":{"line":152,"column":4},"end":{"line":157,"column":5}},"49":{"start":{"line":153,"column":6},"end":{"line":153,"column":37}},"50":{"start":{"line":156,"column":6},"end":{"line":156,"column":69}},"51":{"start":{"line":160,"column":4},"end":{"line":160,"column":22}},"52":{"start":{"line":163,"column":4},"end":{"line":163,"column":42}},"53":{"start":{"line":165,"column":4},"end":{"line":165,"column":66}},"54":{"start":{"line":166,"column":4},"end":{"line":166,"column":64}},"55":{"start":{"line":168,"column":4},"end":{"line":168,"column":65}},"56":{"start":{"line":170,"column":4},"end":{"line":170,"column":27}},"57":{"start":{"line":172,"column":4},"end":{"line":172,"column":53}},"58":{"start":{"line":173,"column":4},"end":{"line":173,"column":50}},"59":{"start":{"line":175,"column":4},"end":{"line":175,"column":55}},"60":{"start":{"line":178,"column":19},"end":{"line":178,"column":62}},"61":{"start":{"line":179,"column":4},"end":{"line":182,"column":5}},"62":{"start":{"line":180,"column":6},"end":{"line":180,"column":42}},"63":{"start":{"line":181,"column":6},"end":{"line":181,"column":22}},"64":{"start":{"line":184,"column":23},"end":{"line":184,"column":64}},"65":{"start":{"line":185,"column":19},"end":{"line":185,"column":56}},"66":{"start":{"line":186,"column":4},"end":{"line":186,"column":65}},"67":{"start":{"line":190,"column":4},"end":{"line":190,"column":67}},"68":{"start":{"line":191,"column":4},"end":{"line":191,"column":68}},"69":{"start":{"line":192,"column":4},"end":{"line":192,"column":70}},"70":{"start":{"line":195,"column":4},"end":{"line":195,"column":38}},"71":{"start":{"line":196,"column":4},"end":{"line":196,"column":44}},"72":{"start":{"line":200,"column":33},"end":{"line":200,"column":43}},"73":{"start":{"line":202,"column":4},"end":{"line":205,"column":7}},"74":{"start":{"line":208,"column":21},"end":{"line":273,"column":3}},"75":{"start":{"line":209,"column":27},"end":{"line":209,"column":37}},"76":{"start":{"line":210,"column":17},"end":{"line":210,"column":19}},"77":{"start":{"line":213,"column":4},"end":{"line":226,"column":5}},"78":{"start":{"line":214,"column":6},"end":{"line":223,"column":7}},"79":{"start":{"line":215,"column":8},"end"
[...]
7":{"start":{"line":197,"column":14},"end":{"line":199,"column":15}},"58":{"start":{"line":198,"column":16},"end":{"line":198,"column":42}},"59":{"start":{"line":202,"column":12},"end":{"line":204,"column":15}},"60":{"start":{"line":203,"column":14},"end":{"line":203,"column":43}},"61":{"start":{"line":207,"column":10},"end":{"line":207,"column":16}},"62":{"start":{"line":211,"column":10},"end":{"line":211,"column":27}},"63":{"start":{"line":212,"column":10},"end":{"line":212,"column":16}},"64":{"start":{"line":216,"column":16},"end":{"line":275,"column":5}},"65":{"start":{"line":217,"column":19},"end":{"line":217,"column":21}},"66":{"start":{"line":220,"column":24},"end":{"line":220,"column":45}},"67":{"start":{"line":223,"column":28},"end":{"line":223,"column":44}},"68":{"start":{"line":225,"column":6},"end":{"line":274,"column":9}},"69":{"start":{"line":226,"column":39},"end":{"line":226,"column":45}},"70":{"start":{"line":227,"column":24},"end":{"line":227,"column":33}},"71":{"start":{"line":228,"column":8},"end":{"line":230,"column":11}},"72":{"start":{"line":229,"column":10},"end":{"line":229,"column":39}},"73":{"start":{"line":233,"column":8},"end":{"line":239,"column":11}},"74":{"start":{"line":237,"column":10},"end":{"line":237,"column":39}},"75":{"start":{"line":238,"column":10},"end":{"line":238,"column":35}},"76":{"start":{"line":249,"column":8},"end":{"line":255,"column":11}},"77":{"start":{"line":252,"column":10},"end":{"line":254,"column":11}},"78":{"start":{"line":253,"column":12},"end":{"line":253,"column":38}},"79":{"start":{"line":258,"column":8},"end":{"line":273,"column":9}},"80":{"start":{"line":259,"column":10},"end":{"line":272,"column":13}},"81":{"start":{"line":260,"column":12},"end":{"line":271,"column":13}},"82":{"start":{"line":261,"column":14},"end":{"line":270,"column":16}},"83":{"start":{"line":268,"column":18},"end":{"line":268,"column":47}},"84":{"start":{"line":278,"column":17},"end":{"line":288,"column":5}},"85":{"start":{"line":280,"column":28},"end":{"line":280,"column":38}},"86":{"start":{"line":281,"column":6},"end":{"line":283,"column":9}},"87":{"start":{"line":282,"column":8},"end":{"line":282,"column":29}},"88":{"start":{"line":285,"column":6},"end":{"line":287,"column":9}},"89":{"start":{"line":286,"column":8},"end":{"line":286,"column":33}},"90":{"start":{"line":291,"column":43},"end":{"line":291,"column":53}},"91":{"start":{"line":293,"column":20},"end":{"line":298,"column":7}},"92":{"start":{"line":300,"column":6},"end":{"line":300,"column":32}}},"fnMap":{"0":{"name":"(anonymous_0)","decl":{"start":{"line":60,"column":18},"end":{"line":60,"column":19}},"loc":{"start":{"line":60,"column":25},"end":{"line":303,"column":1}},"line":60},"1":{"name":"(anonymous_1)","decl":{"start":{"line":62,"column":4},"end":{"line":62,"column":5}},"loc":{"start":{"line":62,"column":23},"end":{"line":80,"column":5}},"line":62},"2":{"name":"(anonymous_2)","decl":{"start":{"line":76,"column":56},"end":{"line":76,"column":57}},"loc":{"start":{"line":76,"column":65},"end":{"line":78,"column":9}},"line":76},"3":{"name":"(anonymous_3)","decl":{"start":{"line":82,"column":4},"end":{"line":82,"column":5}},"loc":{"start":{"line":82,"column":24},"end":{"line":87,"column":5}},"line":82},"4":{"name":"(anonymous_4)","decl":{"start":{"line":89,"column":4},"end":{"line":89,"column":5}},"loc":{"start":{"line":89,"column":27},"end":{"line":101,"column":5}},"line":89},"5":{"name":"(anonymous_5)","decl":{"start":{"line":92,"column":59},"end":{"line":92,"column":60}},"loc":{"start":{"line":92,"column":68},"end":{"line":94,"column":9}},"line":92},"6":{"name":"(anonymous_6)","decl":{"start":{"line":104,"column":25},"end":{"line":104,"column":26}},"loc":{"start":{"line":104,"column":38},"end":{"line":115,"column":5}},"line":104},"7":{"name":"(anonymous_7)","decl":{"start":{"line":106,"column":56},"end":{"line":106,"column":57}},"loc":{"start":{"line":106,"column":66},"end":{"line":106,"column":87}},"line":106},"8":{"name":"(anonymous_8)","decl":{"start":{"line":117,"column":16},"end":{"line":117,"column":17}},"loc":{"start":{"line":117,"column":24},"end":{"line":143,"column":5}},"line":117},"9":{"name":"(anonymous_9)","decl":{"start":{"line":145,"column":17},"end":{"line":145,"column":18}},"loc":{"start":{"line":145,"column":38},"end":{"line":182,"column":5}},"line":145},"10":{"name":"(anonymous_10)","decl":{"start":{"line":155,"column":13},"end":{"line":155,"column":14}},"loc":{"start":{"line":155,"column":19},"end":{"line":159,"column":11}},"line":155},"11":{"name":"(anonymous_11)","decl":{"start":{"line":163,"column":45},"end":{"line":163,"column":46}},"loc":{"start":{"line":163,"column":60},"end":{"line":176,"column":13}},"line":163},"12":{"name":"(anonymous_12)","decl":{"start":{"line":170,"column":19},"end":{"line":170,"column":20}},"loc":{"start":{"line":170,"column":25},"end":{"line":174,"column":17}},"line":170},"13":{"name":"(anonymous_13)","decl":{"start":{"line":184,"column":20},"end":{"line":184,"column":21}},"loc":{"start":{"line":184,"column":27},"end":{"line":214,"column":5}},"line":184},"14":{"name":"(anonymous_14)","decl":{"start":{"line":191,"column":56},"end":{"line":191,"column":57}},"loc":{"start":{"line":191,"column":62},"end":{"line":193,"column":13}},"line":191},"15":{"name":"(anonymous_15)","decl":{"start":{"line":196,"column":34},"end":{"line":196,"column":35}},"loc":{"start":{"line":196,"column":50},"end":{"line":200,"column":13}},"line":196},"16":{"name":"(anonymous_16)","decl":{"start":{"line":202,"column":45},"end":{"line":202,"column":46}},"loc":{"start":{"line":202,"column":51},"end":{"line":204,"column":13}},"line":202},"17":{"name":"(anonymous_17)","decl":{"start":{"line":216,"column":16},"end":{"line":216,"column":17}},"loc":{"start":{"line":216,"column":22},"end":{"line":275,"column":5}},"line":216},"18":{"name":"(anonymous_18)","decl":{"start":{"line":225,"column":51},"end":{"line":225,"column":52}},"loc":{"start":{"line":225,"column":61},"end":{"line":274,"column":7}},"line":225},"19":{"name":"(anonymous_19)","decl":{"start":{"line":228,"column":24},"end":{"line":228,"column":25}},"loc":{"start":{"line":228,"column":32},"end":{"line":230,"column":9}},"line":228},"20":{"name":"(anonymous_20)","decl":{"start":{"line":236,"column":11},"end":{"line":236,"column":12}},"loc":{"start":{"line":236,"column":17},"end":{"line":239,"column":9}},"line":236},"21":{"name":"(anonymous_21)","decl":{"start":{"line":249,"column":26},"end":{"line":249,"column":27}},"loc":{"start":{"line":249,"column":35},"end":{"line":255,"column":9}},"line":249},"22":{"name":"(anonymous_22)","decl":{"start":{"line":259,"column":50},"end":{"line":259,"column":51}},"loc":{"start":{"line":259,"column":68},"end":{"line":272,"column":11}},"line":259},"23":{"name":"(anonymous_23)","decl":{"start":{"line":265,"column":16},"end":{"line":265,"column":17}},"loc":{"start":{"line":265,"column":22},"end":{"line":269,"column":17}},"line":265},"24":{"name":"(anonymous_24)","decl":{"start":{"line":278,"column":17},"end":{"line":278,"column":18}},"loc":{"start":{"line":278,"column":34},"end":{"line":288,"column":5}},"line":278},"25":{"name":"(anonymous_25)","decl":{"start":{"line":281,"column":26},"end":{"line":281,"column":27}},"loc":{"start":{"line":281,"column":32},"end":{"line":283,"column":7}},"line":281},"26":{"name":"(anonymous_26)","decl":{"start":{"line":285,"column":35},"end":{"line":285,"column":36}},"loc":{"start":{"line":285,"column":41},"end":{"line":287,"column":7}},"line":285},"27":{"name":"(anonymous_27)","decl":{"start":{"line":290,"column":4},"end":{"line":290,"column":5}},"loc":{"start":{"line":290,"column":13},"end":{"line":301,"column":5}},"line":290}},"branchMap":{"0":{"loc":{"start":{"line":52,"column":38},"end":{"line":52,"column":70}},"type":"binary-expr","locations":[{"start":{"line":52,"column":38},"end":{"line":52,"column":62}},{"start":{"line":52,"column":66},"end":{"line":52,"column":70}}],"line":52},"1":{"loc":{"start":{"line":54,"column":13},"end":{"line":54,"column":49}},"type":"binary-expr","locations":[{"start":{"line":54,"column":13},"end":{"line":54,"column":41}},{"start":{"line":54,"column":45},"end":{"line":54,"column":49}}],"line":54},"2":{"loc":{"start":{"line":69,"column":6},"end":{"line":79,"column":7}},"type":"if","locations":[{"start":{"line":69,"column":6},"end":{"line":79,"column":7}},{"start":{"line":69,"column":6},"end":{"line":79,"column":7}}],"line":69},"3":{"loc":{"start":{"line":84,"column":6},"end":{"line":86,"column":7}},"type":"if","locations":[{"start":{"line":84,"column":6},"end":{"line":86,"column":7}},{"start":{"line":84,"column":6},"end":{"line":86,"column":7}}],"line":84},"4":{"loc":{"start":{"line":91,"column":6},"end":{"line":100,"column":7}},"type":"if","locations":[{"start":{"line":91,"column":6},"end":{"line":100,"column":7}},{"start":{"line":91,"column":6},"end":{"line":100,"column":7}}],"line":91},"5":{"loc":{"start":{"line":110,"column":6},"end":{"line":112,"column":7}},"type":"if","locations":[{"start":{"line":110,"column":6},"end":{"line":112,"column":7}},{"start":{"line":110,"column":6},"end":{"line":112,"column":7}}],"line":110},"6":{"loc":{"start":{"line":121,"column":6},"end":{"line":127,"column":7}},"type":"if","locations":[{"start":{"line":121,"column":6},"end":{"line":127,"column":7}},{"start":{"line":121,"column":6},"end":{"line":127,"column":7}}],"line":121},"7":{"loc":{"start":{"line":130,"column":6},"end":{"line":140,"column":7}},"type":"if","locations":[{"start":{"line":130,"column":6},"end":{"line":140,"column":7}},{"start":{"line":130,"column":6},"end":{"line":140,"column":7}}],"line":130},"8":{"loc":{"start":{"line":147,"column":14},"end":{"line":147,"column":23}},"type":"default-arg","locations":[{"start":{"line":147,"column":21},"end":{"line":147,"column":23}}],"line":147},"9":{"loc":{"start":{"line":147,"column":28},"end":{"line":147,"column":46}},"type":"binary-expr","locations":[{"start":{"line":147,"column":28},"end":{"line":147,"column":40}},{"start":{"line":147,"column":44},"end":{"line":147,"column":46}}],"line":147},"10":{"loc":{"start":{"line":148,"column":6},"end":{"line":181,"column":7}},"type":"switch","locations":[{"start":{"line":149,"column":8},"end":{"line":178,"column":16}},{"start":{"line":179,"column":8},"end":{"line":179,"column":16}}],"line":148},"11":{"loc":{"start":{"line":162,"column":10},"end":{"line":177,"column":11}},"type":"if","locations":[{"start":{"line":162,"column":10},"end":{"line":177,"column":11}},{"start":{"line":162,"column":10},"end":{"line":177,"column":11}}],"line":162},"12":{"loc":{"start":{"line":162,"column":14},"end":{"line":162,"column":71}},"type":"binary-expr","locations":[{"start":{"line":162,"column":14},"end":{"line":162,"column":36}},{"start":{"line":162,"column":40},"end":{"line":162,"column":71}}],"line":162},"13":{"loc":{"start":{"line":164,"column":14},"end":{"line":175,"column":15}},"type":"if","locations":[{"start":{"line":164,"column":14},"end":{"line":175,"column":15}},{"start":{"line":164,"column":14},"end":{"line":175,"column":15}}],"line":164},"14":{"loc":{"start":{"line":187,"column":6},"end":{"line":213,"column":7}},"type":"switch","locations":[{"start":{"line":188,"column":8},"end":{"line":207,"column":16}},{"start":{"line":208,"column":8},"end":{"line":208,"column":49}},{"start":{"line":209,"column":8},"end":{"line":212,"column":16}}],"line":187},"15":{"loc":{"start":{"line":189,"column":10},"end":{"line":205,"column":11}},"type":"if","locations":[{"start":{"line":189,"column":10},"end":{"line":205,"column":11}},{"start":{"line":189,"column":10},"end":{"line":205,"column":11}}],"line":189},"16":{"loc":{"start":{"line":197,"column":14},"end":{"line":199,"column":15}},"type":"if","locations":[{"start":{"line":197,"column":14},"end":{"line":199,"column":15}},{"start":{"line":197,"column":14},"end":{"line":199,"column":15}}],"line":197},"17":{"loc":{"start":{"line":252,"column":10},"end":{"line":254,"column":11}},"type":"if","locations":[{"start":{"line":252,"column":10},"end":{"line":254,"column":11}},{"start":{"line":252,"column":10},"end":{"line":254,"column":11}}],"line":252},"18":{"loc":{"start":{"line":252,"column":14},"end":{"line":252,"column":72}},"type":"binary-expr","locations":[{"start":{"line":252,"column":14},"end":{"line":252,"column":44}},{"start":{"line":252,"column":48},"end":{"line":252,"column":72}}],"line":252},"19":{"loc":{"start":{"line":258,"column":8},"end":{"line":273,"column":9}},"type":"if","locations":[{"start":{"line":258,"column":8},"end":{"line":273,"column":9}},{"start":{"line":258,"column":8},"end":{"line":273,"column":9}}],"line":258},"20":{"loc":{"start":{"line":258,"column":12},"end":{"line":258,"column":53}},"type":"binary-expr","locations":[{"start":{"line":258,"column":12},"end":{"line":258,"column":29}},{"start":{"line":258,"column":33},"end":{"line":258,"column":53}}],"line":258},"21":{"loc":{"start":{"line":260,"column":12},"end":{"line":271,"column":13}},"type":"if","locations":[{"start":{"line":260,"column":12},"end":{"line":271,"column":13}},{"start":{"line":260,"column":12},"end":{"line":271,"column":13}}],"line":260}},"s":{"0":2,"1":2,"2":2,"3":2,"4":2,"5":2,"6":3,"7":3,"8":3,"9":2,"10":2,"11":1,"12":3,"13":3,"14":2,"15":3,"16":3,"17":2,"18":0,"19":2,"20":3,"21":3,"22":0,"23":3,"24":3,"25":0,"26":3,"27":3,"28":9,"29":9,"30":9,"31":4,"32":5,"33":9,"34":4,"35":5,"36":9,"37":3,"38":1,"39":1,"40":1,"41":1,"42":1,"43":1,"44":1,"45":1,"46":1,"47":1,"48":1,"49":1,"50":3,"51":2,"52":2,"53":2,"54":1,"55":1,"56":1,"57":2,"58":1,"59":1,"60":1,"61":2,"62":0,"63":0,"64":3,"65":2,"66":2,"67":2,"68":2,"69":2,"70":2,"71":2,"72":0,"73":2,"74":2,"75":2,"76":2,"77":0,"78":0,"79":2,"80":0,"81":0,"82":0,"83":0,"84":3,"85":1,"86":1,"87":1,"88":1,"89":1,"90":10,"91":10,"92":10},"f":{"0":2,"1":3,"2":1,"3":3,"4":3,"5":0,"6":3,"7":0,"8":9,"9":1,"10":1,"11":1,"12":1,"13":2,"14":1,"15":2,"16":1,"17":2,"18":2,"19":0,"20":2,"21":0,"22":0,"23":0,"24":1,"25":1,"26":1,"27":10},"b":{"0":[2,2],"1":[2,2],"2":[2,1],"3":[2,1],"4":[2,1],"5":[0,3],"6":[4,5],"7":[4,5],"8":[0],"9":[1,0],"10":[1,0],"11":[1,0],"12":[1,1],"13":[1,0],"14":[2,0,0],"15":[1,1],"16":[1,1],"17":[0,0],"18":[0,0],"19":[0,2],"20":[2,0],"21":[0,0]},"_coverageSchema":"1a1c01bbd47fc00a2c39e90264f33305004495a9","hash":"4d639227bbea6a1fe1298e6cc9c8f1219552a71c"}
,"/home/renzhaozhao/Product/next/gaia/apps/communications/src/views/main/index.js": {"path":"/home/renzhaozhao/Product/next/gaia/apps/communications/src/views/main/index.js","statementMap":{"0":{"start":{"line":16,"column":4},"end":{"line":16,"column":17}},"1":{"start":{"line":18,"column":4},"end":{"line":25,"column":5}},"2":{"start":{"line":27,"column":4},"end":{"line":27,"column":43}},"3":{"start":{"line":29,"column":4},"end":{"line":29,"column":67}},"4":{"start":{"line":30,"column":4},"end":{"line":30,"column":75}},"5":{"start":{"line":34,"column":19},"end":{"line":40,"column":3}},"6":{"start":{"line":35,"column":25},"end":{"line":35,"column":42}},"7":{"start":{"line":36,"column":4},"end":{"line":39,"column":7}},"8":{"start":{"line":42,"column":23},"end":{"line":48,"column":3}},"9":{"start":{"line":43,"column":20},"end":{"line":43,"column":37}},"10":{"start":{"line":44,"column":4},"end":{"line":47,"column":7}},"11":{"start":{"line":50,"column":15},"end":{"line":58,"column":3}},"12":{"start":{"line":51,"column":36},"end":{"line":51,"column":40}},"13":{"start":{"line":52,"column":4},"end":{"line":57,"column":5}},"14":{"start":{"line":53,"column":6},"end":{"line":56,"column":9}},"15":{"start":{"line":61,"column":15},"end":{"line":63,"column":3}},"16":{"start":{"line":62,"column":4},"end":{"line":62,"column":57}},"17":{"start":{"line":66,"column":19},"end":{"line":68,"column":3}},"18":{"start":{"line":67,"column":4},"end":{"line":67,"column":67}},"19":{"start":{"line":78,"column":8},"end":{"line":78,"column":18}},"20":{"start":{"line":80,"column":27},"end":{"line":80,"column":37}},"21":{"start":{"line":82,"column":24},"end":{"line":86,"column":5}},"22":{"start":{"line":87,"column":28},"end":{"line":91,"column":5}},"23":{"start":{"line":92,"column":23},"end":{"line":92,"column":29}},"24":{"start":{"line":94,"column":4},"end":{"line":115,"column":5}},"25":{"start":{"line":95,"column":55},"end":{"line":95,"column":65}},"26":{"start":{"line":97,"column":6},"end":{"line":104,"column":8}},"27":{"start":{"line":106,"column":6},"end":{"line":114,"column":7}},"28":{"start":{"line":107,"column":26},"end":{"line":107,"column":72}},"29":{"start":{"line":108,"column":30},"end":{"line":108,"column":80}},"30":{"start":{"line":109,"column":8},"end":{"line":111,"column":10}},"31":{"start":{"line":110,"column":20},"end":{"line":110,"column":41}},"32":{"start":{"line":113,"column":8},"end":{"line":113,"column":75}},"33":{"start":{"line":117,"column":4},"end":{"line":133,"column":5}}},"fnMap":{"0":{"name":"(anonymous_0)","decl":{"start":{"line":15,"column":2},"end":{"line":15,"column":3}},"loc":{"start":{"line":15,"column":21},"end":{"line":31,"column":3}},"line":15},"1":{"name":"(anonymous_1)","decl":{"start":{"line":34,"column":19},"end":{"line":34,"column":20}},"loc":{"start":{"line":34,"column":28},"end":{"line":40,"column":3}},"line":34},"2":{"name":"(anonymous_2)","decl":{"start":{"line":42,"column":23},"end":{"line":42,"column":24}},"loc":{"start":{"line":42,"column":32},"end":{"line":48,"column":3}},"line":42},"3":{"name":"(anonymous_3)","decl":{"start":{"line":50,"column":15},"end":{"line":50,"column":16}},"loc":{"start":{"line":50,"column":23},"end":{"line":58,"column":3}},"line":50},"4":{"name":"(anonymous_4)","decl":{"start":{"line":61,"column":15},"end":{"line":61,"column":16}},"loc":{"start":{"line":61,"column":44},"end":{"line":63,"column":3}},"line":61},"5":{"name":"(anonymous_5)","decl":{"start":{"line":66,"column":19},"end":{"line":66,"column":20}},"loc":{"start":{"line":66,"column":50},"end":{"line":68,"column":3}},"line":66},"6":{"name":"(anonymous_6)","decl":{"start":{"line":70,"column":2},"end":{"line":70,"column":3}},"loc":{"start":{"line":70,"column":11},"end":{"line":134,"column":3}},"line":70},"7":{"name":"(anonymous_7)","decl":{"start":{"line":110,"column":10},"end":{"line":110,"column":11}},"loc":{"start":{"line":110,"column":20},"end":{"line":110,"column":41}},"line":110}},"branchMap":{"0":{"loc":{"start":{"line":52,"column":4},"end":{"line":57,"column":5}},"type":"if","locations":[{"start":{"line":52,"column":4},"end":{"line":57,"column":5}},{"start":{"line":52,"column":4},"end":{"line":57,"column":5}}],"line":52},"1":{"loc":{"start":{"line":94,"column":4},"end":{"line":115,"column":5}},"type":"if","locations":[{"start":{"line":94,"column":4},"end":{"line":115,"column":5}},{"start":{"line":94,"column":4},"end":{"line":115,"column":5}}],"line":94},"2":{"loc":{"start":{"line":106,"column":6},"end":{"line":114,"column":7}},"type":"if","locations":[{"start":{"line":106,"column":6},"end":{"line":114,"column":7}},{"start":{"line":106,"column":6},"end":{"line":114,"column":7}}],"line":106},"3":{"loc":{"start":{"line":107,"column":45},"end":{"line":107,"column":70}},"type":"binary-expr","locations":[{"start":{"line":107,"column":45},"end":{"line":107,"column":62}},{"start":{"line":107,"column":66},"end":{"line":107,"column":70}}],"line":107},"4":{"loc":{"start":{"line":108,"column":49},"end":{"line":108,"column":78}},"type":"binary-expr","locations":[{"start":{"line":108,"column":49},"end":{"line":108,"column":70}},{"start":{"line":108,"column":74},"end":{"line":108,"column":78}}],"line":108}},"s":{"0":2,"1":2,"2":2,"3":2,"4":2,"5":2,"6":2,"7":2,"8":2,"9":2,"10":2,"11":2,"12":0,"13":0,"14":0,"15":2,"16":0,"17":2,"18":0,"19":5,"20":5,"21":5,"22":5,"23":5,"24":5,"25":5,"26":5,"27":5,"28":1,"29":1,"30":1,"31":0,"32":1,"33":5},"f":{"0":2,"1":2,"2":2,"3":0,"4":0,"5":0,"6":5,"7":0},"b":{"0":[0,0],"1":[5,0],"2":[1,4],"3":[1,1],"4":[1,1]},"_coverageSchema":"1a1c01bbd47fc00a2c39e90264f33305004495a9","hash":"ff8d58c19f93e71af64abde59c4a1fc53663e964"}
}
