TN:
SF:src/components/BlockIcon/index.js
FN:6,(anonymous_0)
FNF:1
FNH:1
FNDA:3,(anonymous_0)
DA:6,2
DA:7,3
LF:2
LH:2
BRF:0
BRH:0
end_of_record
TN:
SF:src/components/CallIcon/Badge.js
FN:5,(anonymous_0)
FNF:1
FNH:1
FNDA:75,(anonymous_0)
DA:5,6
DA:6,75
DA:8,75
DA:9,73
DA:66,75
DA:67,2
DA:68,1
DA:135,1
DA:217,75
LF:9
LH:9
BRDA:8,0,0,73
BRDA:8,0,1,2
BRDA:66,1,0,2
BRDA:66,1,1,73
BRDA:67,2,0,1
BRDA:67,2,1,1
BRF:6
BRH:6
end_of_record
TN:
SF:src/components/CallIcon/index.js
FN:5,(anonymous_0)
FNF:1
FNH:1
FNDA:75,(anonymous_0)
DA:5,6
DA:6,75
DA:13,75
LF:3
LH:3
BRF:0
BRH:0
end_of_record
TN:
SF:src/components/Dialog/index.js
FN:6,(anonymous_0)
FN:12,(anonymous_1)
FN:15,(anonymous_2)
FN:29,(anonymous_3)
FN:35,(anonymous_4)
FN:39,(anonymous_5)
FNF:6
FNH:6
FNDA:3,(anonymous_0)
FNDA:3,(anonymous_1)
FNDA:1,(anonymous_2)
FNDA:1,(anonymous_3)
FNDA:6,(anonymous_4)
FNDA:6,(anonymous_5)
DA:7,3
DA:9,3
DA:13,3
DA:14,3
DA:15,2
DA:18,1
DA:21,1
DA:22,1
DA:25,2
DA:29,3
DA:30,1
DA:32,1
DA:36,6
DA:37,6
DA:39,6
LF:15
LH:15
BRDA:14,0,0,2
BRDA:14,0,1,1
BRDA:14,1,0,3
BRDA:14,1,1,2
BRDA:14,1,2,2
BRDA:39,2,0,6
BRDA:39,2,1,3
BRF:7
BRH:7
end_of_record
TN:
SF:src/components/OptionMenu/index.js
FN:6,(anonymous_0)
FN:12,(anonymous_1)
FN:22,(anonymous_2)
FN:34,(anonymous_3)
FN:38,(anonymous_4)
FNF:5
FNH:5
FNDA:3,(anonymous_0)
FNDA:2,(anonymous_1)
FNDA:2,(anonymous_2)
FNDA:5,(anonymous_3)
FNDA:4,(anonymous_4)
DA:7,3
DA:9,3
DA:13,2
DA:16,2
DA:17,2
DA:18,2
DA:21,2
DA:22,2
DA:25,2
DA:28,2
DA:29,2
DA:35,5
DA:36,5
DA:38,4
LF:14
LH:14
BRDA:13,0,0,0
BRDA:16,1,0,2
BRDA:16,1,1,0
BRDA:16,2,0,2
BRDA:16,2,1,2
BRDA:16,2,2,2
BRDA:17,3,0,2
BRDA:17,3,1,0
BRDA:38,4,0,5
BRDA:38,4,1,2
BRF:10
BRH:7
end_of_record
TN:
SF:src/components/Tab/index.js
FN:8,(anonymous_0)
FN:13,(anonymous_1)
FN:20,(anonymous_2)
FN:24,(anonymous_3)
FN:87,(anonymous_4)
FN:89,(anonymous_5)
FN:112,(anonymous_6)
FNF:7
FNH:7
FNDA:9,(anonymous_0)
FNDA:9,(anonymous_1)
FNDA:12,(anonymous_2)
FNDA:12,(anonymous_3)
FNDA:21,(anonymous_4)
FNDA:84,(anonymous_5)
FNDA:42,(anonymous_6)
DA:5,4
DA:9,9
DA:10,9
DA:14,9
DA:15,9
DA:16,9
DA:21,12
DA:25,12
DA:26,12
DA:27,12
DA:29,12
DA:30,12
DA:31,12
DA:32,12
DA:33,12
DA:34,12
DA:35,12
DA:36,12
DA:38,12
DA:39,3
DA:40,9
DA:41,2
DA:44,2
DA:45,0
DA:47,2
DA:50,0
DA:57,7
DA:58,7
DA:59,7
DA:60,4
DA:63,0
DA:64,4
DA:66,0
DA:67,4
DA:70,0
DA:73,3
DA:74,3
DA:75,0
DA:76,0
DA:77,0
DA:79,0
DA:84,12
DA:88,21
DA:89,21
DA:90,84
DA:91,84
DA:107,21
DA:112,42
DA:120,4
LF:49
LH:40
BRDA:15,0,0,9
BRDA:15,0,1,0
BRDA:38,1,0,3
BRDA:38,1,1,9
BRDA:40,2,0,2
BRDA:40,2,1,7
BRDA:41,3,0,2
BRDA:41,3,1,0
BRDA:44,4,0,0
BRDA:44,4,1,2
BRDA:59,5,0,4
BRDA:59,5,1,3
BRDA:60,6,0,0
BRDA:60,6,1,4
BRDA:60,7,0,4
BRDA:60,7,1,4
BRDA:64,8,0,0
BRDA:64,8,1,4
BRDA:64,9,0,4
BRDA:64,9,1,0
BRDA:67,10,0,0
BRDA:67,10,1,4
BRDA:67,11,0,4
BRDA:67,11,1,0
BRDA:74,12,0,0
BRDA:74,12,1,3
BRDA:75,13,0,0
BRDA:75,13,1,0
BRDA:88,14,0,0
BRDA:90,15,0,21
BRDA:90,15,1,63
BRF:31
BRH:19
end_of_record
TN:
SF:src/router/index.js
FN:18,(anonymous_0)
FN:23,(anonymous_1)
FN:28,(anonymous_2)
FNF:3
FNH:2
FNDA:1,(anonymous_0)
FNDA:1,(anonymous_1)
FNDA:0,(anonymous_2)
DA:18,1
DA:19,1
DA:22,1
DA:23,1
DA:27,1
DA:28,0
DA:32,1
LF:7
LH:6
BRF:0
BRH:0
end_of_record
TN:
SF:src/views/calllogInfor/calllog_info_view.js
FN:26,(anonymous_0)
FN:39,(anonymous_1)
FN:44,(anonymous_2)
FN:51,(anonymous_3)
FN:56,(anonymous_4)
FN:60,(anonymous_5)
FN:96,(anonymous_6)
FN:103,(anonymous_7)
FN:110,(anonymous_8)
FN:125,(anonymous_9)
FN:131,(anonymous_10)
FN:135,(anonymous_11)
FN:140,(anonymous_12)
FN:153,(anonymous_13)
FN:156,(anonymous_14)
FN:160,(anonymous_15)
FN:164,(anonymous_16)
FN:171,(anonymous_17)
FN:195,(anonymous_18)
FN:277,(anonymous_19)
FN:315,(anonymous_20)
FN:316,(anonymous_21)
FN:345,(anonymous_22)
FNF:23
FNH:19
FNDA:2,(anonymous_0)
FNDA:2,(anonymous_1)
FNDA:2,(anonymous_2)
FNDA:3,(anonymous_3)
FNDA:2,(anonymous_4)
FNDA:5,(anonymous_5)
FNDA:3,(anonymous_6)
FNDA:1,(anonymous_7)
FNDA:1,(anonymous_8)
FNDA:0,(anonymous_9)
FNDA:0,(anonymous_10)
FNDA:0,(anonymous_11)
FNDA:1,(anonymous_12)
FNDA:1,(anonymous_13)
FNDA:1,(anonymous_14)
FNDA:0,(anonymous_15)
FNDA:1,(anonymous_16)
FNDA:5,(anonymous_17)
FNDA:5,(anonymous_18)
FNDA:10,(anonymous_19)
FNDA:10,(anonymous_20)
FNDA:5,(anonymous_21)
FNDA:10,(anonymous_22)
DA:23,1
DA:27,2
DA:28,2
DA:30,2
DA:31,2
DA:32,2
DA:35,2
DA:36,2
DA:40,2
DA:41,2
DA:42,2
DA:43,2
DA:44,2
DA:45,2
DA:46,2
DA:53,3
DA:57,2
DA:61,5
DA:62,5
DA:63,5
DA:65,1
DA:66,1
DA:67,1
DA:70,1
DA:71,1
DA:72,1
DA:73,1
DA:75,1
DA:76,1
DA:77,0
DA:79,1
DA:80,1
DA:82,1
DA:83,1
DA:85,1
DA:86,1
DA:88,1
DA:89,1
DA:91,1
DA:92,1
DA:96,2
DA:97,3
DA:98,3
DA:99,2
DA:104,1
DA:105,1
DA:106,0
DA:107,0
DA:111,1
DA:112,1
DA:113,1
DA:116,1
DA:120,0
DA:121,0
DA:126,0
DA:127,0
DA:130,0
DA:132,0
DA:133,0
DA:136,0
DA:141,1
DA:142,1
DA:143,0
DA:146,1
DA:154,1
DA:155,1
DA:157,1
DA:158,1
DA:161,0
DA:165,1
DA:172,5
DA:173,5
DA:175,5
DA:176,5
DA:186,0
DA:207,5
DA:208,5
DA:210,5
DA:211,5
DA:212,5
DA:214,5
DA:215,0
DA:216,0
DA:217,5
DA:218,2
DA:221,5
DA:223,5
DA:224,5
DA:225,5
DA:230,5
DA:232,5
DA:234,5
DA:235,2
DA:241,2
DA:242,3
DA:247,0
DA:252,0
DA:265,5
DA:266,5
DA:267,2
DA:268,3
DA:269,0
DA:271,3
DA:274,5
DA:276,5
DA:277,5
DA:278,10
DA:279,10
DA:285,10
DA:291,10
DA:311,5
DA:315,10
DA:316,5
DA:345,1
DA:346,10
DA:347,10
DA:348,10
DA:350,10
DA:351,10
DA:352,0
DA:354,10
DA:355,0
DA:357,10
DA:358,0
DA:360,10
LF:125
LH:103
BRDA:43,0,0,2
BRDA:43,0,1,0
BRDA:63,1,0,1
BRDA:63,1,1,0
BRDA:63,1,2,1
BRDA:63,1,3,1
BRDA:63,1,4,1
BRDA:63,1,5,1
BRDA:76,2,0,0
BRDA:76,2,1,1
BRDA:79,3,0,0
BRDA:79,3,1,1
BRDA:98,4,0,2
BRDA:98,4,1,1
BRDA:98,5,0,3
BRDA:98,5,1,3
BRDA:98,5,2,3
BRDA:105,6,0,0
BRDA:105,6,1,1
BRDA:116,7,0,0
BRDA:116,7,1,1
BRDA:117,8,0,1
BRDA:117,8,1,0
BRDA:126,9,0,0
BRDA:126,9,1,0
BRDA:142,10,0,0
BRDA:142,10,1,1
BRDA:175,11,0,5
BRDA:175,11,1,0
BRDA:175,12,0,5
BRDA:175,12,1,5
BRDA:179,13,0,2
BRDA:179,13,1,3
BRDA:181,14,0,3
BRDA:181,14,1,0
BRDA:201,15,0,0
BRDA:214,16,0,0
BRDA:214,16,1,5
BRDA:214,17,0,5
BRDA:214,17,1,0
BRDA:217,18,0,2
BRDA:217,18,1,3
BRDA:221,19,0,5
BRDA:221,19,1,0
BRDA:224,20,0,5
BRDA:224,20,1,0
BRDA:230,21,0,5
BRDA:230,21,1,3
BRDA:234,22,0,2
BRDA:234,22,1,3
BRDA:234,23,0,5
BRDA:234,23,1,5
BRDA:234,23,2,3
BRDA:235,24,0,2
BRDA:235,24,1,0
BRDA:237,25,0,0
BRDA:237,25,1,0
BRDA:242,26,0,0
BRDA:242,26,1,3
BRDA:243,27,0,3
BRDA:243,27,1,3
BRDA:243,27,2,3
BRDA:266,28,0,2
BRDA:266,28,1,3
BRDA:268,29,0,0
BRDA:268,29,1,3
BRDA:274,30,0,2
BRDA:274,30,1,3
BRDA:274,31,0,5
BRDA:274,31,1,5
BRDA:277,32,0,5
BRDA:277,32,1,0
BRDA:285,33,0,0
BRDA:285,33,1,10
BRDA:351,34,0,0
BRDA:351,34,1,10
BRDA:354,35,0,0
BRDA:354,35,1,10
BRDA:357,36,0,0
BRDA:357,36,1,10
BRF:80
BRH:53
end_of_record
TN:
SF:src/views/calllogList/calllog_list.js
FN:12,(anonymous_0)
FN:27,(anonymous_1)
FN:32,(anonymous_2)
FN:37,(anonymous_3)
FN:57,(anonymous_4)
FN:62,(anonymous_5)
FN:68,(anonymous_6)
FN:87,(anonymous_7)
FN:90,(anonymous_8)
FN:108,(anonymous_9)
FN:117,(anonymous_10)
FN:127,(anonymous_11)
FN:140,(anonymous_12)
FN:152,(anonymous_13)
FN:156,(anonymous_14)
FN:168,(anonymous_15)
FN:177,(anonymous_16)
FN:192,(anonymous_17)
FN:196,(anonymous_18)
FN:216,(anonymous_19)
FN:260,(anonymous_20)
FN:267,(anonymous_21)
FN:274,(anonymous_22)
FN:280,(anonymous_23)
FNF:24
FNH:22
FNDA:8,(anonymous_0)
FNDA:8,(anonymous_1)
FNDA:8,(anonymous_2)
FNDA:16,(anonymous_3)
FNDA:16,(anonymous_4)
FNDA:1,(anonymous_5)
FNDA:5,(anonymous_6)
FNDA:5,(anonymous_7)
FNDA:5,(anonymous_8)
FNDA:1,(anonymous_9)
FNDA:1,(anonymous_10)
FNDA:1,(anonymous_11)
FNDA:1,(anonymous_12)
FNDA:1,(anonymous_13)
FNDA:57,(anonymous_14)
FNDA:24,(anonymous_15)
FNDA:57,(anonymous_16)
FNDA:57,(anonymous_17)
FNDA:57,(anonymous_18)
FNDA:114,(anonymous_19)
FNDA:0,(anonymous_20)
FNDA:0,(anonymous_21)
FNDA:24,(anonymous_22)
FNDA:48,(anonymous_23)
DA:13,8
DA:14,8
DA:15,8
DA:16,8
DA:17,8
DA:18,8
DA:19,8
DA:20,8
DA:21,8
DA:22,8
DA:29,8
DA:30,8
DA:33,8
DA:38,16
DA:39,16
DA:40,16
DA:41,16
DA:42,16
DA:43,9
DA:45,16
DA:46,0
DA:47,0
DA:48,0
DA:50,0
DA:53,0
DA:58,16
DA:59,16
DA:62,8
DA:63,1
DA:64,1
DA:65,1
DA:66,1
DA:68,5
DA:72,1
DA:78,1
DA:79,1
DA:84,1
DA:87,1
DA:88,5
DA:92,5
DA:93,5
DA:97,5
DA:102,1
DA:109,1
DA:110,1
DA:111,1
DA:118,1
DA:128,1
DA:141,1
DA:153,1
DA:157,57
DA:158,57
DA:162,0
DA:165,57
DA:169,24
DA:170,24
DA:176,24
DA:177,24
DA:178,57
DA:179,57
DA:180,57
DA:183,57
DA:187,24
DA:188,24
DA:189,24
DA:190,24
DA:191,24
DA:192,24
DA:193,57
DA:194,57
DA:195,57
DA:196,57
DA:197,57
DA:198,57
DA:199,0
DA:200,0
DA:202,0
DA:205,57
DA:206,57
DA:209,57
DA:216,114
DA:220,57
DA:221,57
DA:224,57
DA:225,0
DA:226,0
DA:228,0
DA:231,57
DA:233,57
DA:249,24
DA:252,24
DA:255,24
DA:256,0
DA:260,0
DA:263,0
DA:267,0
DA:271,24
DA:275,24
DA:276,24
DA:280,48
LF:100
LH:84
BRDA:42,0,0,9
BRDA:42,0,1,7
BRDA:45,1,0,0
BRDA:45,1,1,16
BRDA:46,2,0,0
BRDA:46,2,1,0
BRDA:48,3,0,0
BRDA:48,3,1,0
BRDA:78,4,0,1
BRDA:78,4,1,0
BRDA:97,5,0,3
BRDA:97,5,1,2
BRDA:158,6,0,0
BRDA:158,6,1,57
BRDA:159,7,0,57
BRDA:159,7,1,57
BRDA:179,8,0,57
BRDA:179,8,1,0
BRDA:198,9,0,0
BRDA:198,9,1,57
BRDA:199,10,0,0
BRDA:199,10,1,0
BRDA:224,11,0,0
BRDA:224,11,1,57
BRDA:225,12,0,0
BRDA:225,12,1,0
BRDA:255,13,0,0
BRDA:255,13,1,24
BRDA:255,14,0,24
BRDA:255,14,1,24
BRF:30
BRH:15
end_of_record
TN:
SF:src/views/calllogList/calllog_list_item.js
FN:12,(anonymous_0)
FN:19,(anonymous_1)
FN:166,(anonymous_2)
FNF:3
FNH:3
FNDA:34,(anonymous_0)
FNDA:62,(anonymous_1)
FNDA:124,(anonymous_2)
DA:9,4
DA:13,34
DA:14,34
DA:15,34
DA:16,34
DA:35,62
DA:37,62
DA:39,62
DA:40,62
DA:41,62
DA:42,62
DA:43,62
DA:48,62
DA:49,62
DA:50,62
DA:51,47
DA:52,47
DA:53,1
DA:54,1
DA:55,46
DA:56,1
DA:58,45
DA:60,47
DA:61,1
DA:64,62
DA:65,16
DA:68,62
DA:69,62
DA:70,1
DA:76,62
DA:77,62
DA:78,1
DA:80,62
DA:81,62
DA:82,62
DA:83,62
DA:84,62
DA:87,62
DA:88,62
DA:94,62
DA:95,62
DA:96,62
DA:97,62
DA:98,62
DA:99,1
DA:101,62
DA:102,15
DA:103,15
DA:104,15
DA:106,62
DA:107,16
DA:108,1
DA:110,16
DA:118,62
DA:121,62
DA:129,62
DA:131,62
DA:139,1
DA:152,61
DA:162,62
DA:166,124
LF:61
LH:61
BRDA:26,0,0,57
BRDA:43,1,0,15
BRDA:43,1,1,47
BRDA:45,2,0,0
BRDA:45,2,1,47
BRDA:50,3,0,47
BRDA:50,3,1,15
BRDA:52,4,0,1
BRDA:52,4,1,46
BRDA:52,5,0,47
BRDA:52,5,1,1
BRDA:55,6,0,1
BRDA:55,6,1,45
BRDA:55,7,0,46
BRDA:55,7,1,3
BRDA:60,8,0,1
BRDA:60,8,1,46
BRDA:64,9,0,16
BRDA:64,9,1,46
BRDA:64,10,0,62
BRDA:64,10,1,16
BRDA:69,11,0,1
BRDA:69,11,1,61
BRDA:69,12,0,62
BRDA:69,12,1,6
BRDA:77,13,0,1
BRDA:77,13,1,61
BRDA:81,14,0,62
BRDA:81,14,1,0
BRDA:83,15,0,62
BRDA:83,15,1,0
BRDA:98,16,0,1
BRDA:98,16,1,61
BRDA:98,17,0,62
BRDA:98,17,1,61
BRDA:98,17,2,4
BRDA:101,18,0,15
BRDA:101,18,1,47
BRDA:101,19,0,62
BRDA:101,19,1,47
BRDA:106,20,0,16
BRDA:106,20,1,46
BRDA:106,21,0,62
BRDA:106,21,1,61
BRDA:107,22,0,1
BRDA:107,22,1,15
BRDA:118,23,0,0
BRDA:118,23,1,62
BRDA:131,24,0,1
BRDA:131,24,1,61
BRDA:132,25,0,62
BRDA:132,25,1,62
BRDA:132,25,2,47
BRDA:132,25,3,47
BRDA:132,25,4,46
BRDA:132,25,5,3
BRF:56
BRH:52
end_of_record
TN:
SF:src/views/calllogList/calllog_view.js
FN:32,(anonymous_0)
FN:81,(anonymous_1)
FN:128,(anonymous_2)
FN:130,(anonymous_3)
FN:135,(anonymous_4)
FN:149,(anonymous_5)
FN:189,(anonymous_6)
FN:199,(anonymous_7)
FN:208,(anonymous_8)
FN:275,(anonymous_9)
FN:283,(anonymous_10)
FN:312,(anonymous_11)
FN:326,(anonymous_12)
FN:343,(anonymous_13)
FN:369,(anonymous_14)
FN:398,(anonymous_15)
FN:409,(anonymous_16)
FN:446,(anonymous_17)
FN:456,(anonymous_18)
FN:460,(anonymous_19)
FN:478,(anonymous_20)
FN:509,(anonymous_21)
FN:552,(anonymous_22)
FN:562,(anonymous_23)
FN:571,(anonymous_24)
FN:582,(anonymous_25)
FN:585,(anonymous_26)
FN:590,(anonymous_27)
FN:592,(anonymous_28)
FN:597,(anonymous_29)
FN:604,(anonymous_30)
FN:619,(anonymous_31)
FN:636,(anonymous_32)
FN:639,(anonymous_33)
FN:658,(anonymous_34)
FN:672,(anonymous_35)
FN:682,(anonymous_36)
FN:688,(anonymous_37)
FN:698,(anonymous_38)
FN:704,(anonymous_39)
FN:707,(anonymous_40)
FN:719,(anonymous_41)
FN:732,(anonymous_42)
FN:742,(anonymous_43)
FN:749,(anonymous_44)
FN:753,(anonymous_45)
FN:757,(anonymous_46)
FN:796,(anonymous_47)
FN:801,(anonymous_48)
FN:801,(anonymous_49)
FN:802,(anonymous_50)
FN:805,(anonymous_51)
FN:831,(anonymous_52)
FNF:53
FNH:48
FNDA:7,(anonymous_0)
FNDA:2,(anonymous_1)
FNDA:2,(anonymous_2)
FNDA:1,(anonymous_3)
FNDA:3,(anonymous_4)
FNDA:7,(anonymous_5)
FNDA:7,(anonymous_6)
FNDA:0,(anonymous_7)
FNDA:31,(anonymous_8)
FNDA:31,(anonymous_9)
FNDA:17,(anonymous_10)
FNDA:11,(anonymous_11)
FNDA:35,(anonymous_12)
FNDA:22,(anonymous_13)
FNDA:3,(anonymous_14)
FNDA:21,(anonymous_15)
FNDA:21,(anonymous_16)
FNDA:16,(anonymous_17)
FNDA:40,(anonymous_18)
FNDA:5,(anonymous_19)
FNDA:12,(anonymous_20)
FNDA:6,(anonymous_21)
FNDA:1,(anonymous_22)
FNDA:5,(anonymous_23)
FNDA:1,(anonymous_24)
FNDA:3,(anonymous_25)
FNDA:12,(anonymous_26)
FNDA:8,(anonymous_27)
FNDA:4,(anonymous_28)
FNDA:1,(anonymous_29)
FNDA:4,(anonymous_30)
FNDA:4,(anonymous_31)
FNDA:1,(anonymous_32)
FNDA:1,(anonymous_33)
FNDA:0,(anonymous_34)
FNDA:1,(anonymous_35)
FNDA:0,(anonymous_36)
FNDA:0,(anonymous_37)
FNDA:7,(anonymous_38)
FNDA:7,(anonymous_39)
FNDA:24,(anonymous_40)
FNDA:3,(anonymous_41)
FNDA:5,(anonymous_42)
FNDA:24,(anonymous_43)
FNDA:1,(anonymous_44)
FNDA:11,(anonymous_45)
FNDA:24,(anonymous_46)
FNDA:48,(anonymous_47)
FNDA:0,(anonymous_48)
FNDA:22,(anonymous_49)
FNDA:8,(anonymous_50)
FNDA:48,(anonymous_51)
FNDA:48,(anonymous_52)
DA:18,2
DA:33,7
DA:34,7
DA:35,7
DA:37,7
DA:44,7
DA:45,7
DA:46,7
DA:48,7
DA:49,7
DA:50,7
DA:51,7
DA:52,7
DA:54,7
DA:66,7
DA:67,7
DA:68,7
DA:70,7
DA:72,7
DA:73,7
DA:74,6
DA:75,6
DA:76,6
DA:81,7
DA:82,2
DA:83,2
DA:84,2
DA:86,1
DA:87,1
DA:91,1
DA:93,0
DA:94,0
DA:99,0
DA:101,0
DA:105,1
DA:111,2
DA:113,2
DA:114,2
DA:120,0
DA:125,2
DA:128,7
DA:129,2
DA:130,2
DA:131,1
DA:136,3
DA:137,3
DA:138,3
DA:150,7
DA:152,7
DA:153,6
DA:156,6
DA:160,7
DA:163,7
DA:165,7
DA:166,7
DA:168,7
DA:170,7
DA:172,7
DA:173,7
DA:175,7
DA:178,7
DA:179,7
DA:180,1
DA:181,1
DA:184,7
DA:185,7
DA:186,7
DA:190,7
DA:191,7
DA:192,7
DA:195,7
DA:196,7
DA:200,0
DA:202,0
DA:208,7
DA:209,31
DA:210,31
DA:213,31
DA:214,2
DA:215,0
DA:219,2
DA:225,2
DA:229,29
DA:230,10
DA:231,8
DA:236,8
DA:237,1
DA:239,8
DA:240,8
DA:241,1
DA:244,8
DA:245,1
DA:249,10
DA:253,19
DA:254,11
DA:262,11
DA:263,0
DA:265,11
DA:266,0
DA:269,11
DA:272,8
DA:276,31
DA:277,31
DA:279,31
DA:280,31
DA:284,17
DA:285,17
DA:287,17
DA:289,17
DA:292,17
DA:296,7
DA:299,17
DA:300,4
DA:303,17
DA:304,5
DA:306,17
DA:307,17
DA:309,17
DA:313,11
DA:315,11
DA:322,2
DA:327,35
DA:328,35
DA:330,35
DA:331,10
DA:332,10
DA:333,10
DA:334,0
DA:336,10
DA:337,10
DA:344,22
DA:346,22
DA:347,1
DA:348,1
DA:349,1
DA:353,21
DA:355,21
DA:356,21
DA:358,21
DA:359,3
DA:360,3
DA:362,18
DA:363,6
DA:365,12
DA:370,3
DA:371,3
DA:375,1
DA:379,1
DA:380,1
DA:383,1
DA:384,1
DA:385,1
DA:389,1
DA:391,1
DA:393,1
DA:399,21
DA:402,5
DA:403,5
DA:404,5
DA:405,5
DA:410,21
DA:412,21
DA:413,21
DA:414,19
DA:416,2
DA:417,2
DA:418,2
DA:420,2
DA:422,3
DA:423,3
DA:424,2
DA:426,3
DA:429,2
DA:431,1
DA:432,1
DA:433,0
DA:435,1
DA:437,1
DA:438,1
DA:439,1
DA:441,1
DA:447,16
DA:449,16
DA:450,16
DA:451,1
DA:452,1
DA:453,0
DA:456,16
DA:457,40
DA:461,5
DA:462,5
DA:463,5
DA:464,1
DA:466,4
DA:468,5
DA:469,1
DA:470,4
DA:471,1
DA:473,5
DA:479,12
DA:481,12
DA:484,1
DA:485,1
DA:487,0
DA:488,0
DA:490,1
DA:492,1
DA:498,1
DA:501,1
DA:502,1
DA:503,1
DA:505,9
DA:510,6
DA:512,6
DA:513,6
DA:515,0
DA:516,0
DA:518,0
DA:519,0
DA:522,0
DA:524,1
DA:525,1
DA:528,1
DA:529,1
DA:531,0
DA:533,1
DA:536,1
DA:537,0
DA:538,0
DA:539,0
DA:540,0
DA:541,0
DA:542,0
DA:544,0
DA:545,1
DA:546,1
DA:548,1
DA:553,1
DA:554,1
DA:563,5
DA:564,5
DA:572,1
DA:573,1
DA:574,1
DA:575,0
DA:576,0
DA:577,0
DA:583,3
DA:584,3
DA:585,3
DA:586,12
DA:588,3
DA:589,3
DA:590,8
DA:592,4
DA:594,3
DA:597,7
DA:598,1
DA:599,1
DA:601,1
DA:603,1
DA:604,1
DA:605,4
DA:606,4
DA:610,1
DA:618,1
DA:619,4
DA:620,1
DA:621,1
DA:622,1
DA:623,1
DA:624,1
DA:632,1
DA:635,1
DA:636,1
DA:637,1
DA:640,1
DA:643,1
DA:646,1
DA:647,1
DA:654,1
DA:655,1
DA:656,1
DA:659,0
DA:664,0
DA:665,0
DA:666,0
DA:667,0
DA:673,1
DA:674,1
DA:684,0
DA:686,0
DA:689,0
DA:699,7
DA:700,7
DA:701,7
DA:705,7
DA:706,7
DA:707,7
DA:708,24
DA:709,4
DA:712,7
DA:720,3
DA:721,3
DA:724,3
DA:725,3
DA:733,5
DA:734,5
DA:735,5
DA:743,24
DA:744,24
DA:745,24
DA:746,24
DA:750,1
DA:753,7
DA:754,11
DA:767,24
DA:773,24
DA:775,24
DA:787,24
DA:788,24
DA:789,24
DA:790,24
DA:792,24
DA:796,48
DA:801,22
DA:802,8
DA:805,48
DA:831,48
LF:329
LH:290
BRDA:49,0,0,0
BRDA:49,0,1,7
BRDA:50,1,0,7
BRDA:50,1,1,7
BRDA:51,2,0,7
BRDA:51,2,1,0
BRDA:73,3,0,6
BRDA:73,3,1,1
BRDA:82,4,0,0
BRDA:82,5,0,2
BRDA:82,5,1,0
BRDA:84,6,0,1
BRDA:84,6,1,0
BRDA:84,6,2,1
BRDA:86,7,0,1
BRDA:86,7,1,0
BRDA:93,8,0,0
BRDA:93,8,1,0
BRDA:113,9,0,2
BRDA:113,9,1,0
BRDA:136,10,0,3
BRDA:136,10,1,0
BRDA:152,11,0,6
BRDA:152,11,1,1
BRDA:178,12,0,7
BRDA:178,12,1,6
BRDA:179,13,0,1
BRDA:179,13,1,6
BRDA:213,14,0,2
BRDA:213,14,1,29
BRDA:214,15,0,0
BRDA:214,15,1,2
BRDA:229,16,0,10
BRDA:229,16,1,19
BRDA:230,17,0,8
BRDA:230,17,1,2
BRDA:236,18,0,1
BRDA:236,18,1,7
BRDA:240,19,0,1
BRDA:240,19,1,7
BRDA:240,20,0,8
BRDA:240,20,1,8
BRDA:244,21,0,1
BRDA:244,21,1,7
BRDA:253,22,0,11
BRDA:253,22,1,8
BRDA:262,23,0,0
BRDA:262,23,1,11
BRDA:265,24,0,0
BRDA:265,24,1,11
BRDA:292,25,0,7
BRDA:292,25,1,10
BRDA:293,26,0,17
BRDA:293,26,1,7
BRDA:299,27,0,4
BRDA:299,27,1,13
BRDA:303,28,0,5
BRDA:303,28,1,12
BRDA:315,29,0,2
BRDA:315,29,1,9
BRDA:316,30,0,11
BRDA:316,30,1,6
BRDA:316,30,2,5
BRDA:316,30,3,5
BRDA:316,30,4,2
BRDA:330,31,0,10
BRDA:330,31,1,25
BRDA:330,32,0,35
BRDA:330,32,1,28
BRDA:331,33,0,10
BRDA:331,33,1,0
BRDA:333,34,0,0
BRDA:333,34,1,10
BRDA:346,35,0,1
BRDA:346,35,1,21
BRDA:353,36,0,0
BRDA:353,36,1,21
BRDA:358,37,0,3
BRDA:358,37,1,18
BRDA:362,38,0,6
BRDA:362,38,1,12
BRDA:370,39,0,3
BRDA:370,39,1,0
BRDA:371,40,0,0
BRDA:371,40,1,1
BRDA:371,40,2,1
BRDA:371,40,3,0
BRDA:371,40,4,1
BRDA:371,40,5,1
BRDA:383,41,0,1
BRDA:383,41,1,0
BRDA:399,42,0,1
BRDA:399,42,1,5
BRDA:413,43,0,19
BRDA:413,43,1,2
BRDA:414,44,0,2
BRDA:414,44,1,3
BRDA:417,45,0,2
BRDA:417,45,1,0
BRDA:423,46,0,2
BRDA:423,46,1,1
BRDA:429,47,0,1
BRDA:429,47,1,1
BRDA:432,48,0,0
BRDA:432,48,1,1
BRDA:438,49,0,1
BRDA:438,49,1,0
BRDA:450,50,0,1
BRDA:450,50,1,15
BRDA:452,51,0,0
BRDA:452,51,1,1
BRDA:457,52,0,40
BRDA:457,52,1,12
BRDA:463,53,0,1
BRDA:463,53,1,4
BRDA:468,54,0,1
BRDA:468,54,1,4
BRDA:470,55,0,1
BRDA:470,55,1,3
BRDA:481,56,0,0
BRDA:481,56,1,1
BRDA:481,56,2,1
BRDA:481,56,3,1
BRDA:481,56,4,9
BRDA:485,57,0,1
BRDA:485,57,1,0
BRDA:502,58,0,1
BRDA:502,58,1,0
BRDA:513,59,0,0
BRDA:513,59,1,1
BRDA:513,59,2,1
BRDA:513,59,3,1
BRDA:528,60,0,1
BRDA:528,60,1,0
BRDA:536,61,0,0
BRDA:536,61,1,1
BRDA:539,62,0,0
BRDA:539,62,1,0
BRDA:541,63,0,0
BRDA:541,63,1,0
BRDA:541,64,0,0
BRDA:541,64,1,0
BRDA:545,65,0,1
BRDA:545,65,1,0
BRDA:574,66,0,0
BRDA:574,66,1,1
BRDA:574,67,0,1
BRDA:574,67,1,0
BRDA:574,67,2,0
BRDA:575,68,0,0
BRDA:575,68,1,0
BRDA:589,69,0,2
BRDA:589,69,1,1
BRDA:605,70,0,4
BRDA:605,70,1,0
BRDA:708,71,0,4
BRDA:708,71,1,20
BRDA:720,72,0,3
BRDA:720,72,1,0
BRDA:734,73,0,5
BRDA:734,73,1,0
BRDA:745,74,0,21
BRDA:745,74,1,3
BRDA:788,75,0,4
BRDA:788,75,1,20
BRDA:801,76,0,1
BRDA:801,76,1,23
BRDA:820,77,0,15
BRDA:820,77,1,9
BRDA:826,78,0,2
BRDA:826,78,1,22
BRF:171
BRH:126
end_of_record
TN:
SF:src/views/main/cacheData.js
FN:60,(anonymous_0)
FN:62,(anonymous_1)
FN:76,(anonymous_2)
FN:82,(anonymous_3)
FN:89,(anonymous_4)
FN:92,(anonymous_5)
FN:104,(anonymous_6)
FN:106,(anonymous_7)
FN:117,(anonymous_8)
FN:145,(anonymous_9)
FN:155,(anonymous_10)
FN:163,(anonymous_11)
FN:170,(anonymous_12)
FN:184,(anonymous_13)
FN:191,(anonymous_14)
FN:196,(anonymous_15)
FN:202,(anonymous_16)
FN:216,(anonymous_17)
FN:225,(anonymous_18)
FN:228,(anonymous_19)
FN:236,(anonymous_20)
FN:249,(anonymous_21)
FN:259,(anonymous_22)
FN:265,(anonymous_23)
FN:278,(anonymous_24)
FN:281,(anonymous_25)
FN:285,(anonymous_26)
FN:290,(anonymous_27)
FNF:28
FNH:22
FNDA:2,(anonymous_0)
FNDA:3,(anonymous_1)
FNDA:1,(anonymous_2)
FNDA:3,(anonymous_3)
FNDA:3,(anonymous_4)
FNDA:0,(anonymous_5)
FNDA:3,(anonymous_6)
FNDA:0,(anonymous_7)
FNDA:9,(anonymous_8)
FNDA:1,(anonymous_9)
FNDA:1,(anonymous_10)
FNDA:1,(anonymous_11)
FNDA:1,(anonymous_12)
FNDA:2,(anonymous_13)
FNDA:1,(anonymous_14)
FNDA:2,(anonymous_15)
FNDA:1,(anonymous_16)
FNDA:2,(anonymous_17)
FNDA:2,(anonymous_18)
FNDA:0,(anonymous_19)
FNDA:2,(anonymous_20)
FNDA:0,(anonymous_21)
FNDA:0,(anonymous_22)
FNDA:0,(anonymous_23)
FNDA:1,(anonymous_24)
FNDA:1,(anonymous_25)
FNDA:1,(anonymous_26)
FNDA:10,(anonymous_27)
DA:52,2
DA:53,2
DA:57,2
DA:58,2
DA:60,2
DA:61,2
DA:63,3
DA:64,3
DA:69,3
DA:71,2
DA:76,2
DA:77,1
DA:83,3
DA:84,3
DA:85,2
DA:90,3
DA:91,3
DA:92,2
DA:93,0
DA:96,2
DA:104,3
DA:106,3
DA:109,3
DA:110,3
DA:111,0
DA:114,3
DA:117,3
DA:118,9
DA:119,9
DA:121,9
DA:123,4
DA:126,5
DA:130,9
DA:131,4
DA:137,5
DA:142,9
DA:145,3
DA:146,1
DA:147,1
DA:148,1
DA:150,1
DA:153,1
DA:158,1
DA:162,1
DA:163,1
DA:164,1
DA:165,1
DA:173,1
DA:178,1
DA:184,3
DA:185,2
DA:187,2
DA:189,2
DA:191,1
DA:192,1
DA:196,1
DA:197,2
DA:198,1
DA:202,1
DA:203,1
DA:207,2
DA:211,0
DA:212,0
DA:216,3
DA:217,2
DA:220,2
DA:223,2
DA:225,2
DA:226,2
DA:227,2
DA:228,2
DA:229,0
DA:233,2
DA:237,2
DA:238,2
DA:249,2
DA:252,0
DA:253,0
DA:258,2
DA:259,0
DA:260,0
DA:261,0
DA:268,0
DA:278,3
DA:280,1
DA:281,1
DA:282,1
DA:285,1
DA:286,1
DA:291,10
DA:293,10
DA:300,10
LF:92
LH:81
BRDA:52,0,0,2
BRDA:52,0,1,2
BRDA:54,1,0,2
BRDA:54,1,1,2
BRDA:69,2,0,2
BRDA:69,2,1,1
BRDA:84,3,0,2
BRDA:84,3,1,1
BRDA:91,4,0,2
BRDA:91,4,1,1
BRDA:110,5,0,0
BRDA:110,5,1,3
BRDA:121,6,0,4
BRDA:121,6,1,5
BRDA:130,7,0,4
BRDA:130,7,1,5
BRDA:147,8,0,0
BRDA:147,9,0,1
BRDA:147,9,1,0
BRDA:148,10,0,1
BRDA:148,10,1,0
BRDA:162,11,0,1
BRDA:162,11,1,0
BRDA:162,12,0,1
BRDA:162,12,1,1
BRDA:164,13,0,1
BRDA:164,13,1,0
BRDA:187,14,0,2
BRDA:187,14,1,0
BRDA:187,14,2,0
BRDA:189,15,0,1
BRDA:189,15,1,1
BRDA:197,16,0,1
BRDA:197,16,1,1
BRDA:252,17,0,0
BRDA:252,17,1,0
BRDA:252,18,0,0
BRDA:252,18,1,0
BRDA:258,19,0,0
BRDA:258,19,1,2
BRDA:258,20,0,2
BRDA:258,20,1,0
BRDA:260,21,0,0
BRDA:260,21,1,0
BRF:44
BRH:28
end_of_record
TN:
SF:src/views/main/index.js
FN:15,(anonymous_0)
FN:34,(anonymous_1)
FN:42,(anonymous_2)
FN:50,(anonymous_3)
FN:61,(anonymous_4)
FN:66,(anonymous_5)
FN:70,(anonymous_6)
FN:110,(anonymous_7)
FNF:8
FNH:4
FNDA:2,(anonymous_0)
FNDA:2,(anonymous_1)
FNDA:2,(anonymous_2)
FNDA:0,(anonymous_3)
FNDA:0,(anonymous_4)
FNDA:0,(anonymous_5)
FNDA:5,(anonymous_6)
FNDA:0,(anonymous_7)
DA:16,2
DA:18,2
DA:27,2
DA:29,2
DA:30,2
DA:34,2
DA:35,2
DA:36,2
DA:42,2
DA:43,2
DA:44,2
DA:50,2
DA:51,0
DA:52,0
DA:53,0
DA:61,2
DA:62,0
DA:66,2
DA:67,0
DA:78,5
DA:80,5
DA:82,5
DA:87,5
DA:92,5
DA:94,5
DA:95,5
DA:97,5
DA:106,5
DA:107,1
DA:108,1
DA:109,1
DA:110,0
DA:113,1
DA:117,5
LF:34
LH:28
BRDA:52,0,0,0
BRDA:52,0,1,0
BRDA:94,1,0,5
BRDA:94,1,1,0
BRDA:106,2,0,1
BRDA:106,2,1,4
BRDA:107,3,0,1
BRDA:107,3,1,1
BRDA:108,4,0,1
BRDA:108,4,1,1
BRF:10
BRH:7
end_of_record
